[1.097s] Invoking command in '/home/matthewbanks/turtlebot3_ws/src/gesture_cont': PYTHONPATH=/home/matthewbanks/turtlebot3_ws/build/gesture_cont/prefix_override:/home/matthewbanks/turtlebot3_ws/install/gesture_cont/lib/python3.10/site-packages:${PYTHONPATH} /usr/bin/python3 setup.py egg_info --egg-base ../../build/gesture_cont build --build-base /home/matthewbanks/turtlebot3_ws/build/gesture_cont/build install --record /home/matthewbanks/turtlebot3_ws/build/gesture_cont/install.log --single-version-externally-managed
[1.405s] running egg_info
[1.408s] writing ../../build/gesture_cont/gesture_cont.egg-info/PKG-INFO
[1.408s] writing dependency_links to ../../build/gesture_cont/gesture_cont.egg-info/dependency_links.txt
[1.408s] writing entry points to ../../build/gesture_cont/gesture_cont.egg-info/entry_points.txt
[1.408s] writing requirements to ../../build/gesture_cont/gesture_cont.egg-info/requires.txt
[1.408s] writing top-level names to ../../build/gesture_cont/gesture_cont.egg-info/top_level.txt
[1.410s] reading manifest file '../../build/gesture_cont/gesture_cont.egg-info/SOURCES.txt'
[1.410s] writing manifest file '../../build/gesture_cont/gesture_cont.egg-info/SOURCES.txt'
[1.410s] running build
[1.410s] running build_py
[1.410s] copying gesture_cont/gesture_control.py -> /home/matthewbanks/turtlebot3_ws/build/gesture_cont/build/lib/gesture_cont
[1.410s] running install
[1.410s] running install_lib
[1.410s] copying /home/matthewbanks/turtlebot3_ws/build/gesture_cont/build/lib/gesture_cont/gesture_control.py -> /home/matthewbanks/turtlebot3_ws/install/gesture_cont/lib/python3.10/site-packages/gesture_cont
[1.410s] byte-compiling /home/matthewbanks/turtlebot3_ws/install/gesture_cont/lib/python3.10/site-packages/gesture_cont/gesture_control.py to gesture_control.cpython-310.pyc
[1.411s] running install_data
[1.412s] running install_egg_info
[1.414s] removing '/home/matthewbanks/turtlebot3_ws/install/gesture_cont/lib/python3.10/site-packages/gesture_cont-0.0.0-py3.10.egg-info' (and everything under it)
[1.415s] Copying ../../build/gesture_cont/gesture_cont.egg-info to /home/matthewbanks/turtlebot3_ws/install/gesture_cont/lib/python3.10/site-packages/gesture_cont-0.0.0-py3.10.egg-info
[1.415s] running install_scripts
[1.440s] Installing gest_node script to /home/matthewbanks/turtlebot3_ws/install/gesture_cont/lib/gesture_cont
[1.441s] writing list of installed files to '/home/matthewbanks/turtlebot3_ws/build/gesture_cont/install.log'
[1.493s] Invoked command in '/home/matthewbanks/turtlebot3_ws/src/gesture_cont' returned '0': PYTHONPATH=/home/matthewbanks/turtlebot3_ws/build/gesture_cont/prefix_override:/home/matthewbanks/turtlebot3_ws/install/gesture_cont/lib/python3.10/site-packages:${PYTHONPATH} /usr/bin/python3 setup.py egg_info --egg-base ../../build/gesture_cont build --build-base /home/matthewbanks/turtlebot3_ws/build/gesture_cont/build install --record /home/matthewbanks/turtlebot3_ws/build/gesture_cont/install.log --single-version-externally-managed
