[0.724s] Invoking command in '/home/ivan/ros2_ws/src/my_robot_controller': PYTHONPATH=/home/ivan/ros2_ws/build/my_robot_controller/prefix_override:/home/ivan/ros2_ws/install/my_robot_controller/lib/python3.10/site-packages:${PYTHONPATH} /usr/bin/python3 -W ignore:setup.py install is deprecated setup.py egg_info --egg-base ../../build/my_robot_controller build --build-base /home/ivan/ros2_ws/build/my_robot_controller/build install --record /home/ivan/ros2_ws/build/my_robot_controller/install.log --single-version-externally-managed install_data
[0.997s] running egg_info
[0.998s] writing ../../build/my_robot_controller/my_robot_controller.egg-info/PKG-INFO
[0.998s] writing dependency_links to ../../build/my_robot_controller/my_robot_controller.egg-info/dependency_links.txt
[0.999s] writing entry points to ../../build/my_robot_controller/my_robot_controller.egg-info/entry_points.txt
[1.000s] writing requirements to ../../build/my_robot_controller/my_robot_controller.egg-info/requires.txt
[1.001s] writing top-level names to ../../build/my_robot_controller/my_robot_controller.egg-info/top_level.txt
[1.005s] reading manifest file '../../build/my_robot_controller/my_robot_controller.egg-info/SOURCES.txt'
[1.005s] writing manifest file '../../build/my_robot_controller/my_robot_controller.egg-info/SOURCES.txt'
[1.006s] running build
[1.006s] running build_py
[1.006s] running install
[1.006s] running install_lib
[1.007s] running install_data
[1.007s] running install_egg_info
[1.009s] removing '/home/ivan/ros2_ws/install/my_robot_controller/lib/python3.10/site-packages/my_robot_controller-0.0.0-py3.10.egg-info' (and everything under it)
[1.009s] Copying ../../build/my_robot_controller/my_robot_controller.egg-info to /home/ivan/ros2_ws/install/my_robot_controller/lib/python3.10/site-packages/my_robot_controller-0.0.0-py3.10.egg-info
[1.010s] running install_scripts
[1.031s] writing list of installed files to '/home/ivan/ros2_ws/build/my_robot_controller/install.log'
[1.057s] Invoked command in '/home/ivan/ros2_ws/src/my_robot_controller' returned '0': PYTHONPATH=/home/ivan/ros2_ws/build/my_robot_controller/prefix_override:/home/ivan/ros2_ws/install/my_robot_controller/lib/python3.10/site-packages:${PYTHONPATH} /usr/bin/python3 -W ignore:setup.py install is deprecated setup.py egg_info --egg-base ../../build/my_robot_controller build --build-base /home/ivan/ros2_ws/build/my_robot_controller/build install --record /home/ivan/ros2_ws/build/my_robot_controller/install.log --single-version-externally-managed install_data
