[0.378s] DEBUG:colcon:Command line arguments: ['/usr/bin/colcon', 'build']
[0.378s] DEBUG:colcon:Parsed command line arguments: Namespace(log_base=None, log_level=None, verb_name='build', build_base='build', install_base='install', merge_install=False, symlink_install=False, test_result_base=None, continue_on_error=False, executor='parallel', parallel_workers=4, event_handlers=None, ignore_user_meta=False, metas=['./colcon.meta'], base_paths=['.'], packages_ignore=None, packages_ignore_regex=None, paths=None, packages_up_to=None, packages_up_to_regex=None, packages_above=None, packages_above_and_dependencies=None, packages_above_depth=None, packages_select_by_dep=None, packages_skip_by_dep=None, packages_skip_up_to=None, packages_select_build_failed=False, packages_skip_build_finished=False, packages_select_test_failures=False, packages_skip_test_passed=False, packages_select=None, packages_skip=None, packages_select_regex=None, packages_skip_regex=None, packages_start=None, packages_end=None, allow_overriding=[], cmake_args=None, cmake_target=None, cmake_target_skip_unavailable=False, cmake_clean_cache=False, cmake_clean_first=False, cmake_force_configure=False, ament_cmake_args=None, catkin_cmake_args=None, catkin_skip_building_tests=False, verb_parser=<colcon_defaults.argument_parser.defaults.DefaultArgumentsDecorator object at 0x7fd2ceaeab60>, verb_extension=<colcon_core.verb.build.BuildVerb object at 0x7fd2ceaea5f0>, main=<bound method BuildVerb.main of <colcon_core.verb.build.BuildVerb object at 0x7fd2ceaea5f0>>)
[0.400s] Level 1:colcon.colcon_core.package_discovery:discover_packages(colcon_meta) check parameters
[0.401s] Level 1:colcon.colcon_core.package_discovery:discover_packages(recursive) check parameters
[0.401s] Level 1:colcon.colcon_core.package_discovery:discover_packages(ignore) check parameters
[0.401s] Level 1:colcon.colcon_core.package_discovery:discover_packages(path) check parameters
[0.401s] Level 1:colcon.colcon_core.package_discovery:discover_packages(colcon_meta) discover
[0.401s] Level 1:colcon.colcon_core.package_discovery:discover_packages(recursive) discover
[0.401s] INFO:colcon.colcon_core.package_discovery:Crawling recursively for packages in '/home/matthewbanks/turtlebot3_ws'
[0.401s] Level 1:colcon.colcon_core.package_identification:_identify(.) by extensions ['ignore', 'ignore_ament_install']
[0.401s] Level 1:colcon.colcon_core.package_identification:_identify(.) by extension 'ignore'
[0.401s] Level 1:colcon.colcon_core.package_identification:_identify(.) by extension 'ignore_ament_install'
[0.401s] Level 1:colcon.colcon_core.package_identification:_identify(.) by extensions ['colcon_pkg']
[0.401s] Level 1:colcon.colcon_core.package_identification:_identify(.) by extension 'colcon_pkg'
[0.401s] Level 1:colcon.colcon_core.package_identification:_identify(.) by extensions ['colcon_meta']
[0.401s] Level 1:colcon.colcon_core.package_identification:_identify(.) by extension 'colcon_meta'
[0.401s] Level 1:colcon.colcon_core.package_identification:_identify(.) by extensions ['ros']
[0.401s] Level 1:colcon.colcon_core.package_identification:_identify(.) by extension 'ros'
[0.413s] Level 1:colcon.colcon_core.package_identification:_identify(.) by extensions ['cmake', 'python']
[0.413s] Level 1:colcon.colcon_core.package_identification:_identify(.) by extension 'cmake'
[0.413s] Level 1:colcon.colcon_core.package_identification:_identify(.) by extension 'python'
[0.413s] Level 1:colcon.colcon_core.package_identification:_identify(.) by extensions ['python_setup_py']
[0.413s] Level 1:colcon.colcon_core.package_identification:_identify(.) by extension 'python_setup_py'
[0.413s] Level 1:colcon.colcon_core.package_identification:_identify(build) by extensions ['ignore', 'ignore_ament_install']
[0.413s] Level 1:colcon.colcon_core.package_identification:_identify(build) by extension 'ignore'
[0.413s] Level 1:colcon.colcon_core.package_identification:_identify(build) ignored
[0.413s] Level 1:colcon.colcon_core.package_identification:_identify(install) by extensions ['ignore', 'ignore_ament_install']
[0.413s] Level 1:colcon.colcon_core.package_identification:_identify(install) by extension 'ignore'
[0.413s] Level 1:colcon.colcon_core.package_identification:_identify(install) ignored
[0.413s] Level 1:colcon.colcon_core.package_identification:_identify(log) by extensions ['ignore', 'ignore_ament_install']
[0.414s] Level 1:colcon.colcon_core.package_identification:_identify(log) by extension 'ignore'
[0.414s] Level 1:colcon.colcon_core.package_identification:_identify(log) ignored
[0.414s] Level 1:colcon.colcon_core.package_identification:_identify(src) by extensions ['ignore', 'ignore_ament_install']
[0.414s] Level 1:colcon.colcon_core.package_identification:_identify(src) by extension 'ignore'
[0.414s] Level 1:colcon.colcon_core.package_identification:_identify(src) by extension 'ignore_ament_install'
[0.414s] Level 1:colcon.colcon_core.package_identification:_identify(src) by extensions ['colcon_pkg']
[0.414s] Level 1:colcon.colcon_core.package_identification:_identify(src) by extension 'colcon_pkg'
[0.414s] Level 1:colcon.colcon_core.package_identification:_identify(src) by extensions ['colcon_meta']
[0.414s] Level 1:colcon.colcon_core.package_identification:_identify(src) by extension 'colcon_meta'
[0.414s] Level 1:colcon.colcon_core.package_identification:_identify(src) by extensions ['ros']
[0.414s] Level 1:colcon.colcon_core.package_identification:_identify(src) by extension 'ros'
[0.414s] Level 1:colcon.colcon_core.package_identification:_identify(src) by extensions ['cmake', 'python']
[0.414s] Level 1:colcon.colcon_core.package_identification:_identify(src) by extension 'cmake'
[0.414s] Level 1:colcon.colcon_core.package_identification:_identify(src) by extension 'python'
[0.414s] Level 1:colcon.colcon_core.package_identification:_identify(src) by extensions ['python_setup_py']
[0.414s] Level 1:colcon.colcon_core.package_identification:_identify(src) by extension 'python_setup_py'
[0.414s] Level 1:colcon.colcon_core.package_identification:_identify(src/build) by extensions ['ignore', 'ignore_ament_install']
[0.414s] Level 1:colcon.colcon_core.package_identification:_identify(src/build) by extension 'ignore'
[0.414s] Level 1:colcon.colcon_core.package_identification:_identify(src/build) ignored
[0.414s] Level 1:colcon.colcon_core.package_identification:_identify(src/gesture_cont) by extensions ['ignore', 'ignore_ament_install']
[0.415s] Level 1:colcon.colcon_core.package_identification:_identify(src/gesture_cont) by extension 'ignore'
[0.415s] Level 1:colcon.colcon_core.package_identification:_identify(src/gesture_cont) by extension 'ignore_ament_install'
[0.415s] Level 1:colcon.colcon_core.package_identification:_identify(src/gesture_cont) by extensions ['colcon_pkg']
[0.415s] Level 1:colcon.colcon_core.package_identification:_identify(src/gesture_cont) by extension 'colcon_pkg'
[0.415s] Level 1:colcon.colcon_core.package_identification:_identify(src/gesture_cont) by extensions ['colcon_meta']
[0.415s] Level 1:colcon.colcon_core.package_identification:_identify(src/gesture_cont) by extension 'colcon_meta'
[0.415s] Level 1:colcon.colcon_core.package_identification:_identify(src/gesture_cont) by extensions ['ros']
[0.415s] Level 1:colcon.colcon_core.package_identification:_identify(src/gesture_cont) by extension 'ros'
[0.417s] DEBUG:colcon.colcon_core.package_identification:Package 'src/gesture_cont' with type 'ros.ament_python' and name 'gesture_cont'
[0.417s] Level 1:colcon.colcon_core.package_identification:_identify(src/install) by extensions ['ignore', 'ignore_ament_install']
[0.417s] Level 1:colcon.colcon_core.package_identification:_identify(src/install) by extension 'ignore'
[0.417s] Level 1:colcon.colcon_core.package_identification:_identify(src/install) ignored
[0.417s] Level 1:colcon.colcon_core.package_identification:_identify(src/log) by extensions ['ignore', 'ignore_ament_install']
[0.417s] Level 1:colcon.colcon_core.package_identification:_identify(src/log) by extension 'ignore'
[0.418s] Level 1:colcon.colcon_core.package_identification:_identify(src/log) ignored
[0.418s] Level 1:colcon.colcon_core.package_identification:_identify(src/turtlebot3_simulations) by extensions ['ignore', 'ignore_ament_install']
[0.418s] Level 1:colcon.colcon_core.package_identification:_identify(src/turtlebot3_simulations) by extension 'ignore'
[0.418s] Level 1:colcon.colcon_core.package_identification:_identify(src/turtlebot3_simulations) by extension 'ignore_ament_install'
[0.418s] Level 1:colcon.colcon_core.package_identification:_identify(src/turtlebot3_simulations) by extensions ['colcon_pkg']
[0.418s] Level 1:colcon.colcon_core.package_identification:_identify(src/turtlebot3_simulations) by extension 'colcon_pkg'
[0.418s] Level 1:colcon.colcon_core.package_identification:_identify(src/turtlebot3_simulations) by extensions ['colcon_meta']
[0.418s] Level 1:colcon.colcon_core.package_identification:_identify(src/turtlebot3_simulations) by extension 'colcon_meta'
[0.418s] Level 1:colcon.colcon_core.package_identification:_identify(src/turtlebot3_simulations) by extensions ['ros']
[0.418s] Level 1:colcon.colcon_core.package_identification:_identify(src/turtlebot3_simulations) by extension 'ros'
[0.418s] Level 1:colcon.colcon_core.package_identification:_identify(src/turtlebot3_simulations) by extensions ['cmake', 'python']
[0.418s] Level 1:colcon.colcon_core.package_identification:_identify(src/turtlebot3_simulations) by extension 'cmake'
[0.418s] Level 1:colcon.colcon_core.package_identification:_identify(src/turtlebot3_simulations) by extension 'python'
[0.418s] Level 1:colcon.colcon_core.package_identification:_identify(src/turtlebot3_simulations) by extensions ['python_setup_py']
[0.418s] Level 1:colcon.colcon_core.package_identification:_identify(src/turtlebot3_simulations) by extension 'python_setup_py'
[0.418s] Level 1:colcon.colcon_core.package_identification:_identify(src/turtlebot3_simulations/turtlebot3_fake_node) by extensions ['ignore', 'ignore_ament_install']
[0.418s] Level 1:colcon.colcon_core.package_identification:_identify(src/turtlebot3_simulations/turtlebot3_fake_node) by extension 'ignore'
[0.418s] Level 1:colcon.colcon_core.package_identification:_identify(src/turtlebot3_simulations/turtlebot3_fake_node) by extension 'ignore_ament_install'
[0.418s] Level 1:colcon.colcon_core.package_identification:_identify(src/turtlebot3_simulations/turtlebot3_fake_node) by extensions ['colcon_pkg']
[0.418s] Level 1:colcon.colcon_core.package_identification:_identify(src/turtlebot3_simulations/turtlebot3_fake_node) by extension 'colcon_pkg'
[0.418s] Level 1:colcon.colcon_core.package_identification:_identify(src/turtlebot3_simulations/turtlebot3_fake_node) by extensions ['colcon_meta']
[0.419s] Level 1:colcon.colcon_core.package_identification:_identify(src/turtlebot3_simulations/turtlebot3_fake_node) by extension 'colcon_meta'
[0.419s] Level 1:colcon.colcon_core.package_identification:_identify(src/turtlebot3_simulations/turtlebot3_fake_node) by extensions ['ros']
[0.419s] Level 1:colcon.colcon_core.package_identification:_identify(src/turtlebot3_simulations/turtlebot3_fake_node) by extension 'ros'
[0.420s] DEBUG:colcon.colcon_core.package_identification:Package 'src/turtlebot3_simulations/turtlebot3_fake_node' with type 'ros.ament_cmake' and name 'turtlebot3_fake_node'
[0.420s] Level 1:colcon.colcon_core.package_identification:_identify(src/turtlebot3_simulations/turtlebot3_gazebo) by extensions ['ignore', 'ignore_ament_install']
[0.420s] Level 1:colcon.colcon_core.package_identification:_identify(src/turtlebot3_simulations/turtlebot3_gazebo) by extension 'ignore'
[0.420s] Level 1:colcon.colcon_core.package_identification:_identify(src/turtlebot3_simulations/turtlebot3_gazebo) by extension 'ignore_ament_install'
[0.420s] Level 1:colcon.colcon_core.package_identification:_identify(src/turtlebot3_simulations/turtlebot3_gazebo) by extensions ['colcon_pkg']
[0.420s] Level 1:colcon.colcon_core.package_identification:_identify(src/turtlebot3_simulations/turtlebot3_gazebo) by extension 'colcon_pkg'
[0.420s] Level 1:colcon.colcon_core.package_identification:_identify(src/turtlebot3_simulations/turtlebot3_gazebo) by extensions ['colcon_meta']
[0.420s] Level 1:colcon.colcon_core.package_identification:_identify(src/turtlebot3_simulations/turtlebot3_gazebo) by extension 'colcon_meta'
[0.420s] Level 1:colcon.colcon_core.package_identification:_identify(src/turtlebot3_simulations/turtlebot3_gazebo) by extensions ['ros']
[0.420s] Level 1:colcon.colcon_core.package_identification:_identify(src/turtlebot3_simulations/turtlebot3_gazebo) by extension 'ros'
[0.421s] DEBUG:colcon.colcon_core.package_identification:Package 'src/turtlebot3_simulations/turtlebot3_gazebo' with type 'ros.ament_cmake' and name 'turtlebot3_gazebo'
[0.422s] Level 1:colcon.colcon_core.package_identification:_identify(src/turtlebot3_simulations/turtlebot3_simulations) by extensions ['ignore', 'ignore_ament_install']
[0.422s] Level 1:colcon.colcon_core.package_identification:_identify(src/turtlebot3_simulations/turtlebot3_simulations) by extension 'ignore'
[0.422s] Level 1:colcon.colcon_core.package_identification:_identify(src/turtlebot3_simulations/turtlebot3_simulations) by extension 'ignore_ament_install'
[0.422s] Level 1:colcon.colcon_core.package_identification:_identify(src/turtlebot3_simulations/turtlebot3_simulations) by extensions ['colcon_pkg']
[0.422s] Level 1:colcon.colcon_core.package_identification:_identify(src/turtlebot3_simulations/turtlebot3_simulations) by extension 'colcon_pkg'
[0.422s] Level 1:colcon.colcon_core.package_identification:_identify(src/turtlebot3_simulations/turtlebot3_simulations) by extensions ['colcon_meta']
[0.422s] Level 1:colcon.colcon_core.package_identification:_identify(src/turtlebot3_simulations/turtlebot3_simulations) by extension 'colcon_meta'
[0.422s] Level 1:colcon.colcon_core.package_identification:_identify(src/turtlebot3_simulations/turtlebot3_simulations) by extensions ['ros']
[0.422s] Level 1:colcon.colcon_core.package_identification:_identify(src/turtlebot3_simulations/turtlebot3_simulations) by extension 'ros'
[0.422s] DEBUG:colcon.colcon_core.package_identification:Package 'src/turtlebot3_simulations/turtlebot3_simulations' with type 'ros.ament_cmake' and name 'turtlebot3_simulations'
[0.422s] Level 1:colcon.colcon_core.package_discovery:discover_packages(recursive) using defaults
[0.423s] Level 1:colcon.colcon_core.package_discovery:discover_packages(ignore) discover
[0.423s] Level 1:colcon.colcon_core.package_discovery:discover_packages(ignore) using defaults
[0.423s] Level 1:colcon.colcon_core.package_discovery:discover_packages(path) discover
[0.423s] Level 1:colcon.colcon_core.package_discovery:discover_packages(path) using defaults
[0.446s] Level 1:colcon.colcon_core.package_discovery:discover_packages(prefix_path) check parameters
[0.446s] Level 1:colcon.colcon_core.package_discovery:discover_packages(prefix_path) discover
[0.449s] DEBUG:colcon.colcon_installed_package_information.package_discovery:Found 4 installed packages in /home/matthewbanks/turtlebot3_ws/install
[0.451s] DEBUG:colcon.colcon_installed_package_information.package_discovery:Found 376 installed packages in /opt/ros/humble
[0.455s] Level 1:colcon.colcon_core.package_discovery:discover_packages(prefix_path) using defaults
[0.531s] Level 5:colcon.colcon_core.verb:set package 'gesture_cont' build argument 'cmake_args' from command line to 'None'
[0.531s] Level 5:colcon.colcon_core.verb:set package 'gesture_cont' build argument 'cmake_target' from command line to 'None'
[0.531s] Level 5:colcon.colcon_core.verb:set package 'gesture_cont' build argument 'cmake_target_skip_unavailable' from command line to 'False'
[0.531s] Level 5:colcon.colcon_core.verb:set package 'gesture_cont' build argument 'cmake_clean_cache' from command line to 'False'
[0.531s] Level 5:colcon.colcon_core.verb:set package 'gesture_cont' build argument 'cmake_clean_first' from command line to 'False'
[0.531s] Level 5:colcon.colcon_core.verb:set package 'gesture_cont' build argument 'cmake_force_configure' from command line to 'False'
[0.531s] Level 5:colcon.colcon_core.verb:set package 'gesture_cont' build argument 'ament_cmake_args' from command line to 'None'
[0.531s] Level 5:colcon.colcon_core.verb:set package 'gesture_cont' build argument 'catkin_cmake_args' from command line to 'None'
[0.531s] Level 5:colcon.colcon_core.verb:set package 'gesture_cont' build argument 'catkin_skip_building_tests' from command line to 'False'
[0.531s] DEBUG:colcon.colcon_core.verb:Building package 'gesture_cont' with the following arguments: {'ament_cmake_args': None, 'build_base': '/home/matthewbanks/turtlebot3_ws/build/gesture_cont', 'catkin_cmake_args': None, 'catkin_skip_building_tests': False, 'cmake_args': None, 'cmake_clean_cache': False, 'cmake_clean_first': False, 'cmake_force_configure': False, 'cmake_target': None, 'cmake_target_skip_unavailable': False, 'install_base': '/home/matthewbanks/turtlebot3_ws/install/gesture_cont', 'merge_install': False, 'path': '/home/matthewbanks/turtlebot3_ws/src/gesture_cont', 'symlink_install': False, 'test_result_base': None}
[0.532s] Level 5:colcon.colcon_core.verb:set package 'turtlebot3_fake_node' build argument 'cmake_args' from command line to 'None'
[0.533s] Level 5:colcon.colcon_core.verb:set package 'turtlebot3_fake_node' build argument 'cmake_target' from command line to 'None'
[0.533s] Level 5:colcon.colcon_core.verb:set package 'turtlebot3_fake_node' build argument 'cmake_target_skip_unavailable' from command line to 'False'
[0.533s] Level 5:colcon.colcon_core.verb:set package 'turtlebot3_fake_node' build argument 'cmake_clean_cache' from command line to 'False'
[0.533s] Level 5:colcon.colcon_core.verb:set package 'turtlebot3_fake_node' build argument 'cmake_clean_first' from command line to 'False'
[0.533s] Level 5:colcon.colcon_core.verb:set package 'turtlebot3_fake_node' build argument 'cmake_force_configure' from command line to 'False'
[0.533s] Level 5:colcon.colcon_core.verb:set package 'turtlebot3_fake_node' build argument 'ament_cmake_args' from command line to 'None'
[0.533s] Level 5:colcon.colcon_core.verb:set package 'turtlebot3_fake_node' build argument 'catkin_cmake_args' from command line to 'None'
[0.533s] Level 5:colcon.colcon_core.verb:set package 'turtlebot3_fake_node' build argument 'catkin_skip_building_tests' from command line to 'False'
[0.533s] DEBUG:colcon.colcon_core.verb:Building package 'turtlebot3_fake_node' with the following arguments: {'ament_cmake_args': None, 'build_base': '/home/matthewbanks/turtlebot3_ws/build/turtlebot3_fake_node', 'catkin_cmake_args': None, 'catkin_skip_building_tests': False, 'cmake_args': None, 'cmake_clean_cache': False, 'cmake_clean_first': False, 'cmake_force_configure': False, 'cmake_target': None, 'cmake_target_skip_unavailable': False, 'install_base': '/home/matthewbanks/turtlebot3_ws/install/turtlebot3_fake_node', 'merge_install': False, 'path': '/home/matthewbanks/turtlebot3_ws/src/turtlebot3_simulations/turtlebot3_fake_node', 'symlink_install': False, 'test_result_base': None}
[0.534s] Level 5:colcon.colcon_core.verb:set package 'turtlebot3_gazebo' build argument 'cmake_args' from command line to 'None'
[0.534s] Level 5:colcon.colcon_core.verb:set package 'turtlebot3_gazebo' build argument 'cmake_target' from command line to 'None'
[0.534s] Level 5:colcon.colcon_core.verb:set package 'turtlebot3_gazebo' build argument 'cmake_target_skip_unavailable' from command line to 'False'
[0.534s] Level 5:colcon.colcon_core.verb:set package 'turtlebot3_gazebo' build argument 'cmake_clean_cache' from command line to 'False'
[0.534s] Level 5:colcon.colcon_core.verb:set package 'turtlebot3_gazebo' build argument 'cmake_clean_first' from command line to 'False'
[0.534s] Level 5:colcon.colcon_core.verb:set package 'turtlebot3_gazebo' build argument 'cmake_force_configure' from command line to 'False'
[0.534s] Level 5:colcon.colcon_core.verb:set package 'turtlebot3_gazebo' build argument 'ament_cmake_args' from command line to 'None'
[0.534s] Level 5:colcon.colcon_core.verb:set package 'turtlebot3_gazebo' build argument 'catkin_cmake_args' from command line to 'None'
[0.534s] Level 5:colcon.colcon_core.verb:set package 'turtlebot3_gazebo' build argument 'catkin_skip_building_tests' from command line to 'False'
[0.534s] DEBUG:colcon.colcon_core.verb:Building package 'turtlebot3_gazebo' with the following arguments: {'ament_cmake_args': None, 'build_base': '/home/matthewbanks/turtlebot3_ws/build/turtlebot3_gazebo', 'catkin_cmake_args': None, 'catkin_skip_building_tests': False, 'cmake_args': None, 'cmake_clean_cache': False, 'cmake_clean_first': False, 'cmake_force_configure': False, 'cmake_target': None, 'cmake_target_skip_unavailable': False, 'install_base': '/home/matthewbanks/turtlebot3_ws/install/turtlebot3_gazebo', 'merge_install': False, 'path': '/home/matthewbanks/turtlebot3_ws/src/turtlebot3_simulations/turtlebot3_gazebo', 'symlink_install': False, 'test_result_base': None}
[0.535s] Level 5:colcon.colcon_core.verb:set package 'turtlebot3_simulations' build argument 'cmake_args' from command line to 'None'
[0.535s] Level 5:colcon.colcon_core.verb:set package 'turtlebot3_simulations' build argument 'cmake_target' from command line to 'None'
[0.535s] Level 5:colcon.colcon_core.verb:set package 'turtlebot3_simulations' build argument 'cmake_target_skip_unavailable' from command line to 'False'
[0.535s] Level 5:colcon.colcon_core.verb:set package 'turtlebot3_simulations' build argument 'cmake_clean_cache' from command line to 'False'
[0.535s] Level 5:colcon.colcon_core.verb:set package 'turtlebot3_simulations' build argument 'cmake_clean_first' from command line to 'False'
[0.535s] Level 5:colcon.colcon_core.verb:set package 'turtlebot3_simulations' build argument 'cmake_force_configure' from command line to 'False'
[0.535s] Level 5:colcon.colcon_core.verb:set package 'turtlebot3_simulations' build argument 'ament_cmake_args' from command line to 'None'
[0.535s] Level 5:colcon.colcon_core.verb:set package 'turtlebot3_simulations' build argument 'catkin_cmake_args' from command line to 'None'
[0.535s] Level 5:colcon.colcon_core.verb:set package 'turtlebot3_simulations' build argument 'catkin_skip_building_tests' from command line to 'False'
[0.535s] DEBUG:colcon.colcon_core.verb:Building package 'turtlebot3_simulations' with the following arguments: {'ament_cmake_args': None, 'build_base': '/home/matthewbanks/turtlebot3_ws/build/turtlebot3_simulations', 'catkin_cmake_args': None, 'catkin_skip_building_tests': False, 'cmake_args': None, 'cmake_clean_cache': False, 'cmake_clean_first': False, 'cmake_force_configure': False, 'cmake_target': None, 'cmake_target_skip_unavailable': False, 'install_base': '/home/matthewbanks/turtlebot3_ws/install/turtlebot3_simulations', 'merge_install': False, 'path': '/home/matthewbanks/turtlebot3_ws/src/turtlebot3_simulations/turtlebot3_simulations', 'symlink_install': False, 'test_result_base': None}
[0.536s] INFO:colcon.colcon_core.executor:Executing jobs using 'parallel' executor
[0.540s] DEBUG:colcon.colcon_parallel_executor.executor.parallel:run_until_complete
[0.540s] INFO:colcon.colcon_ros.task.ament_cmake.build:Building ROS package in '/home/matthewbanks/turtlebot3_ws/src/turtlebot3_simulations/turtlebot3_fake_node' with build type 'ament_cmake'
[0.540s] INFO:colcon.colcon_cmake.task.cmake.build:Building CMake package in '/home/matthewbanks/turtlebot3_ws/src/turtlebot3_simulations/turtlebot3_fake_node'
[0.544s] INFO:colcon.colcon_core.plugin_system:Skipping extension 'colcon_core.shell.bat': Not used on non-Windows systems
[0.544s] INFO:colcon.colcon_core.shell:Skip shell extension 'powershell' for command environment: Not usable outside of PowerShell
[0.544s] DEBUG:colcon.colcon_core.shell:Skip shell extension 'dsv' for command environment
[0.550s] INFO:colcon.colcon_ros.task.ament_cmake.build:Building ROS package in '/home/matthewbanks/turtlebot3_ws/src/turtlebot3_simulations/turtlebot3_gazebo' with build type 'ament_cmake'
[0.551s] INFO:colcon.colcon_cmake.task.cmake.build:Building CMake package in '/home/matthewbanks/turtlebot3_ws/src/turtlebot3_simulations/turtlebot3_gazebo'
[0.552s] INFO:colcon.colcon_core.shell:Skip shell extension 'powershell' for command environment: Not usable outside of PowerShell
[0.552s] DEBUG:colcon.colcon_core.shell:Skip shell extension 'dsv' for command environment
[0.558s] INFO:colcon.colcon_ros.task.ament_python.build:Building ROS package in '/home/matthewbanks/turtlebot3_ws/src/gesture_cont' with build type 'ament_python'
[0.558s] Level 1:colcon.colcon_core.shell:create_environment_hook('gesture_cont', 'ament_prefix_path')
[0.559s] INFO:colcon.colcon_core.shell:Creating environment hook '/home/matthewbanks/turtlebot3_ws/install/gesture_cont/share/gesture_cont/hook/ament_prefix_path.ps1'
[0.559s] INFO:colcon.colcon_core.shell:Creating environment descriptor '/home/matthewbanks/turtlebot3_ws/install/gesture_cont/share/gesture_cont/hook/ament_prefix_path.dsv'
[0.560s] INFO:colcon.colcon_core.shell:Creating environment hook '/home/matthewbanks/turtlebot3_ws/install/gesture_cont/share/gesture_cont/hook/ament_prefix_path.sh'
[0.562s] INFO:colcon.colcon_core.shell:Skip shell extension 'powershell' for command environment: Not usable outside of PowerShell
[0.562s] DEBUG:colcon.colcon_core.shell:Skip shell extension 'dsv' for command environment
[0.574s] DEBUG:colcon.colcon_core.event_handler.log_command:Invoking command in '/home/matthewbanks/turtlebot3_ws/build/turtlebot3_fake_node': CMAKE_PREFIX_PATH=${CMAKE_PREFIX_PATH}:/home/matthewbanks/turtlebot3_ws/install/gesture_cont:/opt/ros/humble /usr/bin/cmake --build /home/matthewbanks/turtlebot3_ws/build/turtlebot3_fake_node -- -j4 -l4
[0.577s] DEBUG:colcon.colcon_core.event_handler.log_command:Invoking command in '/home/matthewbanks/turtlebot3_ws/build/turtlebot3_gazebo': CMAKE_PREFIX_PATH=${CMAKE_PREFIX_PATH}:/home/matthewbanks/turtlebot3_ws/install/gesture_cont:/opt/ros/humble /usr/bin/cmake --build /home/matthewbanks/turtlebot3_ws/build/turtlebot3_gazebo -- -j4 -l4
[0.918s] INFO:colcon.colcon_core.task.python.build:Building Python package in '/home/matthewbanks/turtlebot3_ws/src/gesture_cont'
[0.921s] INFO:colcon.colcon_core.shell:Skip shell extension 'powershell' for command environment: Not usable outside of PowerShell
[0.921s] DEBUG:colcon.colcon_core.shell:Skip shell extension 'dsv' for command environment
[0.930s] DEBUG:colcon.colcon_core.event_handler.log_command:Invoked command in '/home/matthewbanks/turtlebot3_ws/build/turtlebot3_gazebo' returned '0': CMAKE_PREFIX_PATH=${CMAKE_PREFIX_PATH}:/home/matthewbanks/turtlebot3_ws/install/gesture_cont:/opt/ros/humble /usr/bin/cmake --build /home/matthewbanks/turtlebot3_ws/build/turtlebot3_gazebo -- -j4 -l4
[0.931s] DEBUG:colcon.colcon_core.event_handler.log_command:Invoked command in '/home/matthewbanks/turtlebot3_ws/build/turtlebot3_fake_node' returned '0': CMAKE_PREFIX_PATH=${CMAKE_PREFIX_PATH}:/home/matthewbanks/turtlebot3_ws/install/gesture_cont:/opt/ros/humble /usr/bin/cmake --build /home/matthewbanks/turtlebot3_ws/build/turtlebot3_fake_node -- -j4 -l4
[0.972s] DEBUG:colcon.colcon_core.event_handler.log_command:Invoking command in '/home/matthewbanks/turtlebot3_ws/build/turtlebot3_fake_node': CMAKE_PREFIX_PATH=${CMAKE_PREFIX_PATH}:/home/matthewbanks/turtlebot3_ws/install/gesture_cont:/opt/ros/humble /usr/bin/cmake --install /home/matthewbanks/turtlebot3_ws/build/turtlebot3_fake_node
[0.974s] DEBUG:colcon.colcon_core.event_handler.log_command:Invoking command in '/home/matthewbanks/turtlebot3_ws/build/turtlebot3_gazebo': CMAKE_PREFIX_PATH=${CMAKE_PREFIX_PATH}:/home/matthewbanks/turtlebot3_ws/install/gesture_cont:/opt/ros/humble /usr/bin/cmake --install /home/matthewbanks/turtlebot3_ws/build/turtlebot3_gazebo
[0.985s] Level 1:colcon.colcon_core.environment:create_environment_scripts_only(turtlebot3_fake_node)
[0.994s] Level 1:colcon.colcon_core.environment:checking '/home/matthewbanks/turtlebot3_ws/install/turtlebot3_fake_node' for CMake module files
[0.995s] Level 1:colcon.colcon_core.environment:checking '/home/matthewbanks/turtlebot3_ws/install/turtlebot3_fake_node' for CMake config files
[0.995s] Level 1:colcon.colcon_core.shell:create_environment_hook('turtlebot3_fake_node', 'cmake_prefix_path')
[0.997s] INFO:colcon.colcon_core.shell:Creating environment hook '/home/matthewbanks/turtlebot3_ws/install/turtlebot3_fake_node/share/turtlebot3_fake_node/hook/cmake_prefix_path.ps1'
[1.001s] DEBUG:colcon.colcon_core.event_handler.log_command:Invoked command in '/home/matthewbanks/turtlebot3_ws/build/turtlebot3_fake_node' returned '0': CMAKE_PREFIX_PATH=${CMAKE_PREFIX_PATH}:/home/matthewbanks/turtlebot3_ws/install/gesture_cont:/opt/ros/humble /usr/bin/cmake --install /home/matthewbanks/turtlebot3_ws/build/turtlebot3_fake_node
[1.002s] INFO:colcon.colcon_core.shell:Creating environment descriptor '/home/matthewbanks/turtlebot3_ws/install/turtlebot3_fake_node/share/turtlebot3_fake_node/hook/cmake_prefix_path.dsv'
[1.002s] INFO:colcon.colcon_core.shell:Creating environment hook '/home/matthewbanks/turtlebot3_ws/install/turtlebot3_fake_node/share/turtlebot3_fake_node/hook/cmake_prefix_path.sh'
[1.003s] Level 1:colcon.colcon_core.environment:checking '/home/matthewbanks/turtlebot3_ws/install/turtlebot3_fake_node/lib'
[1.003s] Level 1:colcon.colcon_core.environment:checking '/home/matthewbanks/turtlebot3_ws/install/turtlebot3_fake_node/bin'
[1.003s] Level 1:colcon.colcon_core.environment:checking '/home/matthewbanks/turtlebot3_ws/install/turtlebot3_fake_node/lib/pkgconfig/turtlebot3_fake_node.pc'
[1.003s] Level 1:colcon.colcon_core.environment:checking '/home/matthewbanks/turtlebot3_ws/install/turtlebot3_fake_node/lib/python3.10/site-packages'
[1.004s] Level 1:colcon.colcon_core.environment:checking '/home/matthewbanks/turtlebot3_ws/install/turtlebot3_fake_node/bin'
[1.005s] INFO:colcon.colcon_core.shell:Creating package script '/home/matthewbanks/turtlebot3_ws/install/turtlebot3_fake_node/share/turtlebot3_fake_node/package.ps1'
[1.006s] INFO:colcon.colcon_core.shell:Creating package descriptor '/home/matthewbanks/turtlebot3_ws/install/turtlebot3_fake_node/share/turtlebot3_fake_node/package.dsv'
[1.007s] INFO:colcon.colcon_core.shell:Creating package script '/home/matthewbanks/turtlebot3_ws/install/turtlebot3_fake_node/share/turtlebot3_fake_node/package.sh'
[1.008s] INFO:colcon.colcon_core.shell:Creating package script '/home/matthewbanks/turtlebot3_ws/install/turtlebot3_fake_node/share/turtlebot3_fake_node/package.bash'
[1.009s] INFO:colcon.colcon_core.shell:Creating package script '/home/matthewbanks/turtlebot3_ws/install/turtlebot3_fake_node/share/turtlebot3_fake_node/package.zsh'
[1.009s] Level 1:colcon.colcon_core.environment:create_file_with_runtime_dependencies(/home/matthewbanks/turtlebot3_ws/install/turtlebot3_fake_node/share/colcon-core/packages/turtlebot3_fake_node)
[1.012s] Level 1:colcon.colcon_core.environment:create_environment_scripts_only(turtlebot3_gazebo)
[1.012s] DEBUG:colcon.colcon_core.event_handler.log_command:Invoked command in '/home/matthewbanks/turtlebot3_ws/build/turtlebot3_gazebo' returned '0': CMAKE_PREFIX_PATH=${CMAKE_PREFIX_PATH}:/home/matthewbanks/turtlebot3_ws/install/gesture_cont:/opt/ros/humble /usr/bin/cmake --install /home/matthewbanks/turtlebot3_ws/build/turtlebot3_gazebo
[1.014s] Level 1:colcon.colcon_core.environment:checking '/home/matthewbanks/turtlebot3_ws/install/turtlebot3_gazebo' for CMake module files
[1.014s] Level 1:colcon.colcon_core.environment:checking '/home/matthewbanks/turtlebot3_ws/install/turtlebot3_gazebo' for CMake config files
[1.014s] Level 1:colcon.colcon_core.shell:create_environment_hook('turtlebot3_gazebo', 'cmake_prefix_path')
[1.015s] INFO:colcon.colcon_core.shell:Creating environment hook '/home/matthewbanks/turtlebot3_ws/install/turtlebot3_gazebo/share/turtlebot3_gazebo/hook/cmake_prefix_path.ps1'
[1.016s] INFO:colcon.colcon_core.shell:Creating environment descriptor '/home/matthewbanks/turtlebot3_ws/install/turtlebot3_gazebo/share/turtlebot3_gazebo/hook/cmake_prefix_path.dsv'
[1.016s] INFO:colcon.colcon_core.shell:Creating environment hook '/home/matthewbanks/turtlebot3_ws/install/turtlebot3_gazebo/share/turtlebot3_gazebo/hook/cmake_prefix_path.sh'
[1.016s] Level 1:colcon.colcon_core.environment:checking '/home/matthewbanks/turtlebot3_ws/install/turtlebot3_gazebo/lib'
[1.016s] Level 1:colcon.colcon_core.environment:checking '/home/matthewbanks/turtlebot3_ws/install/turtlebot3_gazebo/bin'
[1.016s] Level 1:colcon.colcon_core.environment:checking '/home/matthewbanks/turtlebot3_ws/install/turtlebot3_gazebo/lib/pkgconfig/turtlebot3_gazebo.pc'
[1.017s] Level 1:colcon.colcon_core.environment:checking '/home/matthewbanks/turtlebot3_ws/install/turtlebot3_gazebo/lib/python3.10/site-packages'
[1.017s] Level 1:colcon.colcon_core.environment:checking '/home/matthewbanks/turtlebot3_ws/install/turtlebot3_gazebo/bin'
[1.018s] INFO:colcon.colcon_core.shell:Creating package script '/home/matthewbanks/turtlebot3_ws/install/turtlebot3_gazebo/share/turtlebot3_gazebo/package.ps1'
[1.019s] INFO:colcon.colcon_core.shell:Creating package descriptor '/home/matthewbanks/turtlebot3_ws/install/turtlebot3_gazebo/share/turtlebot3_gazebo/package.dsv'
[1.019s] INFO:colcon.colcon_core.shell:Creating package script '/home/matthewbanks/turtlebot3_ws/install/turtlebot3_gazebo/share/turtlebot3_gazebo/package.sh'
[1.019s] INFO:colcon.colcon_core.shell:Creating package script '/home/matthewbanks/turtlebot3_ws/install/turtlebot3_gazebo/share/turtlebot3_gazebo/package.bash'
[1.020s] INFO:colcon.colcon_core.shell:Creating package script '/home/matthewbanks/turtlebot3_ws/install/turtlebot3_gazebo/share/turtlebot3_gazebo/package.zsh'
[1.020s] Level 1:colcon.colcon_core.environment:create_file_with_runtime_dependencies(/home/matthewbanks/turtlebot3_ws/install/turtlebot3_gazebo/share/colcon-core/packages/turtlebot3_gazebo)
[1.047s] Level 1:colcon.colcon_core.environment:create_environment_scripts_only(turtlebot3_fake_node)
[1.050s] Level 1:colcon.colcon_core.environment:checking '/home/matthewbanks/turtlebot3_ws/install/turtlebot3_fake_node' for CMake module files
[1.051s] Level 1:colcon.colcon_core.environment:checking '/home/matthewbanks/turtlebot3_ws/install/turtlebot3_fake_node' for CMake config files
[1.052s] Level 1:colcon.colcon_core.shell:create_environment_hook('turtlebot3_fake_node', 'cmake_prefix_path')
[1.053s] INFO:colcon.colcon_core.shell:Creating environment hook '/home/matthewbanks/turtlebot3_ws/install/turtlebot3_fake_node/share/turtlebot3_fake_node/hook/cmake_prefix_path.ps1'
[1.054s] INFO:colcon.colcon_core.shell:Creating environment descriptor '/home/matthewbanks/turtlebot3_ws/install/turtlebot3_fake_node/share/turtlebot3_fake_node/hook/cmake_prefix_path.dsv'
[1.054s] INFO:colcon.colcon_core.shell:Creating environment hook '/home/matthewbanks/turtlebot3_ws/install/turtlebot3_fake_node/share/turtlebot3_fake_node/hook/cmake_prefix_path.sh'
[1.055s] Level 1:colcon.colcon_core.environment:checking '/home/matthewbanks/turtlebot3_ws/install/turtlebot3_fake_node/lib'
[1.055s] Level 1:colcon.colcon_core.environment:checking '/home/matthewbanks/turtlebot3_ws/install/turtlebot3_fake_node/bin'
[1.055s] Level 1:colcon.colcon_core.environment:checking '/home/matthewbanks/turtlebot3_ws/install/turtlebot3_fake_node/lib/pkgconfig/turtlebot3_fake_node.pc'
[1.055s] Level 1:colcon.colcon_core.environment:checking '/home/matthewbanks/turtlebot3_ws/install/turtlebot3_fake_node/lib/python3.10/site-packages'
[1.055s] Level 1:colcon.colcon_core.environment:checking '/home/matthewbanks/turtlebot3_ws/install/turtlebot3_fake_node/bin'
[1.057s] INFO:colcon.colcon_core.shell:Creating package script '/home/matthewbanks/turtlebot3_ws/install/turtlebot3_fake_node/share/turtlebot3_fake_node/package.ps1'
[1.057s] INFO:colcon.colcon_core.shell:Creating package descriptor '/home/matthewbanks/turtlebot3_ws/install/turtlebot3_fake_node/share/turtlebot3_fake_node/package.dsv'
[1.058s] INFO:colcon.colcon_core.shell:Creating package script '/home/matthewbanks/turtlebot3_ws/install/turtlebot3_fake_node/share/turtlebot3_fake_node/package.sh'
[1.058s] INFO:colcon.colcon_core.shell:Creating package script '/home/matthewbanks/turtlebot3_ws/install/turtlebot3_fake_node/share/turtlebot3_fake_node/package.bash'
[1.058s] INFO:colcon.colcon_core.shell:Creating package script '/home/matthewbanks/turtlebot3_ws/install/turtlebot3_fake_node/share/turtlebot3_fake_node/package.zsh'
[1.059s] Level 1:colcon.colcon_core.environment:create_file_with_runtime_dependencies(/home/matthewbanks/turtlebot3_ws/install/turtlebot3_fake_node/share/colcon-core/packages/turtlebot3_fake_node)
[1.062s] Level 1:colcon.colcon_core.environment:create_environment_scripts_only(turtlebot3_gazebo)
[1.063s] Level 1:colcon.colcon_core.environment:checking '/home/matthewbanks/turtlebot3_ws/install/turtlebot3_gazebo' for CMake module files
[1.064s] Level 1:colcon.colcon_core.environment:checking '/home/matthewbanks/turtlebot3_ws/install/turtlebot3_gazebo' for CMake config files
[1.064s] Level 1:colcon.colcon_core.shell:create_environment_hook('turtlebot3_gazebo', 'cmake_prefix_path')
[1.066s] INFO:colcon.colcon_core.shell:Creating environment hook '/home/matthewbanks/turtlebot3_ws/install/turtlebot3_gazebo/share/turtlebot3_gazebo/hook/cmake_prefix_path.ps1'
[1.066s] INFO:colcon.colcon_core.shell:Creating environment descriptor '/home/matthewbanks/turtlebot3_ws/install/turtlebot3_gazebo/share/turtlebot3_gazebo/hook/cmake_prefix_path.dsv'
[1.066s] INFO:colcon.colcon_core.shell:Creating environment hook '/home/matthewbanks/turtlebot3_ws/install/turtlebot3_gazebo/share/turtlebot3_gazebo/hook/cmake_prefix_path.sh'
[1.067s] Level 1:colcon.colcon_core.environment:checking '/home/matthewbanks/turtlebot3_ws/install/turtlebot3_gazebo/lib'
[1.067s] Level 1:colcon.colcon_core.environment:checking '/home/matthewbanks/turtlebot3_ws/install/turtlebot3_gazebo/bin'
[1.067s] Level 1:colcon.colcon_core.environment:checking '/home/matthewbanks/turtlebot3_ws/install/turtlebot3_gazebo/lib/pkgconfig/turtlebot3_gazebo.pc'
[1.067s] Level 1:colcon.colcon_core.environment:checking '/home/matthewbanks/turtlebot3_ws/install/turtlebot3_gazebo/lib/python3.10/site-packages'
[1.068s] Level 1:colcon.colcon_core.environment:checking '/home/matthewbanks/turtlebot3_ws/install/turtlebot3_gazebo/bin'
[1.069s] INFO:colcon.colcon_core.shell:Creating package script '/home/matthewbanks/turtlebot3_ws/install/turtlebot3_gazebo/share/turtlebot3_gazebo/package.ps1'
[1.069s] INFO:colcon.colcon_core.shell:Creating package descriptor '/home/matthewbanks/turtlebot3_ws/install/turtlebot3_gazebo/share/turtlebot3_gazebo/package.dsv'
[1.070s] INFO:colcon.colcon_core.shell:Creating package script '/home/matthewbanks/turtlebot3_ws/install/turtlebot3_gazebo/share/turtlebot3_gazebo/package.sh'
[1.070s] INFO:colcon.colcon_core.shell:Creating package script '/home/matthewbanks/turtlebot3_ws/install/turtlebot3_gazebo/share/turtlebot3_gazebo/package.bash'
[1.071s] INFO:colcon.colcon_core.shell:Creating package script '/home/matthewbanks/turtlebot3_ws/install/turtlebot3_gazebo/share/turtlebot3_gazebo/package.zsh'
[1.071s] Level 1:colcon.colcon_core.environment:create_file_with_runtime_dependencies(/home/matthewbanks/turtlebot3_ws/install/turtlebot3_gazebo/share/colcon-core/packages/turtlebot3_gazebo)
[1.071s] INFO:colcon.colcon_ros.task.ament_cmake.build:Building ROS package in '/home/matthewbanks/turtlebot3_ws/src/turtlebot3_simulations/turtlebot3_simulations' with build type 'ament_cmake'
[1.071s] INFO:colcon.colcon_cmake.task.cmake.build:Building CMake package in '/home/matthewbanks/turtlebot3_ws/src/turtlebot3_simulations/turtlebot3_simulations'
[1.074s] INFO:colcon.colcon_core.shell:Skip shell extension 'powershell' for command environment: Not usable outside of PowerShell
[1.074s] DEBUG:colcon.colcon_core.shell:Skip shell extension 'dsv' for command environment
[1.087s] DEBUG:colcon.colcon_core.event_handler.log_command:Invoking command in '/home/matthewbanks/turtlebot3_ws/build/turtlebot3_simulations': CMAKE_PREFIX_PATH=/home/matthewbanks/turtlebot3_ws/install/turtlebot3_gazebo:/home/matthewbanks/turtlebot3_ws/install/turtlebot3_fake_node:/home/matthewbanks/turtlebot3_ws/install/turtlebot3_simulations:/home/matthewbanks/turtlebot3_ws/install/gesture_cont:/opt/ros/humble /usr/bin/cmake --build /home/matthewbanks/turtlebot3_ws/build/turtlebot3_simulations -- -j4 -l4
[1.134s] DEBUG:colcon.colcon_core.event_handler.log_command:Invoked command in '/home/matthewbanks/turtlebot3_ws/build/turtlebot3_simulations' returned '0': CMAKE_PREFIX_PATH=/home/matthewbanks/turtlebot3_ws/install/turtlebot3_gazebo:/home/matthewbanks/turtlebot3_ws/install/turtlebot3_fake_node:/home/matthewbanks/turtlebot3_ws/install/turtlebot3_simulations:/home/matthewbanks/turtlebot3_ws/install/gesture_cont:/opt/ros/humble /usr/bin/cmake --build /home/matthewbanks/turtlebot3_ws/build/turtlebot3_simulations -- -j4 -l4
[1.163s] DEBUG:colcon.colcon_core.event_handler.log_command:Invoking command in '/home/matthewbanks/turtlebot3_ws/build/turtlebot3_simulations': CMAKE_PREFIX_PATH=/home/matthewbanks/turtlebot3_ws/install/turtlebot3_gazebo:/home/matthewbanks/turtlebot3_ws/install/turtlebot3_fake_node:/home/matthewbanks/turtlebot3_ws/install/turtlebot3_simulations:/home/matthewbanks/turtlebot3_ws/install/gesture_cont:/opt/ros/humble /usr/bin/cmake --install /home/matthewbanks/turtlebot3_ws/build/turtlebot3_simulations
[1.175s] Level 1:colcon.colcon_core.environment:create_environment_scripts_only(turtlebot3_simulations)
[1.180s] Level 1:colcon.colcon_core.environment:checking '/home/matthewbanks/turtlebot3_ws/install/turtlebot3_simulations' for CMake module files
[1.181s] DEBUG:colcon.colcon_core.event_handler.log_command:Invoked command in '/home/matthewbanks/turtlebot3_ws/build/turtlebot3_simulations' returned '0': CMAKE_PREFIX_PATH=/home/matthewbanks/turtlebot3_ws/install/turtlebot3_gazebo:/home/matthewbanks/turtlebot3_ws/install/turtlebot3_fake_node:/home/matthewbanks/turtlebot3_ws/install/turtlebot3_simulations:/home/matthewbanks/turtlebot3_ws/install/gesture_cont:/opt/ros/humble /usr/bin/cmake --install /home/matthewbanks/turtlebot3_ws/build/turtlebot3_simulations
[1.181s] Level 1:colcon.colcon_core.environment:checking '/home/matthewbanks/turtlebot3_ws/install/turtlebot3_simulations' for CMake config files
[1.181s] Level 1:colcon.colcon_core.shell:create_environment_hook('turtlebot3_simulations', 'cmake_prefix_path')
[1.182s] INFO:colcon.colcon_core.shell:Creating environment hook '/home/matthewbanks/turtlebot3_ws/install/turtlebot3_simulations/share/turtlebot3_simulations/hook/cmake_prefix_path.ps1'
[1.183s] INFO:colcon.colcon_core.shell:Creating environment descriptor '/home/matthewbanks/turtlebot3_ws/install/turtlebot3_simulations/share/turtlebot3_simulations/hook/cmake_prefix_path.dsv'
[1.183s] INFO:colcon.colcon_core.shell:Creating environment hook '/home/matthewbanks/turtlebot3_ws/install/turtlebot3_simulations/share/turtlebot3_simulations/hook/cmake_prefix_path.sh'
[1.184s] Level 1:colcon.colcon_core.environment:checking '/home/matthewbanks/turtlebot3_ws/install/turtlebot3_simulations/bin'
[1.184s] Level 1:colcon.colcon_core.environment:checking '/home/matthewbanks/turtlebot3_ws/install/turtlebot3_simulations/lib/pkgconfig/turtlebot3_simulations.pc'
[1.184s] Level 1:colcon.colcon_core.environment:checking '/home/matthewbanks/turtlebot3_ws/install/turtlebot3_simulations/lib/python3.10/site-packages'
[1.185s] Level 1:colcon.colcon_core.environment:checking '/home/matthewbanks/turtlebot3_ws/install/turtlebot3_simulations/bin'
[1.187s] INFO:colcon.colcon_core.shell:Creating package script '/home/matthewbanks/turtlebot3_ws/install/turtlebot3_simulations/share/turtlebot3_simulations/package.ps1'
[1.188s] INFO:colcon.colcon_core.shell:Creating package descriptor '/home/matthewbanks/turtlebot3_ws/install/turtlebot3_simulations/share/turtlebot3_simulations/package.dsv'
[1.188s] INFO:colcon.colcon_core.shell:Creating package script '/home/matthewbanks/turtlebot3_ws/install/turtlebot3_simulations/share/turtlebot3_simulations/package.sh'
[1.189s] INFO:colcon.colcon_core.shell:Creating package script '/home/matthewbanks/turtlebot3_ws/install/turtlebot3_simulations/share/turtlebot3_simulations/package.bash'
[1.189s] INFO:colcon.colcon_core.shell:Creating package script '/home/matthewbanks/turtlebot3_ws/install/turtlebot3_simulations/share/turtlebot3_simulations/package.zsh'
[1.190s] Level 1:colcon.colcon_core.environment:create_file_with_runtime_dependencies(/home/matthewbanks/turtlebot3_ws/install/turtlebot3_simulations/share/colcon-core/packages/turtlebot3_simulations)
[1.222s] Level 1:colcon.colcon_core.environment:create_environment_scripts_only(turtlebot3_simulations)
[1.224s] Level 1:colcon.colcon_core.environment:checking '/home/matthewbanks/turtlebot3_ws/install/turtlebot3_simulations' for CMake module files
[1.225s] Level 1:colcon.colcon_core.environment:checking '/home/matthewbanks/turtlebot3_ws/install/turtlebot3_simulations' for CMake config files
[1.225s] Level 1:colcon.colcon_core.shell:create_environment_hook('turtlebot3_simulations', 'cmake_prefix_path')
[1.227s] INFO:colcon.colcon_core.shell:Creating environment hook '/home/matthewbanks/turtlebot3_ws/install/turtlebot3_simulations/share/turtlebot3_simulations/hook/cmake_prefix_path.ps1'
[1.228s] INFO:colcon.colcon_core.shell:Creating environment descriptor '/home/matthewbanks/turtlebot3_ws/install/turtlebot3_simulations/share/turtlebot3_simulations/hook/cmake_prefix_path.dsv'
[1.228s] INFO:colcon.colcon_core.shell:Creating environment hook '/home/matthewbanks/turtlebot3_ws/install/turtlebot3_simulations/share/turtlebot3_simulations/hook/cmake_prefix_path.sh'
[1.229s] Level 1:colcon.colcon_core.environment:checking '/home/matthewbanks/turtlebot3_ws/install/turtlebot3_simulations/bin'
[1.229s] Level 1:colcon.colcon_core.environment:checking '/home/matthewbanks/turtlebot3_ws/install/turtlebot3_simulations/lib/pkgconfig/turtlebot3_simulations.pc'
[1.229s] Level 1:colcon.colcon_core.environment:checking '/home/matthewbanks/turtlebot3_ws/install/turtlebot3_simulations/lib/python3.10/site-packages'
[1.229s] Level 1:colcon.colcon_core.environment:checking '/home/matthewbanks/turtlebot3_ws/install/turtlebot3_simulations/bin'
[1.231s] INFO:colcon.colcon_core.shell:Creating package script '/home/matthewbanks/turtlebot3_ws/install/turtlebot3_simulations/share/turtlebot3_simulations/package.ps1'
[1.231s] INFO:colcon.colcon_core.shell:Creating package descriptor '/home/matthewbanks/turtlebot3_ws/install/turtlebot3_simulations/share/turtlebot3_simulations/package.dsv'
[1.232s] INFO:colcon.colcon_core.shell:Creating package script '/home/matthewbanks/turtlebot3_ws/install/turtlebot3_simulations/share/turtlebot3_simulations/package.sh'
[1.232s] INFO:colcon.colcon_core.shell:Creating package script '/home/matthewbanks/turtlebot3_ws/install/turtlebot3_simulations/share/turtlebot3_simulations/package.bash'
[1.232s] INFO:colcon.colcon_core.shell:Creating package script '/home/matthewbanks/turtlebot3_ws/install/turtlebot3_simulations/share/turtlebot3_simulations/package.zsh'
[1.233s] Level 1:colcon.colcon_core.environment:create_file_with_runtime_dependencies(/home/matthewbanks/turtlebot3_ws/install/turtlebot3_simulations/share/colcon-core/packages/turtlebot3_simulations)
[1.363s] DEBUG:colcon.colcon_core.event_handler.log_command:Invoking command in '/home/matthewbanks/turtlebot3_ws/src/gesture_cont': PYTHONPATH=/home/matthewbanks/turtlebot3_ws/build/gesture_cont/prefix_override:/home/matthewbanks/turtlebot3_ws/install/gesture_cont/lib/python3.10/site-packages:${PYTHONPATH} /usr/bin/python3 setup.py egg_info --egg-base ../../build/gesture_cont build --build-base /home/matthewbanks/turtlebot3_ws/build/gesture_cont/build install --record /home/matthewbanks/turtlebot3_ws/build/gesture_cont/install.log --single-version-externally-managed
[1.715s] Level 1:colcon.colcon_core.environment:checking '/home/matthewbanks/turtlebot3_ws/install/gesture_cont' for CMake module files
[1.716s] DEBUG:colcon.colcon_core.event_handler.log_command:Invoked command in '/home/matthewbanks/turtlebot3_ws/src/gesture_cont' returned '0': PYTHONPATH=/home/matthewbanks/turtlebot3_ws/build/gesture_cont/prefix_override:/home/matthewbanks/turtlebot3_ws/install/gesture_cont/lib/python3.10/site-packages:${PYTHONPATH} /usr/bin/python3 setup.py egg_info --egg-base ../../build/gesture_cont build --build-base /home/matthewbanks/turtlebot3_ws/build/gesture_cont/build install --record /home/matthewbanks/turtlebot3_ws/build/gesture_cont/install.log --single-version-externally-managed
[1.716s] Level 1:colcon.colcon_core.environment:checking '/home/matthewbanks/turtlebot3_ws/install/gesture_cont' for CMake config files
[1.717s] Level 1:colcon.colcon_core.environment:checking '/home/matthewbanks/turtlebot3_ws/install/gesture_cont/lib'
[1.717s] Level 1:colcon.colcon_core.environment:checking '/home/matthewbanks/turtlebot3_ws/install/gesture_cont/bin'
[1.717s] Level 1:colcon.colcon_core.environment:checking '/home/matthewbanks/turtlebot3_ws/install/gesture_cont/lib/pkgconfig/gesture_cont.pc'
[1.717s] Level 1:colcon.colcon_core.environment:checking '/home/matthewbanks/turtlebot3_ws/install/gesture_cont/lib/python3.10/site-packages'
[1.717s] Level 1:colcon.colcon_core.shell:create_environment_hook('gesture_cont', 'pythonpath')
[1.718s] INFO:colcon.colcon_core.shell:Creating environment hook '/home/matthewbanks/turtlebot3_ws/install/gesture_cont/share/gesture_cont/hook/pythonpath.ps1'
[1.718s] INFO:colcon.colcon_core.shell:Creating environment descriptor '/home/matthewbanks/turtlebot3_ws/install/gesture_cont/share/gesture_cont/hook/pythonpath.dsv'
[1.719s] INFO:colcon.colcon_core.shell:Creating environment hook '/home/matthewbanks/turtlebot3_ws/install/gesture_cont/share/gesture_cont/hook/pythonpath.sh'
[1.719s] Level 1:colcon.colcon_core.environment:checking '/home/matthewbanks/turtlebot3_ws/install/gesture_cont/bin'
[1.719s] Level 1:colcon.colcon_core.environment:create_environment_scripts_only(gesture_cont)
[1.721s] INFO:colcon.colcon_core.shell:Creating package script '/home/matthewbanks/turtlebot3_ws/install/gesture_cont/share/gesture_cont/package.ps1'
[1.721s] INFO:colcon.colcon_core.shell:Creating package descriptor '/home/matthewbanks/turtlebot3_ws/install/gesture_cont/share/gesture_cont/package.dsv'
[1.721s] INFO:colcon.colcon_core.shell:Creating package script '/home/matthewbanks/turtlebot3_ws/install/gesture_cont/share/gesture_cont/package.sh'
[1.722s] INFO:colcon.colcon_core.shell:Creating package script '/home/matthewbanks/turtlebot3_ws/install/gesture_cont/share/gesture_cont/package.bash'
[1.722s] INFO:colcon.colcon_core.shell:Creating package script '/home/matthewbanks/turtlebot3_ws/install/gesture_cont/share/gesture_cont/package.zsh'
[1.722s] Level 1:colcon.colcon_core.environment:create_file_with_runtime_dependencies(/home/matthewbanks/turtlebot3_ws/install/gesture_cont/share/colcon-core/packages/gesture_cont)
[1.723s] DEBUG:colcon.colcon_parallel_executor.executor.parallel:closing loop
[1.723s] DEBUG:colcon.colcon_parallel_executor.executor.parallel:loop closed
[1.723s] DEBUG:colcon.colcon_parallel_executor.executor.parallel:run_until_complete finished with '0'
[1.723s] DEBUG:colcon.colcon_core.event_reactor:joining thread
[1.729s] INFO:colcon.colcon_core.plugin_system:Skipping extension 'colcon_notification.desktop_notification.terminal_notifier': Not used on non-Darwin systems
[1.729s] INFO:colcon.colcon_core.plugin_system:Skipping extension 'colcon_notification.desktop_notification.win32': Not used on non-Windows systems
[1.729s] INFO:colcon.colcon_notification.desktop_notification:Sending desktop notification using 'notify2'
[1.740s] DEBUG:colcon.colcon_core.event_reactor:joined thread
[1.745s] INFO:colcon.colcon_core.shell:Creating prefix script '/home/matthewbanks/turtlebot3_ws/install/local_setup.ps1'
[1.747s] INFO:colcon.colcon_core.shell:Creating prefix util module '/home/matthewbanks/turtlebot3_ws/install/_local_setup_util_ps1.py'
[1.749s] INFO:colcon.colcon_core.shell:Creating prefix chain script '/home/matthewbanks/turtlebot3_ws/install/setup.ps1'
[1.752s] INFO:colcon.colcon_core.shell:Creating prefix script '/home/matthewbanks/turtlebot3_ws/install/local_setup.sh'
[1.753s] INFO:colcon.colcon_core.shell:Creating prefix util module '/home/matthewbanks/turtlebot3_ws/install/_local_setup_util_sh.py'
[1.753s] INFO:colcon.colcon_core.shell:Creating prefix chain script '/home/matthewbanks/turtlebot3_ws/install/setup.sh'
[1.756s] INFO:colcon.colcon_core.shell:Creating prefix script '/home/matthewbanks/turtlebot3_ws/install/local_setup.bash'
[1.756s] INFO:colcon.colcon_core.shell:Creating prefix chain script '/home/matthewbanks/turtlebot3_ws/install/setup.bash'
[1.758s] INFO:colcon.colcon_core.shell:Creating prefix script '/home/matthewbanks/turtlebot3_ws/install/local_setup.zsh'
[1.758s] INFO:colcon.colcon_core.shell:Creating prefix chain script '/home/matthewbanks/turtlebot3_ws/install/setup.zsh'
