[1.975s] Invoking command in '/home/matthewbanks/turtlebot3_ws/src/gesture_cont': PYTHONPATH=/home/matthewbanks/turtlebot3_ws/build/gesture_cont/prefix_override:/home/matthewbanks/turtlebot3_ws/install/gesture_cont/lib/python3.10/site-packages:${PYTHONPATH} /usr/bin/python3 setup.py egg_info --egg-base ../../build/gesture_cont build --build-base /home/matthewbanks/turtlebot3_ws/build/gesture_cont/build install --record /home/matthewbanks/turtlebot3_ws/build/gesture_cont/install.log --single-version-externally-managed
[2.396s] running egg_info
[2.398s] writing ../../build/gesture_cont/gesture_cont.egg-info/PKG-INFO
[2.399s] writing dependency_links to ../../build/gesture_cont/gesture_cont.egg-info/dependency_links.txt
[2.399s] writing entry points to ../../build/gesture_cont/gesture_cont.egg-info/entry_points.txt
[2.400s] writing requirements to ../../build/gesture_cont/gesture_cont.egg-info/requires.txt
[2.400s] writing top-level names to ../../build/gesture_cont/gesture_cont.egg-info/top_level.txt
[2.404s] reading manifest file '../../build/gesture_cont/gesture_cont.egg-info/SOURCES.txt'
[2.408s] writing manifest file '../../build/gesture_cont/gesture_cont.egg-info/SOURCES.txt'
[2.409s] running build
[2.409s] running build_py
[2.409s] running install
[2.409s] running install_lib
[2.411s] running install_data
[2.412s] running install_egg_info
[2.416s] removing '/home/matthewbanks/turtlebot3_ws/install/gesture_cont/lib/python3.10/site-packages/gesture_cont-0.0.0-py3.10.egg-info' (and everything under it)
[2.416s] Copying ../../build/gesture_cont/gesture_cont.egg-info to /home/matthewbanks/turtlebot3_ws/install/gesture_cont/lib/python3.10/site-packages/gesture_cont-0.0.0-py3.10.egg-info
[2.417s] running install_scripts
[2.449s] Installing gest_node script to /home/matthewbanks/turtlebot3_ws/install/gesture_cont/lib/gesture_cont
[2.449s] writing list of installed files to '/home/matthewbanks/turtlebot3_ws/build/gesture_cont/install.log'
[2.564s] Invoked command in '/home/matthewbanks/turtlebot3_ws/src/gesture_cont' returned '0': PYTHONPATH=/home/matthewbanks/turtlebot3_ws/build/gesture_cont/prefix_override:/home/matthewbanks/turtlebot3_ws/install/gesture_cont/lib/python3.10/site-packages:${PYTHONPATH} /usr/bin/python3 setup.py egg_info --egg-base ../../build/gesture_cont build --build-base /home/matthewbanks/turtlebot3_ws/build/gesture_cont/build install --record /home/matthewbanks/turtlebot3_ws/build/gesture_cont/install.log --single-version-externally-managed
