[1.880s] Invoking command in '/home/matthewbanks/turtlebot3_ws/src/gesture_cont': PYTHONPATH=/home/matthewbanks/turtlebot3_ws/build/gesture_cont/prefix_override:/home/matthewbanks/turtlebot3_ws/install/gesture_cont/lib/python3.10/site-packages:${PYTHONPATH} /usr/bin/python3 setup.py egg_info --egg-base ../../build/gesture_cont build --build-base /home/matthewbanks/turtlebot3_ws/build/gesture_cont/build install --record /home/matthewbanks/turtlebot3_ws/build/gesture_cont/install.log --single-version-externally-managed
[2.667s] running egg_info
[2.668s] writing ../../build/gesture_cont/gesture_cont.egg-info/PKG-INFO
[2.668s] writing dependency_links to ../../build/gesture_cont/gesture_cont.egg-info/dependency_links.txt
[2.669s] writing entry points to ../../build/gesture_cont/gesture_cont.egg-info/entry_points.txt
[2.669s] writing requirements to ../../build/gesture_cont/gesture_cont.egg-info/requires.txt
[2.669s] writing top-level names to ../../build/gesture_cont/gesture_cont.egg-info/top_level.txt
[2.673s] reading manifest file '../../build/gesture_cont/gesture_cont.egg-info/SOURCES.txt'
[2.674s] writing manifest file '../../build/gesture_cont/gesture_cont.egg-info/SOURCES.txt'
[2.674s] running build
[2.674s] running build_py
[2.674s] running install
[2.675s] running install_lib
[2.678s] running install_data
[2.678s] running install_egg_info
[2.685s] removing '/home/matthewbanks/turtlebot3_ws/install/gesture_cont/lib/python3.10/site-packages/gesture_cont-0.0.0-py3.10.egg-info' (and everything under it)
[2.686s] Copying ../../build/gesture_cont/gesture_cont.egg-info to /home/matthewbanks/turtlebot3_ws/install/gesture_cont/lib/python3.10/site-packages/gesture_cont-0.0.0-py3.10.egg-info
[2.688s] running install_scripts
[2.718s] Installing gest_node script to /home/matthewbanks/turtlebot3_ws/install/gesture_cont/lib/gesture_cont
[2.720s] writing list of installed files to '/home/matthewbanks/turtlebot3_ws/build/gesture_cont/install.log'
[2.793s] Invoked command in '/home/matthewbanks/turtlebot3_ws/src/gesture_cont' returned '0': PYTHONPATH=/home/matthewbanks/turtlebot3_ws/build/gesture_cont/prefix_override:/home/matthewbanks/turtlebot3_ws/install/gesture_cont/lib/python3.10/site-packages:${PYTHONPATH} /usr/bin/python3 setup.py egg_info --egg-base ../../build/gesture_cont build --build-base /home/matthewbanks/turtlebot3_ws/build/gesture_cont/build install --record /home/matthewbanks/turtlebot3_ws/build/gesture_cont/install.log --single-version-externally-managed
