[0.717s] DEBUG:colcon:Command line arguments: ['/usr/bin/colcon', 'build']
[0.717s] DEBUG:colcon:Parsed command line arguments: Namespace(log_base=None, log_level=None, verb_name='build', build_base='build', install_base='install', merge_install=False, symlink_install=False, test_result_base=None, continue_on_error=False, executor='parallel', parallel_workers=4, event_handlers=None, ignore_user_meta=False, metas=['./colcon.meta'], base_paths=['.'], packages_ignore=None, packages_ignore_regex=None, paths=None, packages_up_to=None, packages_up_to_regex=None, packages_above=None, packages_above_and_dependencies=None, packages_above_depth=None, packages_select_by_dep=None, packages_skip_by_dep=None, packages_skip_up_to=None, packages_select_build_failed=False, packages_skip_build_finished=False, packages_select_test_failures=False, packages_skip_test_passed=False, packages_select=None, packages_skip=None, packages_select_regex=None, packages_skip_regex=None, packages_start=None, packages_end=None, allow_overriding=[], cmake_args=None, cmake_target=None, cmake_target_skip_unavailable=False, cmake_clean_cache=False, cmake_clean_first=False, cmake_force_configure=False, ament_cmake_args=None, catkin_cmake_args=None, catkin_skip_building_tests=False, verb_parser=<colcon_defaults.argument_parser.defaults.DefaultArgumentsDecorator object at 0x7f759f9eab90>, verb_extension=<colcon_core.verb.build.BuildVerb object at 0x7f759f9ea620>, main=<bound method BuildVerb.main of <colcon_core.verb.build.BuildVerb object at 0x7f759f9ea620>>)
[0.775s] Level 1:colcon.colcon_core.package_discovery:discover_packages(colcon_meta) check parameters
[0.775s] Level 1:colcon.colcon_core.package_discovery:discover_packages(recursive) check parameters
[0.775s] Level 1:colcon.colcon_core.package_discovery:discover_packages(ignore) check parameters
[0.775s] Level 1:colcon.colcon_core.package_discovery:discover_packages(path) check parameters
[0.775s] Level 1:colcon.colcon_core.package_discovery:discover_packages(colcon_meta) discover
[0.776s] Level 1:colcon.colcon_core.package_discovery:discover_packages(recursive) discover
[0.776s] INFO:colcon.colcon_core.package_discovery:Crawling recursively for packages in '/home/matthewbanks/turtlebot3_ws/src'
[0.776s] Level 1:colcon.colcon_core.package_identification:_identify(.) by extensions ['ignore', 'ignore_ament_install']
[0.776s] Level 1:colcon.colcon_core.package_identification:_identify(.) by extension 'ignore'
[0.776s] Level 1:colcon.colcon_core.package_identification:_identify(.) by extension 'ignore_ament_install'
[0.776s] Level 1:colcon.colcon_core.package_identification:_identify(.) by extensions ['colcon_pkg']
[0.776s] Level 1:colcon.colcon_core.package_identification:_identify(.) by extension 'colcon_pkg'
[0.776s] Level 1:colcon.colcon_core.package_identification:_identify(.) by extensions ['colcon_meta']
[0.776s] Level 1:colcon.colcon_core.package_identification:_identify(.) by extension 'colcon_meta'
[0.776s] Level 1:colcon.colcon_core.package_identification:_identify(.) by extensions ['ros']
[0.776s] Level 1:colcon.colcon_core.package_identification:_identify(.) by extension 'ros'
[0.796s] Level 1:colcon.colcon_core.package_identification:_identify(.) by extensions ['cmake', 'python']
[0.796s] Level 1:colcon.colcon_core.package_identification:_identify(.) by extension 'cmake'
[0.796s] Level 1:colcon.colcon_core.package_identification:_identify(.) by extension 'python'
[0.796s] Level 1:colcon.colcon_core.package_identification:_identify(.) by extensions ['python_setup_py']
[0.796s] Level 1:colcon.colcon_core.package_identification:_identify(.) by extension 'python_setup_py'
[0.796s] Level 1:colcon.colcon_core.package_identification:_identify(build) by extensions ['ignore', 'ignore_ament_install']
[0.796s] Level 1:colcon.colcon_core.package_identification:_identify(build) by extension 'ignore'
[0.796s] Level 1:colcon.colcon_core.package_identification:_identify(build) ignored
[0.796s] Level 1:colcon.colcon_core.package_identification:_identify(gesture_cont) by extensions ['ignore', 'ignore_ament_install']
[0.796s] Level 1:colcon.colcon_core.package_identification:_identify(gesture_cont) by extension 'ignore'
[0.796s] Level 1:colcon.colcon_core.package_identification:_identify(gesture_cont) by extension 'ignore_ament_install'
[0.797s] Level 1:colcon.colcon_core.package_identification:_identify(gesture_cont) by extensions ['colcon_pkg']
[0.797s] Level 1:colcon.colcon_core.package_identification:_identify(gesture_cont) by extension 'colcon_pkg'
[0.797s] Level 1:colcon.colcon_core.package_identification:_identify(gesture_cont) by extensions ['colcon_meta']
[0.797s] Level 1:colcon.colcon_core.package_identification:_identify(gesture_cont) by extension 'colcon_meta'
[0.797s] Level 1:colcon.colcon_core.package_identification:_identify(gesture_cont) by extensions ['ros']
[0.797s] Level 1:colcon.colcon_core.package_identification:_identify(gesture_cont) by extension 'ros'
[0.802s] DEBUG:colcon.colcon_core.package_identification:Package 'gesture_cont' with type 'ros.ament_python' and name 'gesture_cont'
[0.802s] Level 1:colcon.colcon_core.package_identification:_identify(install) by extensions ['ignore', 'ignore_ament_install']
[0.802s] Level 1:colcon.colcon_core.package_identification:_identify(install) by extension 'ignore'
[0.802s] Level 1:colcon.colcon_core.package_identification:_identify(install) ignored
[0.803s] Level 1:colcon.colcon_core.package_identification:_identify(log) by extensions ['ignore', 'ignore_ament_install']
[0.803s] Level 1:colcon.colcon_core.package_identification:_identify(log) by extension 'ignore'
[0.803s] Level 1:colcon.colcon_core.package_identification:_identify(log) ignored
[0.803s] Level 1:colcon.colcon_core.package_identification:_identify(turtlebot3_simulations) by extensions ['ignore', 'ignore_ament_install']
[0.803s] Level 1:colcon.colcon_core.package_identification:_identify(turtlebot3_simulations) by extension 'ignore'
[0.804s] Level 1:colcon.colcon_core.package_identification:_identify(turtlebot3_simulations) by extension 'ignore_ament_install'
[0.804s] Level 1:colcon.colcon_core.package_identification:_identify(turtlebot3_simulations) by extensions ['colcon_pkg']
[0.804s] Level 1:colcon.colcon_core.package_identification:_identify(turtlebot3_simulations) by extension 'colcon_pkg'
[0.804s] Level 1:colcon.colcon_core.package_identification:_identify(turtlebot3_simulations) by extensions ['colcon_meta']
[0.804s] Level 1:colcon.colcon_core.package_identification:_identify(turtlebot3_simulations) by extension 'colcon_meta'
[0.804s] Level 1:colcon.colcon_core.package_identification:_identify(turtlebot3_simulations) by extensions ['ros']
[0.804s] Level 1:colcon.colcon_core.package_identification:_identify(turtlebot3_simulations) by extension 'ros'
[0.804s] Level 1:colcon.colcon_core.package_identification:_identify(turtlebot3_simulations) by extensions ['cmake', 'python']
[0.804s] Level 1:colcon.colcon_core.package_identification:_identify(turtlebot3_simulations) by extension 'cmake'
[0.804s] Level 1:colcon.colcon_core.package_identification:_identify(turtlebot3_simulations) by extension 'python'
[0.804s] Level 1:colcon.colcon_core.package_identification:_identify(turtlebot3_simulations) by extensions ['python_setup_py']
[0.804s] Level 1:colcon.colcon_core.package_identification:_identify(turtlebot3_simulations) by extension 'python_setup_py'
[0.805s] Level 1:colcon.colcon_core.package_identification:_identify(turtlebot3_simulations/turtlebot3_fake_node) by extensions ['ignore', 'ignore_ament_install']
[0.805s] Level 1:colcon.colcon_core.package_identification:_identify(turtlebot3_simulations/turtlebot3_fake_node) by extension 'ignore'
[0.805s] Level 1:colcon.colcon_core.package_identification:_identify(turtlebot3_simulations/turtlebot3_fake_node) by extension 'ignore_ament_install'
[0.805s] Level 1:colcon.colcon_core.package_identification:_identify(turtlebot3_simulations/turtlebot3_fake_node) by extensions ['colcon_pkg']
[0.805s] Level 1:colcon.colcon_core.package_identification:_identify(turtlebot3_simulations/turtlebot3_fake_node) by extension 'colcon_pkg'
[0.805s] Level 1:colcon.colcon_core.package_identification:_identify(turtlebot3_simulations/turtlebot3_fake_node) by extensions ['colcon_meta']
[0.805s] Level 1:colcon.colcon_core.package_identification:_identify(turtlebot3_simulations/turtlebot3_fake_node) by extension 'colcon_meta'
[0.805s] Level 1:colcon.colcon_core.package_identification:_identify(turtlebot3_simulations/turtlebot3_fake_node) by extensions ['ros']
[0.805s] Level 1:colcon.colcon_core.package_identification:_identify(turtlebot3_simulations/turtlebot3_fake_node) by extension 'ros'
[0.807s] DEBUG:colcon.colcon_core.package_identification:Package 'turtlebot3_simulations/turtlebot3_fake_node' with type 'ros.ament_cmake' and name 'turtlebot3_fake_node'
[0.807s] Level 1:colcon.colcon_core.package_identification:_identify(turtlebot3_simulations/turtlebot3_gazebo) by extensions ['ignore', 'ignore_ament_install']
[0.807s] Level 1:colcon.colcon_core.package_identification:_identify(turtlebot3_simulations/turtlebot3_gazebo) by extension 'ignore'
[0.807s] Level 1:colcon.colcon_core.package_identification:_identify(turtlebot3_simulations/turtlebot3_gazebo) by extension 'ignore_ament_install'
[0.808s] Level 1:colcon.colcon_core.package_identification:_identify(turtlebot3_simulations/turtlebot3_gazebo) by extensions ['colcon_pkg']
[0.808s] Level 1:colcon.colcon_core.package_identification:_identify(turtlebot3_simulations/turtlebot3_gazebo) by extension 'colcon_pkg'
[0.808s] Level 1:colcon.colcon_core.package_identification:_identify(turtlebot3_simulations/turtlebot3_gazebo) by extensions ['colcon_meta']
[0.808s] Level 1:colcon.colcon_core.package_identification:_identify(turtlebot3_simulations/turtlebot3_gazebo) by extension 'colcon_meta'
[0.808s] Level 1:colcon.colcon_core.package_identification:_identify(turtlebot3_simulations/turtlebot3_gazebo) by extensions ['ros']
[0.808s] Level 1:colcon.colcon_core.package_identification:_identify(turtlebot3_simulations/turtlebot3_gazebo) by extension 'ros'
[0.813s] DEBUG:colcon.colcon_core.package_identification:Package 'turtlebot3_simulations/turtlebot3_gazebo' with type 'ros.ament_cmake' and name 'turtlebot3_gazebo'
[0.818s] Level 1:colcon.colcon_core.package_identification:_identify(turtlebot3_simulations/turtlebot3_simulations) by extensions ['ignore', 'ignore_ament_install']
[0.818s] Level 1:colcon.colcon_core.package_identification:_identify(turtlebot3_simulations/turtlebot3_simulations) by extension 'ignore'
[0.819s] Level 1:colcon.colcon_core.package_identification:_identify(turtlebot3_simulations/turtlebot3_simulations) by extension 'ignore_ament_install'
[0.819s] Level 1:colcon.colcon_core.package_identification:_identify(turtlebot3_simulations/turtlebot3_simulations) by extensions ['colcon_pkg']
[0.819s] Level 1:colcon.colcon_core.package_identification:_identify(turtlebot3_simulations/turtlebot3_simulations) by extension 'colcon_pkg'
[0.819s] Level 1:colcon.colcon_core.package_identification:_identify(turtlebot3_simulations/turtlebot3_simulations) by extensions ['colcon_meta']
[0.819s] Level 1:colcon.colcon_core.package_identification:_identify(turtlebot3_simulations/turtlebot3_simulations) by extension 'colcon_meta'
[0.819s] Level 1:colcon.colcon_core.package_identification:_identify(turtlebot3_simulations/turtlebot3_simulations) by extensions ['ros']
[0.819s] Level 1:colcon.colcon_core.package_identification:_identify(turtlebot3_simulations/turtlebot3_simulations) by extension 'ros'
[0.821s] DEBUG:colcon.colcon_core.package_identification:Package 'turtlebot3_simulations/turtlebot3_simulations' with type 'ros.ament_cmake' and name 'turtlebot3_simulations'
[0.821s] Level 1:colcon.colcon_core.package_discovery:discover_packages(recursive) using defaults
[0.821s] Level 1:colcon.colcon_core.package_discovery:discover_packages(ignore) discover
[0.821s] Level 1:colcon.colcon_core.package_discovery:discover_packages(ignore) using defaults
[0.821s] Level 1:colcon.colcon_core.package_discovery:discover_packages(path) discover
[0.821s] Level 1:colcon.colcon_core.package_discovery:discover_packages(path) using defaults
[0.871s] Level 1:colcon.colcon_core.package_discovery:discover_packages(prefix_path) check parameters
[0.871s] Level 1:colcon.colcon_core.package_discovery:discover_packages(prefix_path) discover
[0.876s] DEBUG:colcon.colcon_installed_package_information.package_discovery:Found 4 installed packages in /home/matthewbanks/turtlebot3_ws/install
[0.879s] DEBUG:colcon.colcon_installed_package_information.package_discovery:Found 376 installed packages in /opt/ros/humble
[0.885s] Level 1:colcon.colcon_core.package_discovery:discover_packages(prefix_path) using defaults
[0.991s] Level 5:colcon.colcon_core.verb:set package 'gesture_cont' build argument 'cmake_args' from command line to 'None'
[0.991s] Level 5:colcon.colcon_core.verb:set package 'gesture_cont' build argument 'cmake_target' from command line to 'None'
[0.991s] Level 5:colcon.colcon_core.verb:set package 'gesture_cont' build argument 'cmake_target_skip_unavailable' from command line to 'False'
[0.992s] Level 5:colcon.colcon_core.verb:set package 'gesture_cont' build argument 'cmake_clean_cache' from command line to 'False'
[0.992s] Level 5:colcon.colcon_core.verb:set package 'gesture_cont' build argument 'cmake_clean_first' from command line to 'False'
[0.992s] Level 5:colcon.colcon_core.verb:set package 'gesture_cont' build argument 'cmake_force_configure' from command line to 'False'
[0.992s] Level 5:colcon.colcon_core.verb:set package 'gesture_cont' build argument 'ament_cmake_args' from command line to 'None'
[0.992s] Level 5:colcon.colcon_core.verb:set package 'gesture_cont' build argument 'catkin_cmake_args' from command line to 'None'
[0.992s] Level 5:colcon.colcon_core.verb:set package 'gesture_cont' build argument 'catkin_skip_building_tests' from command line to 'False'
[0.992s] DEBUG:colcon.colcon_core.verb:Building package 'gesture_cont' with the following arguments: {'ament_cmake_args': None, 'build_base': '/home/matthewbanks/turtlebot3_ws/src/build/gesture_cont', 'catkin_cmake_args': None, 'catkin_skip_building_tests': False, 'cmake_args': None, 'cmake_clean_cache': False, 'cmake_clean_first': False, 'cmake_force_configure': False, 'cmake_target': None, 'cmake_target_skip_unavailable': False, 'install_base': '/home/matthewbanks/turtlebot3_ws/src/install/gesture_cont', 'merge_install': False, 'path': '/home/matthewbanks/turtlebot3_ws/src/gesture_cont', 'symlink_install': False, 'test_result_base': None}
[0.994s] Level 5:colcon.colcon_core.verb:set package 'turtlebot3_fake_node' build argument 'cmake_args' from command line to 'None'
[0.994s] Level 5:colcon.colcon_core.verb:set package 'turtlebot3_fake_node' build argument 'cmake_target' from command line to 'None'
[0.994s] Level 5:colcon.colcon_core.verb:set package 'turtlebot3_fake_node' build argument 'cmake_target_skip_unavailable' from command line to 'False'
[0.994s] Level 5:colcon.colcon_core.verb:set package 'turtlebot3_fake_node' build argument 'cmake_clean_cache' from command line to 'False'
[0.994s] Level 5:colcon.colcon_core.verb:set package 'turtlebot3_fake_node' build argument 'cmake_clean_first' from command line to 'False'
[0.994s] Level 5:colcon.colcon_core.verb:set package 'turtlebot3_fake_node' build argument 'cmake_force_configure' from command line to 'False'
[0.994s] Level 5:colcon.colcon_core.verb:set package 'turtlebot3_fake_node' build argument 'ament_cmake_args' from command line to 'None'
[0.995s] Level 5:colcon.colcon_core.verb:set package 'turtlebot3_fake_node' build argument 'catkin_cmake_args' from command line to 'None'
[0.995s] Level 5:colcon.colcon_core.verb:set package 'turtlebot3_fake_node' build argument 'catkin_skip_building_tests' from command line to 'False'
[0.995s] DEBUG:colcon.colcon_core.verb:Building package 'turtlebot3_fake_node' with the following arguments: {'ament_cmake_args': None, 'build_base': '/home/matthewbanks/turtlebot3_ws/src/build/turtlebot3_fake_node', 'catkin_cmake_args': None, 'catkin_skip_building_tests': False, 'cmake_args': None, 'cmake_clean_cache': False, 'cmake_clean_first': False, 'cmake_force_configure': False, 'cmake_target': None, 'cmake_target_skip_unavailable': False, 'install_base': '/home/matthewbanks/turtlebot3_ws/src/install/turtlebot3_fake_node', 'merge_install': False, 'path': '/home/matthewbanks/turtlebot3_ws/src/turtlebot3_simulations/turtlebot3_fake_node', 'symlink_install': False, 'test_result_base': None}
[0.996s] Level 5:colcon.colcon_core.verb:set package 'turtlebot3_gazebo' build argument 'cmake_args' from command line to 'None'
[0.996s] Level 5:colcon.colcon_core.verb:set package 'turtlebot3_gazebo' build argument 'cmake_target' from command line to 'None'
[0.996s] Level 5:colcon.colcon_core.verb:set package 'turtlebot3_gazebo' build argument 'cmake_target_skip_unavailable' from command line to 'False'
[0.996s] Level 5:colcon.colcon_core.verb:set package 'turtlebot3_gazebo' build argument 'cmake_clean_cache' from command line to 'False'
[0.996s] Level 5:colcon.colcon_core.verb:set package 'turtlebot3_gazebo' build argument 'cmake_clean_first' from command line to 'False'
[0.996s] Level 5:colcon.colcon_core.verb:set package 'turtlebot3_gazebo' build argument 'cmake_force_configure' from command line to 'False'
[0.996s] Level 5:colcon.colcon_core.verb:set package 'turtlebot3_gazebo' build argument 'ament_cmake_args' from command line to 'None'
[0.996s] Level 5:colcon.colcon_core.verb:set package 'turtlebot3_gazebo' build argument 'catkin_cmake_args' from command line to 'None'
[0.996s] Level 5:colcon.colcon_core.verb:set package 'turtlebot3_gazebo' build argument 'catkin_skip_building_tests' from command line to 'False'
[0.997s] DEBUG:colcon.colcon_core.verb:Building package 'turtlebot3_gazebo' with the following arguments: {'ament_cmake_args': None, 'build_base': '/home/matthewbanks/turtlebot3_ws/src/build/turtlebot3_gazebo', 'catkin_cmake_args': None, 'catkin_skip_building_tests': False, 'cmake_args': None, 'cmake_clean_cache': False, 'cmake_clean_first': False, 'cmake_force_configure': False, 'cmake_target': None, 'cmake_target_skip_unavailable': False, 'install_base': '/home/matthewbanks/turtlebot3_ws/src/install/turtlebot3_gazebo', 'merge_install': False, 'path': '/home/matthewbanks/turtlebot3_ws/src/turtlebot3_simulations/turtlebot3_gazebo', 'symlink_install': False, 'test_result_base': None}
[0.998s] Level 5:colcon.colcon_core.verb:set package 'turtlebot3_simulations' build argument 'cmake_args' from command line to 'None'
[0.998s] Level 5:colcon.colcon_core.verb:set package 'turtlebot3_simulations' build argument 'cmake_target' from command line to 'None'
[0.998s] Level 5:colcon.colcon_core.verb:set package 'turtlebot3_simulations' build argument 'cmake_target_skip_unavailable' from command line to 'False'
[0.998s] Level 5:colcon.colcon_core.verb:set package 'turtlebot3_simulations' build argument 'cmake_clean_cache' from command line to 'False'
[0.998s] Level 5:colcon.colcon_core.verb:set package 'turtlebot3_simulations' build argument 'cmake_clean_first' from command line to 'False'
[0.998s] Level 5:colcon.colcon_core.verb:set package 'turtlebot3_simulations' build argument 'cmake_force_configure' from command line to 'False'
[0.998s] Level 5:colcon.colcon_core.verb:set package 'turtlebot3_simulations' build argument 'ament_cmake_args' from command line to 'None'
[0.998s] Level 5:colcon.colcon_core.verb:set package 'turtlebot3_simulations' build argument 'catkin_cmake_args' from command line to 'None'
[0.998s] Level 5:colcon.colcon_core.verb:set package 'turtlebot3_simulations' build argument 'catkin_skip_building_tests' from command line to 'False'
[0.998s] DEBUG:colcon.colcon_core.verb:Building package 'turtlebot3_simulations' with the following arguments: {'ament_cmake_args': None, 'build_base': '/home/matthewbanks/turtlebot3_ws/src/build/turtlebot3_simulations', 'catkin_cmake_args': None, 'catkin_skip_building_tests': False, 'cmake_args': None, 'cmake_clean_cache': False, 'cmake_clean_first': False, 'cmake_force_configure': False, 'cmake_target': None, 'cmake_target_skip_unavailable': False, 'install_base': '/home/matthewbanks/turtlebot3_ws/src/install/turtlebot3_simulations', 'merge_install': False, 'path': '/home/matthewbanks/turtlebot3_ws/src/turtlebot3_simulations/turtlebot3_simulations', 'symlink_install': False, 'test_result_base': None}
[0.999s] INFO:colcon.colcon_core.executor:Executing jobs using 'parallel' executor
[1.007s] DEBUG:colcon.colcon_parallel_executor.executor.parallel:run_until_complete
[1.008s] INFO:colcon.colcon_ros.task.ament_cmake.build:Building ROS package in '/home/matthewbanks/turtlebot3_ws/src/turtlebot3_simulations/turtlebot3_fake_node' with build type 'ament_cmake'
[1.008s] INFO:colcon.colcon_cmake.task.cmake.build:Building CMake package in '/home/matthewbanks/turtlebot3_ws/src/turtlebot3_simulations/turtlebot3_fake_node'
[1.019s] INFO:colcon.colcon_core.plugin_system:Skipping extension 'colcon_core.shell.bat': Not used on non-Windows systems
[1.020s] INFO:colcon.colcon_core.shell:Skip shell extension 'powershell' for command environment: Not usable outside of PowerShell
[1.020s] DEBUG:colcon.colcon_core.shell:Skip shell extension 'dsv' for command environment
[1.033s] INFO:colcon.colcon_ros.task.ament_cmake.build:Building ROS package in '/home/matthewbanks/turtlebot3_ws/src/turtlebot3_simulations/turtlebot3_gazebo' with build type 'ament_cmake'
[1.034s] INFO:colcon.colcon_cmake.task.cmake.build:Building CMake package in '/home/matthewbanks/turtlebot3_ws/src/turtlebot3_simulations/turtlebot3_gazebo'
[1.036s] INFO:colcon.colcon_core.shell:Skip shell extension 'powershell' for command environment: Not usable outside of PowerShell
[1.036s] DEBUG:colcon.colcon_core.shell:Skip shell extension 'dsv' for command environment
[1.045s] INFO:colcon.colcon_ros.task.ament_python.build:Building ROS package in '/home/matthewbanks/turtlebot3_ws/src/gesture_cont' with build type 'ament_python'
[1.046s] Level 1:colcon.colcon_core.shell:create_environment_hook('gesture_cont', 'ament_prefix_path')
[1.047s] INFO:colcon.colcon_core.shell:Creating environment hook '/home/matthewbanks/turtlebot3_ws/src/install/gesture_cont/share/gesture_cont/hook/ament_prefix_path.ps1'
[1.049s] INFO:colcon.colcon_core.shell:Creating environment descriptor '/home/matthewbanks/turtlebot3_ws/src/install/gesture_cont/share/gesture_cont/hook/ament_prefix_path.dsv'
[1.050s] INFO:colcon.colcon_core.shell:Creating environment hook '/home/matthewbanks/turtlebot3_ws/src/install/gesture_cont/share/gesture_cont/hook/ament_prefix_path.sh'
[1.053s] INFO:colcon.colcon_core.shell:Skip shell extension 'powershell' for command environment: Not usable outside of PowerShell
[1.054s] DEBUG:colcon.colcon_core.shell:Skip shell extension 'dsv' for command environment
[1.072s] DEBUG:colcon.colcon_core.event_handler.log_command:Invoking command in '/home/matthewbanks/turtlebot3_ws/src/build/turtlebot3_fake_node': CMAKE_PREFIX_PATH=${CMAKE_PREFIX_PATH}:/home/matthewbanks/turtlebot3_ws/install/gesture_cont:/opt/ros/humble /usr/bin/cmake /home/matthewbanks/turtlebot3_ws/src/turtlebot3_simulations/turtlebot3_fake_node -DCMAKE_INSTALL_PREFIX=/home/matthewbanks/turtlebot3_ws/src/install/turtlebot3_fake_node
[1.080s] DEBUG:colcon.colcon_core.event_handler.log_command:Invoking command in '/home/matthewbanks/turtlebot3_ws/src/build/turtlebot3_gazebo': CMAKE_PREFIX_PATH=${CMAKE_PREFIX_PATH}:/home/matthewbanks/turtlebot3_ws/install/gesture_cont:/opt/ros/humble /usr/bin/cmake /home/matthewbanks/turtlebot3_ws/src/turtlebot3_simulations/turtlebot3_gazebo -DCMAKE_INSTALL_PREFIX=/home/matthewbanks/turtlebot3_ws/src/install/turtlebot3_gazebo
[1.934s] INFO:colcon.colcon_core.task.python.build:Building Python package in '/home/matthewbanks/turtlebot3_ws/src/gesture_cont'
[1.936s] INFO:colcon.colcon_core.shell:Skip shell extension 'powershell' for command environment: Not usable outside of PowerShell
[1.936s] DEBUG:colcon.colcon_core.shell:Skip shell extension 'dsv' for command environment
[3.501s] DEBUG:colcon.colcon_core.event_handler.log_command:Invoking command in '/home/matthewbanks/turtlebot3_ws/src/gesture_cont': PYTHONPATH=/home/matthewbanks/turtlebot3_ws/src/build/gesture_cont/prefix_override:/home/matthewbanks/turtlebot3_ws/src/install/gesture_cont/lib/python3.10/site-packages:${PYTHONPATH} /usr/bin/python3 setup.py egg_info --egg-base ../build/gesture_cont build --build-base /home/matthewbanks/turtlebot3_ws/src/build/gesture_cont/build install --record /home/matthewbanks/turtlebot3_ws/src/build/gesture_cont/install.log --single-version-externally-managed
[4.304s] DEBUG:colcon.colcon_core.event_handler.log_command:Invoked command in '/home/matthewbanks/turtlebot3_ws/src/gesture_cont' returned '0': PYTHONPATH=/home/matthewbanks/turtlebot3_ws/src/build/gesture_cont/prefix_override:/home/matthewbanks/turtlebot3_ws/src/install/gesture_cont/lib/python3.10/site-packages:${PYTHONPATH} /usr/bin/python3 setup.py egg_info --egg-base ../build/gesture_cont build --build-base /home/matthewbanks/turtlebot3_ws/src/build/gesture_cont/build install --record /home/matthewbanks/turtlebot3_ws/src/build/gesture_cont/install.log --single-version-externally-managed
[4.318s] Level 1:colcon.colcon_core.environment:checking '/home/matthewbanks/turtlebot3_ws/src/install/gesture_cont' for CMake module files
[4.320s] Level 1:colcon.colcon_core.environment:checking '/home/matthewbanks/turtlebot3_ws/src/install/gesture_cont' for CMake config files
[4.321s] Level 1:colcon.colcon_core.environment:checking '/home/matthewbanks/turtlebot3_ws/src/install/gesture_cont/lib'
[4.321s] Level 1:colcon.colcon_core.environment:checking '/home/matthewbanks/turtlebot3_ws/src/install/gesture_cont/bin'
[4.321s] Level 1:colcon.colcon_core.environment:checking '/home/matthewbanks/turtlebot3_ws/src/install/gesture_cont/lib/pkgconfig/gesture_cont.pc'
[4.322s] Level 1:colcon.colcon_core.environment:checking '/home/matthewbanks/turtlebot3_ws/src/install/gesture_cont/lib/python3.10/site-packages'
[4.322s] Level 1:colcon.colcon_core.shell:create_environment_hook('gesture_cont', 'pythonpath')
[4.324s] INFO:colcon.colcon_core.shell:Creating environment hook '/home/matthewbanks/turtlebot3_ws/src/install/gesture_cont/share/gesture_cont/hook/pythonpath.ps1'
[4.324s] INFO:colcon.colcon_core.shell:Creating environment descriptor '/home/matthewbanks/turtlebot3_ws/src/install/gesture_cont/share/gesture_cont/hook/pythonpath.dsv'
[4.325s] INFO:colcon.colcon_core.shell:Creating environment hook '/home/matthewbanks/turtlebot3_ws/src/install/gesture_cont/share/gesture_cont/hook/pythonpath.sh'
[4.326s] Level 1:colcon.colcon_core.environment:checking '/home/matthewbanks/turtlebot3_ws/src/install/gesture_cont/bin'
[4.326s] Level 1:colcon.colcon_core.environment:create_environment_scripts_only(gesture_cont)
[4.328s] INFO:colcon.colcon_core.shell:Creating package script '/home/matthewbanks/turtlebot3_ws/src/install/gesture_cont/share/gesture_cont/package.ps1'
[4.329s] INFO:colcon.colcon_core.shell:Creating package descriptor '/home/matthewbanks/turtlebot3_ws/src/install/gesture_cont/share/gesture_cont/package.dsv'
[4.335s] INFO:colcon.colcon_core.shell:Creating package script '/home/matthewbanks/turtlebot3_ws/src/install/gesture_cont/share/gesture_cont/package.sh'
[4.336s] INFO:colcon.colcon_core.shell:Creating package script '/home/matthewbanks/turtlebot3_ws/src/install/gesture_cont/share/gesture_cont/package.bash'
[4.338s] INFO:colcon.colcon_core.shell:Creating package script '/home/matthewbanks/turtlebot3_ws/src/install/gesture_cont/share/gesture_cont/package.zsh'
[4.340s] Level 1:colcon.colcon_core.environment:create_file_with_runtime_dependencies(/home/matthewbanks/turtlebot3_ws/src/install/gesture_cont/share/colcon-core/packages/gesture_cont)
[6.651s] DEBUG:colcon.colcon_core.event_handler.log_command:Invoked command in '/home/matthewbanks/turtlebot3_ws/src/build/turtlebot3_fake_node' returned '0': CMAKE_PREFIX_PATH=${CMAKE_PREFIX_PATH}:/home/matthewbanks/turtlebot3_ws/install/gesture_cont:/opt/ros/humble /usr/bin/cmake /home/matthewbanks/turtlebot3_ws/src/turtlebot3_simulations/turtlebot3_fake_node -DCMAKE_INSTALL_PREFIX=/home/matthewbanks/turtlebot3_ws/src/install/turtlebot3_fake_node
[6.651s] DEBUG:colcon.colcon_core.event_handler.log_command:Invoking command in '/home/matthewbanks/turtlebot3_ws/src/build/turtlebot3_fake_node': CMAKE_PREFIX_PATH=${CMAKE_PREFIX_PATH}:/home/matthewbanks/turtlebot3_ws/install/gesture_cont:/opt/ros/humble /usr/bin/cmake --build /home/matthewbanks/turtlebot3_ws/src/build/turtlebot3_fake_node -- -j4 -l4
[8.865s] DEBUG:colcon.colcon_core.event_handler.log_command:Invoked command in '/home/matthewbanks/turtlebot3_ws/src/build/turtlebot3_gazebo' returned '0': CMAKE_PREFIX_PATH=${CMAKE_PREFIX_PATH}:/home/matthewbanks/turtlebot3_ws/install/gesture_cont:/opt/ros/humble /usr/bin/cmake /home/matthewbanks/turtlebot3_ws/src/turtlebot3_simulations/turtlebot3_gazebo -DCMAKE_INSTALL_PREFIX=/home/matthewbanks/turtlebot3_ws/src/install/turtlebot3_gazebo
[8.865s] DEBUG:colcon.colcon_core.event_handler.log_command:Invoking command in '/home/matthewbanks/turtlebot3_ws/src/build/turtlebot3_gazebo': CMAKE_PREFIX_PATH=${CMAKE_PREFIX_PATH}:/home/matthewbanks/turtlebot3_ws/install/gesture_cont:/opt/ros/humble /usr/bin/cmake --build /home/matthewbanks/turtlebot3_ws/src/build/turtlebot3_gazebo -- -j4 -l4
[29.763s] DEBUG:colcon.colcon_core.event_handler.log_command:Invoked command in '/home/matthewbanks/turtlebot3_ws/src/build/turtlebot3_fake_node' returned '0': CMAKE_PREFIX_PATH=${CMAKE_PREFIX_PATH}:/home/matthewbanks/turtlebot3_ws/install/gesture_cont:/opt/ros/humble /usr/bin/cmake --build /home/matthewbanks/turtlebot3_ws/src/build/turtlebot3_fake_node -- -j4 -l4
[29.889s] DEBUG:colcon.colcon_core.event_handler.log_command:Invoking command in '/home/matthewbanks/turtlebot3_ws/src/build/turtlebot3_fake_node': CMAKE_PREFIX_PATH=${CMAKE_PREFIX_PATH}:/home/matthewbanks/turtlebot3_ws/install/gesture_cont:/opt/ros/humble /usr/bin/cmake --install /home/matthewbanks/turtlebot3_ws/src/build/turtlebot3_fake_node
[29.951s] Level 1:colcon.colcon_core.environment:create_environment_scripts_only(turtlebot3_fake_node)
[29.956s] Level 1:colcon.colcon_core.environment:checking '/home/matthewbanks/turtlebot3_ws/src/install/turtlebot3_fake_node' for CMake module files
[29.957s] Level 1:colcon.colcon_core.environment:checking '/home/matthewbanks/turtlebot3_ws/src/install/turtlebot3_fake_node' for CMake config files
[29.957s] Level 1:colcon.colcon_core.shell:create_environment_hook('turtlebot3_fake_node', 'cmake_prefix_path')
[29.958s] INFO:colcon.colcon_core.shell:Creating environment hook '/home/matthewbanks/turtlebot3_ws/src/install/turtlebot3_fake_node/share/turtlebot3_fake_node/hook/cmake_prefix_path.ps1'
[29.958s] INFO:colcon.colcon_core.shell:Creating environment descriptor '/home/matthewbanks/turtlebot3_ws/src/install/turtlebot3_fake_node/share/turtlebot3_fake_node/hook/cmake_prefix_path.dsv'
[29.956s] DEBUG:colcon.colcon_core.event_handler.log_command:Invoked command in '/home/matthewbanks/turtlebot3_ws/src/build/turtlebot3_fake_node' returned '0': CMAKE_PREFIX_PATH=${CMAKE_PREFIX_PATH}:/home/matthewbanks/turtlebot3_ws/install/gesture_cont:/opt/ros/humble /usr/bin/cmake --install /home/matthewbanks/turtlebot3_ws/src/build/turtlebot3_fake_node
[29.962s] INFO:colcon.colcon_core.shell:Creating environment hook '/home/matthewbanks/turtlebot3_ws/src/install/turtlebot3_fake_node/share/turtlebot3_fake_node/hook/cmake_prefix_path.sh'
[29.963s] Level 1:colcon.colcon_core.environment:checking '/home/matthewbanks/turtlebot3_ws/src/install/turtlebot3_fake_node/lib'
[29.968s] Level 1:colcon.colcon_core.environment:checking '/home/matthewbanks/turtlebot3_ws/src/install/turtlebot3_fake_node/bin'
[29.969s] Level 1:colcon.colcon_core.environment:checking '/home/matthewbanks/turtlebot3_ws/src/install/turtlebot3_fake_node/lib/pkgconfig/turtlebot3_fake_node.pc'
[29.969s] Level 1:colcon.colcon_core.environment:checking '/home/matthewbanks/turtlebot3_ws/src/install/turtlebot3_fake_node/lib/python3.10/site-packages'
[29.969s] Level 1:colcon.colcon_core.environment:checking '/home/matthewbanks/turtlebot3_ws/src/install/turtlebot3_fake_node/bin'
[29.972s] INFO:colcon.colcon_core.shell:Creating package script '/home/matthewbanks/turtlebot3_ws/src/install/turtlebot3_fake_node/share/turtlebot3_fake_node/package.ps1'
[29.972s] INFO:colcon.colcon_core.shell:Creating package descriptor '/home/matthewbanks/turtlebot3_ws/src/install/turtlebot3_fake_node/share/turtlebot3_fake_node/package.dsv'
[29.973s] INFO:colcon.colcon_core.shell:Creating package script '/home/matthewbanks/turtlebot3_ws/src/install/turtlebot3_fake_node/share/turtlebot3_fake_node/package.sh'
[29.973s] INFO:colcon.colcon_core.shell:Creating package script '/home/matthewbanks/turtlebot3_ws/src/install/turtlebot3_fake_node/share/turtlebot3_fake_node/package.bash'
[29.973s] INFO:colcon.colcon_core.shell:Creating package script '/home/matthewbanks/turtlebot3_ws/src/install/turtlebot3_fake_node/share/turtlebot3_fake_node/package.zsh'
[29.983s] Level 1:colcon.colcon_core.environment:create_file_with_runtime_dependencies(/home/matthewbanks/turtlebot3_ws/src/install/turtlebot3_fake_node/share/colcon-core/packages/turtlebot3_fake_node)
[30.074s] Level 1:colcon.colcon_core.environment:create_environment_scripts_only(turtlebot3_fake_node)
[30.077s] Level 1:colcon.colcon_core.environment:checking '/home/matthewbanks/turtlebot3_ws/src/install/turtlebot3_fake_node' for CMake module files
[30.078s] Level 1:colcon.colcon_core.environment:checking '/home/matthewbanks/turtlebot3_ws/src/install/turtlebot3_fake_node' for CMake config files
[30.078s] Level 1:colcon.colcon_core.shell:create_environment_hook('turtlebot3_fake_node', 'cmake_prefix_path')
[30.080s] INFO:colcon.colcon_core.shell:Creating environment hook '/home/matthewbanks/turtlebot3_ws/src/install/turtlebot3_fake_node/share/turtlebot3_fake_node/hook/cmake_prefix_path.ps1'
[30.081s] INFO:colcon.colcon_core.shell:Creating environment descriptor '/home/matthewbanks/turtlebot3_ws/src/install/turtlebot3_fake_node/share/turtlebot3_fake_node/hook/cmake_prefix_path.dsv'
[30.082s] INFO:colcon.colcon_core.shell:Creating environment hook '/home/matthewbanks/turtlebot3_ws/src/install/turtlebot3_fake_node/share/turtlebot3_fake_node/hook/cmake_prefix_path.sh'
[30.083s] Level 1:colcon.colcon_core.environment:checking '/home/matthewbanks/turtlebot3_ws/src/install/turtlebot3_fake_node/lib'
[30.088s] Level 1:colcon.colcon_core.environment:checking '/home/matthewbanks/turtlebot3_ws/src/install/turtlebot3_fake_node/bin'
[30.088s] Level 1:colcon.colcon_core.environment:checking '/home/matthewbanks/turtlebot3_ws/src/install/turtlebot3_fake_node/lib/pkgconfig/turtlebot3_fake_node.pc'
[30.088s] Level 1:colcon.colcon_core.environment:checking '/home/matthewbanks/turtlebot3_ws/src/install/turtlebot3_fake_node/lib/python3.10/site-packages'
[30.089s] Level 1:colcon.colcon_core.environment:checking '/home/matthewbanks/turtlebot3_ws/src/install/turtlebot3_fake_node/bin'
[30.090s] INFO:colcon.colcon_core.shell:Creating package script '/home/matthewbanks/turtlebot3_ws/src/install/turtlebot3_fake_node/share/turtlebot3_fake_node/package.ps1'
[30.091s] INFO:colcon.colcon_core.shell:Creating package descriptor '/home/matthewbanks/turtlebot3_ws/src/install/turtlebot3_fake_node/share/turtlebot3_fake_node/package.dsv'
[30.092s] INFO:colcon.colcon_core.shell:Creating package script '/home/matthewbanks/turtlebot3_ws/src/install/turtlebot3_fake_node/share/turtlebot3_fake_node/package.sh'
[30.092s] INFO:colcon.colcon_core.shell:Creating package script '/home/matthewbanks/turtlebot3_ws/src/install/turtlebot3_fake_node/share/turtlebot3_fake_node/package.bash'
[30.100s] INFO:colcon.colcon_core.shell:Creating package script '/home/matthewbanks/turtlebot3_ws/src/install/turtlebot3_fake_node/share/turtlebot3_fake_node/package.zsh'
[30.107s] Level 1:colcon.colcon_core.environment:create_file_with_runtime_dependencies(/home/matthewbanks/turtlebot3_ws/src/install/turtlebot3_fake_node/share/colcon-core/packages/turtlebot3_fake_node)
[71.867s] DEBUG:colcon.colcon_parallel_executor.executor.parallel:run_until_complete was interrupted
[71.867s] DEBUG:colcon.colcon_parallel_executor.executor.parallel:run_until_complete again
[71.919s] DEBUG:colcon.colcon_core.event_handler.log_command:Invoked command in '/home/matthewbanks/turtlebot3_ws/src/build/turtlebot3_gazebo' returned '-2': CMAKE_PREFIX_PATH=${CMAKE_PREFIX_PATH}:/home/matthewbanks/turtlebot3_ws/install/gesture_cont:/opt/ros/humble /usr/bin/cmake --build /home/matthewbanks/turtlebot3_ws/src/build/turtlebot3_gazebo -- -j4 -l4
[71.982s] Level 1:colcon.colcon_core.environment:create_environment_scripts_only(turtlebot3_gazebo)
[71.985s] Level 1:colcon.colcon_core.environment:checking '/home/matthewbanks/turtlebot3_ws/src/install/turtlebot3_gazebo' for CMake module files
[71.985s] Level 1:colcon.colcon_core.environment:checking '/home/matthewbanks/turtlebot3_ws/src/install/turtlebot3_gazebo' for CMake config files
[71.986s] Level 1:colcon.colcon_core.environment:checking '/home/matthewbanks/turtlebot3_ws/src/install/turtlebot3_gazebo/bin'
[71.986s] Level 1:colcon.colcon_core.environment:checking '/home/matthewbanks/turtlebot3_ws/src/install/turtlebot3_gazebo/lib/pkgconfig/turtlebot3_gazebo.pc'
[71.986s] Level 1:colcon.colcon_core.environment:checking '/home/matthewbanks/turtlebot3_ws/src/install/turtlebot3_gazebo/lib/python3.10/site-packages'
[71.987s] Level 1:colcon.colcon_core.environment:checking '/home/matthewbanks/turtlebot3_ws/src/install/turtlebot3_gazebo/bin'
[71.988s] INFO:colcon.colcon_core.shell:Creating package script '/home/matthewbanks/turtlebot3_ws/src/install/turtlebot3_gazebo/share/turtlebot3_gazebo/package.ps1'
[71.989s] INFO:colcon.colcon_core.shell:Creating package descriptor '/home/matthewbanks/turtlebot3_ws/src/install/turtlebot3_gazebo/share/turtlebot3_gazebo/package.dsv'
[71.989s] INFO:colcon.colcon_core.shell:Creating package script '/home/matthewbanks/turtlebot3_ws/src/install/turtlebot3_gazebo/share/turtlebot3_gazebo/package.sh'
[71.990s] INFO:colcon.colcon_core.shell:Creating package script '/home/matthewbanks/turtlebot3_ws/src/install/turtlebot3_gazebo/share/turtlebot3_gazebo/package.bash'
[71.990s] INFO:colcon.colcon_core.shell:Creating package script '/home/matthewbanks/turtlebot3_ws/src/install/turtlebot3_gazebo/share/turtlebot3_gazebo/package.zsh'
[71.990s] Level 1:colcon.colcon_core.environment:create_file_with_runtime_dependencies(/home/matthewbanks/turtlebot3_ws/src/install/turtlebot3_gazebo/share/colcon-core/packages/turtlebot3_gazebo)
[71.992s] DEBUG:colcon.colcon_parallel_executor.executor.parallel:run_until_complete finished
[71.992s] DEBUG:colcon.colcon_parallel_executor.executor.parallel:closing loop
[71.992s] DEBUG:colcon.colcon_parallel_executor.executor.parallel:loop closed
[71.992s] DEBUG:colcon.colcon_core.event_reactor:joining thread
[72.009s] INFO:colcon.colcon_core.plugin_system:Skipping extension 'colcon_notification.desktop_notification.terminal_notifier': Not used on non-Darwin systems
[72.010s] INFO:colcon.colcon_core.plugin_system:Skipping extension 'colcon_notification.desktop_notification.win32': Not used on non-Windows systems
[72.010s] INFO:colcon.colcon_notification.desktop_notification:Sending desktop notification using 'notify2'
[72.030s] DEBUG:colcon.colcon_core.event_reactor:joined thread
[72.032s] INFO:colcon.colcon_core.shell:Creating prefix script '/home/matthewbanks/turtlebot3_ws/src/install/local_setup.ps1'
[72.034s] INFO:colcon.colcon_core.shell:Creating prefix util module '/home/matthewbanks/turtlebot3_ws/src/install/_local_setup_util_ps1.py'
[72.037s] INFO:colcon.colcon_core.shell:Creating prefix chain script '/home/matthewbanks/turtlebot3_ws/src/install/setup.ps1'
[72.041s] INFO:colcon.colcon_core.shell:Creating prefix script '/home/matthewbanks/turtlebot3_ws/src/install/local_setup.sh'
[72.049s] INFO:colcon.colcon_core.shell:Creating prefix util module '/home/matthewbanks/turtlebot3_ws/src/install/_local_setup_util_sh.py'
[72.049s] INFO:colcon.colcon_core.shell:Creating prefix chain script '/home/matthewbanks/turtlebot3_ws/src/install/setup.sh'
[72.052s] INFO:colcon.colcon_core.shell:Creating prefix script '/home/matthewbanks/turtlebot3_ws/src/install/local_setup.bash'
[72.054s] INFO:colcon.colcon_core.shell:Creating prefix chain script '/home/matthewbanks/turtlebot3_ws/src/install/setup.bash'
[72.058s] INFO:colcon.colcon_core.shell:Creating prefix script '/home/matthewbanks/turtlebot3_ws/src/install/local_setup.zsh'
[72.059s] INFO:colcon.colcon_core.shell:Creating prefix chain script '/home/matthewbanks/turtlebot3_ws/src/install/setup.zsh'
