[0.490s] DEBUG:colcon:Command line arguments: ['/usr/bin/colcon', 'build']
[0.490s] DEBUG:colcon:Parsed command line arguments: Namespace(log_base=None, log_level=None, verb_name='build', build_base='build', install_base='install', merge_install=False, symlink_install=False, test_result_base=None, continue_on_error=False, executor='parallel', parallel_workers=4, event_handlers=None, ignore_user_meta=False, metas=['./colcon.meta'], base_paths=['.'], packages_ignore=None, packages_ignore_regex=None, paths=None, packages_up_to=None, packages_up_to_regex=None, packages_above=None, packages_above_and_dependencies=None, packages_above_depth=None, packages_select_by_dep=None, packages_skip_by_dep=None, packages_skip_up_to=None, packages_select_build_failed=False, packages_skip_build_finished=False, packages_select_test_failures=False, packages_skip_test_passed=False, packages_select=None, packages_skip=None, packages_select_regex=None, packages_skip_regex=None, packages_start=None, packages_end=None, allow_overriding=[], cmake_args=None, cmake_target=None, cmake_target_skip_unavailable=False, cmake_clean_cache=False, cmake_clean_first=False, cmake_force_configure=False, ament_cmake_args=None, catkin_cmake_args=None, catkin_skip_building_tests=False, verb_parser=<colcon_defaults.argument_parser.defaults.DefaultArgumentsDecorator object at 0x7fee37fdebf0>, verb_extension=<colcon_core.verb.build.BuildVerb object at 0x7fee37fde680>, main=<bound method BuildVerb.main of <colcon_core.verb.build.BuildVerb object at 0x7fee37fde680>>)
[0.521s] Level 1:colcon.colcon_core.package_discovery:discover_packages(colcon_meta) check parameters
[0.521s] Level 1:colcon.colcon_core.package_discovery:discover_packages(recursive) check parameters
[0.521s] Level 1:colcon.colcon_core.package_discovery:discover_packages(ignore) check parameters
[0.521s] Level 1:colcon.colcon_core.package_discovery:discover_packages(path) check parameters
[0.521s] Level 1:colcon.colcon_core.package_discovery:discover_packages(colcon_meta) discover
[0.521s] Level 1:colcon.colcon_core.package_discovery:discover_packages(recursive) discover
[0.521s] INFO:colcon.colcon_core.package_discovery:Crawling recursively for packages in '/home/matthewbanks/turtlebot3_ws'
[0.521s] Level 1:colcon.colcon_core.package_identification:_identify(.) by extensions ['ignore', 'ignore_ament_install']
[0.521s] Level 1:colcon.colcon_core.package_identification:_identify(.) by extension 'ignore'
[0.522s] Level 1:colcon.colcon_core.package_identification:_identify(.) by extension 'ignore_ament_install'
[0.522s] Level 1:colcon.colcon_core.package_identification:_identify(.) by extensions ['colcon_pkg']
[0.522s] Level 1:colcon.colcon_core.package_identification:_identify(.) by extension 'colcon_pkg'
[0.522s] Level 1:colcon.colcon_core.package_identification:_identify(.) by extensions ['colcon_meta']
[0.522s] Level 1:colcon.colcon_core.package_identification:_identify(.) by extension 'colcon_meta'
[0.522s] Level 1:colcon.colcon_core.package_identification:_identify(.) by extensions ['ros']
[0.522s] Level 1:colcon.colcon_core.package_identification:_identify(.) by extension 'ros'
[0.543s] Level 1:colcon.colcon_core.package_identification:_identify(.) by extensions ['cmake', 'python']
[0.543s] Level 1:colcon.colcon_core.package_identification:_identify(.) by extension 'cmake'
[0.543s] Level 1:colcon.colcon_core.package_identification:_identify(.) by extension 'python'
[0.543s] Level 1:colcon.colcon_core.package_identification:_identify(.) by extensions ['python_setup_py']
[0.543s] Level 1:colcon.colcon_core.package_identification:_identify(.) by extension 'python_setup_py'
[0.543s] Level 1:colcon.colcon_core.package_identification:_identify(build) by extensions ['ignore', 'ignore_ament_install']
[0.543s] Level 1:colcon.colcon_core.package_identification:_identify(build) by extension 'ignore'
[0.543s] Level 1:colcon.colcon_core.package_identification:_identify(build) ignored
[0.544s] Level 1:colcon.colcon_core.package_identification:_identify(install) by extensions ['ignore', 'ignore_ament_install']
[0.544s] Level 1:colcon.colcon_core.package_identification:_identify(install) by extension 'ignore'
[0.544s] Level 1:colcon.colcon_core.package_identification:_identify(install) ignored
[0.544s] Level 1:colcon.colcon_core.package_identification:_identify(log) by extensions ['ignore', 'ignore_ament_install']
[0.544s] Level 1:colcon.colcon_core.package_identification:_identify(log) by extension 'ignore'
[0.544s] Level 1:colcon.colcon_core.package_identification:_identify(log) ignored
[0.544s] Level 1:colcon.colcon_core.package_identification:_identify(src) by extensions ['ignore', 'ignore_ament_install']
[0.544s] Level 1:colcon.colcon_core.package_identification:_identify(src) by extension 'ignore'
[0.544s] Level 1:colcon.colcon_core.package_identification:_identify(src) by extension 'ignore_ament_install'
[0.544s] Level 1:colcon.colcon_core.package_identification:_identify(src) by extensions ['colcon_pkg']
[0.544s] Level 1:colcon.colcon_core.package_identification:_identify(src) by extension 'colcon_pkg'
[0.544s] Level 1:colcon.colcon_core.package_identification:_identify(src) by extensions ['colcon_meta']
[0.544s] Level 1:colcon.colcon_core.package_identification:_identify(src) by extension 'colcon_meta'
[0.544s] Level 1:colcon.colcon_core.package_identification:_identify(src) by extensions ['ros']
[0.545s] Level 1:colcon.colcon_core.package_identification:_identify(src) by extension 'ros'
[0.545s] Level 1:colcon.colcon_core.package_identification:_identify(src) by extensions ['cmake', 'python']
[0.545s] Level 1:colcon.colcon_core.package_identification:_identify(src) by extension 'cmake'
[0.545s] Level 1:colcon.colcon_core.package_identification:_identify(src) by extension 'python'
[0.545s] Level 1:colcon.colcon_core.package_identification:_identify(src) by extensions ['python_setup_py']
[0.545s] Level 1:colcon.colcon_core.package_identification:_identify(src) by extension 'python_setup_py'
[0.545s] Level 1:colcon.colcon_core.package_identification:_identify(src/build) by extensions ['ignore', 'ignore_ament_install']
[0.545s] Level 1:colcon.colcon_core.package_identification:_identify(src/build) by extension 'ignore'
[0.545s] Level 1:colcon.colcon_core.package_identification:_identify(src/build) ignored
[0.545s] Level 1:colcon.colcon_core.package_identification:_identify(src/gesture_cont) by extensions ['ignore', 'ignore_ament_install']
[0.545s] Level 1:colcon.colcon_core.package_identification:_identify(src/gesture_cont) by extension 'ignore'
[0.545s] Level 1:colcon.colcon_core.package_identification:_identify(src/gesture_cont) by extension 'ignore_ament_install'
[0.545s] Level 1:colcon.colcon_core.package_identification:_identify(src/gesture_cont) by extensions ['colcon_pkg']
[0.545s] Level 1:colcon.colcon_core.package_identification:_identify(src/gesture_cont) by extension 'colcon_pkg'
[0.545s] Level 1:colcon.colcon_core.package_identification:_identify(src/gesture_cont) by extensions ['colcon_meta']
[0.545s] Level 1:colcon.colcon_core.package_identification:_identify(src/gesture_cont) by extension 'colcon_meta'
[0.545s] Level 1:colcon.colcon_core.package_identification:_identify(src/gesture_cont) by extensions ['ros']
[0.545s] Level 1:colcon.colcon_core.package_identification:_identify(src/gesture_cont) by extension 'ros'
[0.549s] DEBUG:colcon.colcon_core.package_identification:Package 'src/gesture_cont' with type 'ros.ament_python' and name 'gesture_cont'
[0.549s] Level 1:colcon.colcon_core.package_identification:_identify(src/install) by extensions ['ignore', 'ignore_ament_install']
[0.549s] Level 1:colcon.colcon_core.package_identification:_identify(src/install) by extension 'ignore'
[0.549s] Level 1:colcon.colcon_core.package_identification:_identify(src/install) ignored
[0.549s] Level 1:colcon.colcon_core.package_identification:_identify(src/log) by extensions ['ignore', 'ignore_ament_install']
[0.549s] Level 1:colcon.colcon_core.package_identification:_identify(src/log) by extension 'ignore'
[0.549s] Level 1:colcon.colcon_core.package_identification:_identify(src/log) ignored
[0.549s] Level 1:colcon.colcon_core.package_identification:_identify(src/turtlebot3_simulations) by extensions ['ignore', 'ignore_ament_install']
[0.550s] Level 1:colcon.colcon_core.package_identification:_identify(src/turtlebot3_simulations) by extension 'ignore'
[0.550s] Level 1:colcon.colcon_core.package_identification:_identify(src/turtlebot3_simulations) by extension 'ignore_ament_install'
[0.550s] Level 1:colcon.colcon_core.package_identification:_identify(src/turtlebot3_simulations) by extensions ['colcon_pkg']
[0.550s] Level 1:colcon.colcon_core.package_identification:_identify(src/turtlebot3_simulations) by extension 'colcon_pkg'
[0.550s] Level 1:colcon.colcon_core.package_identification:_identify(src/turtlebot3_simulations) by extensions ['colcon_meta']
[0.550s] Level 1:colcon.colcon_core.package_identification:_identify(src/turtlebot3_simulations) by extension 'colcon_meta'
[0.550s] Level 1:colcon.colcon_core.package_identification:_identify(src/turtlebot3_simulations) by extensions ['ros']
[0.550s] Level 1:colcon.colcon_core.package_identification:_identify(src/turtlebot3_simulations) by extension 'ros'
[0.550s] Level 1:colcon.colcon_core.package_identification:_identify(src/turtlebot3_simulations) by extensions ['cmake', 'python']
[0.550s] Level 1:colcon.colcon_core.package_identification:_identify(src/turtlebot3_simulations) by extension 'cmake'
[0.550s] Level 1:colcon.colcon_core.package_identification:_identify(src/turtlebot3_simulations) by extension 'python'
[0.550s] Level 1:colcon.colcon_core.package_identification:_identify(src/turtlebot3_simulations) by extensions ['python_setup_py']
[0.550s] Level 1:colcon.colcon_core.package_identification:_identify(src/turtlebot3_simulations) by extension 'python_setup_py'
[0.550s] Level 1:colcon.colcon_core.package_identification:_identify(src/turtlebot3_simulations/turtlebot3_fake_node) by extensions ['ignore', 'ignore_ament_install']
[0.550s] Level 1:colcon.colcon_core.package_identification:_identify(src/turtlebot3_simulations/turtlebot3_fake_node) by extension 'ignore'
[0.550s] Level 1:colcon.colcon_core.package_identification:_identify(src/turtlebot3_simulations/turtlebot3_fake_node) by extension 'ignore_ament_install'
[0.550s] Level 1:colcon.colcon_core.package_identification:_identify(src/turtlebot3_simulations/turtlebot3_fake_node) by extensions ['colcon_pkg']
[0.550s] Level 1:colcon.colcon_core.package_identification:_identify(src/turtlebot3_simulations/turtlebot3_fake_node) by extension 'colcon_pkg'
[0.550s] Level 1:colcon.colcon_core.package_identification:_identify(src/turtlebot3_simulations/turtlebot3_fake_node) by extensions ['colcon_meta']
[0.551s] Level 1:colcon.colcon_core.package_identification:_identify(src/turtlebot3_simulations/turtlebot3_fake_node) by extension 'colcon_meta'
[0.551s] Level 1:colcon.colcon_core.package_identification:_identify(src/turtlebot3_simulations/turtlebot3_fake_node) by extensions ['ros']
[0.551s] Level 1:colcon.colcon_core.package_identification:_identify(src/turtlebot3_simulations/turtlebot3_fake_node) by extension 'ros'
[0.552s] DEBUG:colcon.colcon_core.package_identification:Package 'src/turtlebot3_simulations/turtlebot3_fake_node' with type 'ros.ament_cmake' and name 'turtlebot3_fake_node'
[0.553s] Level 1:colcon.colcon_core.package_identification:_identify(src/turtlebot3_simulations/turtlebot3_gazebo) by extensions ['ignore', 'ignore_ament_install']
[0.553s] Level 1:colcon.colcon_core.package_identification:_identify(src/turtlebot3_simulations/turtlebot3_gazebo) by extension 'ignore'
[0.553s] Level 1:colcon.colcon_core.package_identification:_identify(src/turtlebot3_simulations/turtlebot3_gazebo) by extension 'ignore_ament_install'
[0.553s] Level 1:colcon.colcon_core.package_identification:_identify(src/turtlebot3_simulations/turtlebot3_gazebo) by extensions ['colcon_pkg']
[0.553s] Level 1:colcon.colcon_core.package_identification:_identify(src/turtlebot3_simulations/turtlebot3_gazebo) by extension 'colcon_pkg'
[0.553s] Level 1:colcon.colcon_core.package_identification:_identify(src/turtlebot3_simulations/turtlebot3_gazebo) by extensions ['colcon_meta']
[0.553s] Level 1:colcon.colcon_core.package_identification:_identify(src/turtlebot3_simulations/turtlebot3_gazebo) by extension 'colcon_meta'
[0.553s] Level 1:colcon.colcon_core.package_identification:_identify(src/turtlebot3_simulations/turtlebot3_gazebo) by extensions ['ros']
[0.553s] Level 1:colcon.colcon_core.package_identification:_identify(src/turtlebot3_simulations/turtlebot3_gazebo) by extension 'ros'
[0.555s] DEBUG:colcon.colcon_core.package_identification:Package 'src/turtlebot3_simulations/turtlebot3_gazebo' with type 'ros.ament_cmake' and name 'turtlebot3_gazebo'
[0.555s] Level 1:colcon.colcon_core.package_identification:_identify(src/turtlebot3_simulations/turtlebot3_simulations) by extensions ['ignore', 'ignore_ament_install']
[0.555s] Level 1:colcon.colcon_core.package_identification:_identify(src/turtlebot3_simulations/turtlebot3_simulations) by extension 'ignore'
[0.555s] Level 1:colcon.colcon_core.package_identification:_identify(src/turtlebot3_simulations/turtlebot3_simulations) by extension 'ignore_ament_install'
[0.555s] Level 1:colcon.colcon_core.package_identification:_identify(src/turtlebot3_simulations/turtlebot3_simulations) by extensions ['colcon_pkg']
[0.555s] Level 1:colcon.colcon_core.package_identification:_identify(src/turtlebot3_simulations/turtlebot3_simulations) by extension 'colcon_pkg'
[0.555s] Level 1:colcon.colcon_core.package_identification:_identify(src/turtlebot3_simulations/turtlebot3_simulations) by extensions ['colcon_meta']
[0.555s] Level 1:colcon.colcon_core.package_identification:_identify(src/turtlebot3_simulations/turtlebot3_simulations) by extension 'colcon_meta'
[0.555s] Level 1:colcon.colcon_core.package_identification:_identify(src/turtlebot3_simulations/turtlebot3_simulations) by extensions ['ros']
[0.555s] Level 1:colcon.colcon_core.package_identification:_identify(src/turtlebot3_simulations/turtlebot3_simulations) by extension 'ros'
[0.556s] DEBUG:colcon.colcon_core.package_identification:Package 'src/turtlebot3_simulations/turtlebot3_simulations' with type 'ros.ament_cmake' and name 'turtlebot3_simulations'
[0.556s] Level 1:colcon.colcon_core.package_discovery:discover_packages(recursive) using defaults
[0.556s] Level 1:colcon.colcon_core.package_discovery:discover_packages(ignore) discover
[0.556s] Level 1:colcon.colcon_core.package_discovery:discover_packages(ignore) using defaults
[0.556s] Level 1:colcon.colcon_core.package_discovery:discover_packages(path) discover
[0.556s] Level 1:colcon.colcon_core.package_discovery:discover_packages(path) using defaults
[0.587s] Level 1:colcon.colcon_core.package_discovery:discover_packages(prefix_path) check parameters
[0.587s] Level 1:colcon.colcon_core.package_discovery:discover_packages(prefix_path) discover
[0.591s] DEBUG:colcon.colcon_installed_package_information.package_discovery:Found 4 installed packages in /home/matthewbanks/turtlebot3_ws/install
[0.595s] DEBUG:colcon.colcon_installed_package_information.package_discovery:Found 376 installed packages in /opt/ros/humble
[0.600s] Level 1:colcon.colcon_core.package_discovery:discover_packages(prefix_path) using defaults
[0.695s] Level 5:colcon.colcon_core.verb:set package 'gesture_cont' build argument 'cmake_args' from command line to 'None'
[0.696s] Level 5:colcon.colcon_core.verb:set package 'gesture_cont' build argument 'cmake_target' from command line to 'None'
[0.696s] Level 5:colcon.colcon_core.verb:set package 'gesture_cont' build argument 'cmake_target_skip_unavailable' from command line to 'False'
[0.696s] Level 5:colcon.colcon_core.verb:set package 'gesture_cont' build argument 'cmake_clean_cache' from command line to 'False'
[0.696s] Level 5:colcon.colcon_core.verb:set package 'gesture_cont' build argument 'cmake_clean_first' from command line to 'False'
[0.696s] Level 5:colcon.colcon_core.verb:set package 'gesture_cont' build argument 'cmake_force_configure' from command line to 'False'
[0.696s] Level 5:colcon.colcon_core.verb:set package 'gesture_cont' build argument 'ament_cmake_args' from command line to 'None'
[0.696s] Level 5:colcon.colcon_core.verb:set package 'gesture_cont' build argument 'catkin_cmake_args' from command line to 'None'
[0.696s] Level 5:colcon.colcon_core.verb:set package 'gesture_cont' build argument 'catkin_skip_building_tests' from command line to 'False'
[0.696s] DEBUG:colcon.colcon_core.verb:Building package 'gesture_cont' with the following arguments: {'ament_cmake_args': None, 'build_base': '/home/matthewbanks/turtlebot3_ws/build/gesture_cont', 'catkin_cmake_args': None, 'catkin_skip_building_tests': False, 'cmake_args': None, 'cmake_clean_cache': False, 'cmake_clean_first': False, 'cmake_force_configure': False, 'cmake_target': None, 'cmake_target_skip_unavailable': False, 'install_base': '/home/matthewbanks/turtlebot3_ws/install/gesture_cont', 'merge_install': False, 'path': '/home/matthewbanks/turtlebot3_ws/src/gesture_cont', 'symlink_install': False, 'test_result_base': None}
[0.697s] Level 5:colcon.colcon_core.verb:set package 'turtlebot3_fake_node' build argument 'cmake_args' from command line to 'None'
[0.697s] Level 5:colcon.colcon_core.verb:set package 'turtlebot3_fake_node' build argument 'cmake_target' from command line to 'None'
[0.698s] Level 5:colcon.colcon_core.verb:set package 'turtlebot3_fake_node' build argument 'cmake_target_skip_unavailable' from command line to 'False'
[0.698s] Level 5:colcon.colcon_core.verb:set package 'turtlebot3_fake_node' build argument 'cmake_clean_cache' from command line to 'False'
[0.698s] Level 5:colcon.colcon_core.verb:set package 'turtlebot3_fake_node' build argument 'cmake_clean_first' from command line to 'False'
[0.698s] Level 5:colcon.colcon_core.verb:set package 'turtlebot3_fake_node' build argument 'cmake_force_configure' from command line to 'False'
[0.698s] Level 5:colcon.colcon_core.verb:set package 'turtlebot3_fake_node' build argument 'ament_cmake_args' from command line to 'None'
[0.698s] Level 5:colcon.colcon_core.verb:set package 'turtlebot3_fake_node' build argument 'catkin_cmake_args' from command line to 'None'
[0.698s] Level 5:colcon.colcon_core.verb:set package 'turtlebot3_fake_node' build argument 'catkin_skip_building_tests' from command line to 'False'
[0.698s] DEBUG:colcon.colcon_core.verb:Building package 'turtlebot3_fake_node' with the following arguments: {'ament_cmake_args': None, 'build_base': '/home/matthewbanks/turtlebot3_ws/build/turtlebot3_fake_node', 'catkin_cmake_args': None, 'catkin_skip_building_tests': False, 'cmake_args': None, 'cmake_clean_cache': False, 'cmake_clean_first': False, 'cmake_force_configure': False, 'cmake_target': None, 'cmake_target_skip_unavailable': False, 'install_base': '/home/matthewbanks/turtlebot3_ws/install/turtlebot3_fake_node', 'merge_install': False, 'path': '/home/matthewbanks/turtlebot3_ws/src/turtlebot3_simulations/turtlebot3_fake_node', 'symlink_install': False, 'test_result_base': None}
[0.699s] Level 5:colcon.colcon_core.verb:set package 'turtlebot3_gazebo' build argument 'cmake_args' from command line to 'None'
[0.699s] Level 5:colcon.colcon_core.verb:set package 'turtlebot3_gazebo' build argument 'cmake_target' from command line to 'None'
[0.699s] Level 5:colcon.colcon_core.verb:set package 'turtlebot3_gazebo' build argument 'cmake_target_skip_unavailable' from command line to 'False'
[0.700s] Level 5:colcon.colcon_core.verb:set package 'turtlebot3_gazebo' build argument 'cmake_clean_cache' from command line to 'False'
[0.700s] Level 5:colcon.colcon_core.verb:set package 'turtlebot3_gazebo' build argument 'cmake_clean_first' from command line to 'False'
[0.700s] Level 5:colcon.colcon_core.verb:set package 'turtlebot3_gazebo' build argument 'cmake_force_configure' from command line to 'False'
[0.700s] Level 5:colcon.colcon_core.verb:set package 'turtlebot3_gazebo' build argument 'ament_cmake_args' from command line to 'None'
[0.700s] Level 5:colcon.colcon_core.verb:set package 'turtlebot3_gazebo' build argument 'catkin_cmake_args' from command line to 'None'
[0.700s] Level 5:colcon.colcon_core.verb:set package 'turtlebot3_gazebo' build argument 'catkin_skip_building_tests' from command line to 'False'
[0.700s] DEBUG:colcon.colcon_core.verb:Building package 'turtlebot3_gazebo' with the following arguments: {'ament_cmake_args': None, 'build_base': '/home/matthewbanks/turtlebot3_ws/build/turtlebot3_gazebo', 'catkin_cmake_args': None, 'catkin_skip_building_tests': False, 'cmake_args': None, 'cmake_clean_cache': False, 'cmake_clean_first': False, 'cmake_force_configure': False, 'cmake_target': None, 'cmake_target_skip_unavailable': False, 'install_base': '/home/matthewbanks/turtlebot3_ws/install/turtlebot3_gazebo', 'merge_install': False, 'path': '/home/matthewbanks/turtlebot3_ws/src/turtlebot3_simulations/turtlebot3_gazebo', 'symlink_install': False, 'test_result_base': None}
[0.701s] Level 5:colcon.colcon_core.verb:set package 'turtlebot3_simulations' build argument 'cmake_args' from command line to 'None'
[0.701s] Level 5:colcon.colcon_core.verb:set package 'turtlebot3_simulations' build argument 'cmake_target' from command line to 'None'
[0.701s] Level 5:colcon.colcon_core.verb:set package 'turtlebot3_simulations' build argument 'cmake_target_skip_unavailable' from command line to 'False'
[0.701s] Level 5:colcon.colcon_core.verb:set package 'turtlebot3_simulations' build argument 'cmake_clean_cache' from command line to 'False'
[0.701s] Level 5:colcon.colcon_core.verb:set package 'turtlebot3_simulations' build argument 'cmake_clean_first' from command line to 'False'
[0.701s] Level 5:colcon.colcon_core.verb:set package 'turtlebot3_simulations' build argument 'cmake_force_configure' from command line to 'False'
[0.701s] Level 5:colcon.colcon_core.verb:set package 'turtlebot3_simulations' build argument 'ament_cmake_args' from command line to 'None'
[0.701s] Level 5:colcon.colcon_core.verb:set package 'turtlebot3_simulations' build argument 'catkin_cmake_args' from command line to 'None'
[0.701s] Level 5:colcon.colcon_core.verb:set package 'turtlebot3_simulations' build argument 'catkin_skip_building_tests' from command line to 'False'
[0.701s] DEBUG:colcon.colcon_core.verb:Building package 'turtlebot3_simulations' with the following arguments: {'ament_cmake_args': None, 'build_base': '/home/matthewbanks/turtlebot3_ws/build/turtlebot3_simulations', 'catkin_cmake_args': None, 'catkin_skip_building_tests': False, 'cmake_args': None, 'cmake_clean_cache': False, 'cmake_clean_first': False, 'cmake_force_configure': False, 'cmake_target': None, 'cmake_target_skip_unavailable': False, 'install_base': '/home/matthewbanks/turtlebot3_ws/install/turtlebot3_simulations', 'merge_install': False, 'path': '/home/matthewbanks/turtlebot3_ws/src/turtlebot3_simulations/turtlebot3_simulations', 'symlink_install': False, 'test_result_base': None}
[0.703s] INFO:colcon.colcon_core.executor:Executing jobs using 'parallel' executor
[0.707s] DEBUG:colcon.colcon_parallel_executor.executor.parallel:run_until_complete
[0.708s] INFO:colcon.colcon_ros.task.ament_cmake.build:Building ROS package in '/home/matthewbanks/turtlebot3_ws/src/turtlebot3_simulations/turtlebot3_fake_node' with build type 'ament_cmake'
[0.708s] INFO:colcon.colcon_cmake.task.cmake.build:Building CMake package in '/home/matthewbanks/turtlebot3_ws/src/turtlebot3_simulations/turtlebot3_fake_node'
[0.713s] INFO:colcon.colcon_core.plugin_system:Skipping extension 'colcon_core.shell.bat': Not used on non-Windows systems
[0.714s] INFO:colcon.colcon_core.shell:Skip shell extension 'powershell' for command environment: Not usable outside of PowerShell
[0.714s] DEBUG:colcon.colcon_core.shell:Skip shell extension 'dsv' for command environment
[0.723s] INFO:colcon.colcon_ros.task.ament_cmake.build:Building ROS package in '/home/matthewbanks/turtlebot3_ws/src/turtlebot3_simulations/turtlebot3_gazebo' with build type 'ament_cmake'
[0.723s] INFO:colcon.colcon_cmake.task.cmake.build:Building CMake package in '/home/matthewbanks/turtlebot3_ws/src/turtlebot3_simulations/turtlebot3_gazebo'
[0.725s] INFO:colcon.colcon_core.shell:Skip shell extension 'powershell' for command environment: Not usable outside of PowerShell
[0.725s] DEBUG:colcon.colcon_core.shell:Skip shell extension 'dsv' for command environment
[0.732s] INFO:colcon.colcon_ros.task.ament_python.build:Building ROS package in '/home/matthewbanks/turtlebot3_ws/src/gesture_cont' with build type 'ament_python'
[0.733s] Level 1:colcon.colcon_core.shell:create_environment_hook('gesture_cont', 'ament_prefix_path')
[0.735s] INFO:colcon.colcon_core.shell:Creating environment hook '/home/matthewbanks/turtlebot3_ws/install/gesture_cont/share/gesture_cont/hook/ament_prefix_path.ps1'
[0.736s] INFO:colcon.colcon_core.shell:Creating environment descriptor '/home/matthewbanks/turtlebot3_ws/install/gesture_cont/share/gesture_cont/hook/ament_prefix_path.dsv'
[0.736s] INFO:colcon.colcon_core.shell:Creating environment hook '/home/matthewbanks/turtlebot3_ws/install/gesture_cont/share/gesture_cont/hook/ament_prefix_path.sh'
[0.740s] INFO:colcon.colcon_core.shell:Skip shell extension 'powershell' for command environment: Not usable outside of PowerShell
[0.740s] DEBUG:colcon.colcon_core.shell:Skip shell extension 'dsv' for command environment
[0.763s] DEBUG:colcon.colcon_core.event_handler.log_command:Invoking command in '/home/matthewbanks/turtlebot3_ws/build/turtlebot3_fake_node': CMAKE_PREFIX_PATH=${CMAKE_PREFIX_PATH}:/home/matthewbanks/turtlebot3_ws/install/gesture_cont:/opt/ros/humble /usr/bin/cmake --build /home/matthewbanks/turtlebot3_ws/build/turtlebot3_fake_node -- -j4 -l4
[0.763s] DEBUG:colcon.colcon_core.event_handler.log_command:Invoking command in '/home/matthewbanks/turtlebot3_ws/build/turtlebot3_gazebo': CMAKE_PREFIX_PATH=${CMAKE_PREFIX_PATH}:/home/matthewbanks/turtlebot3_ws/install/gesture_cont:/opt/ros/humble /usr/bin/cmake --build /home/matthewbanks/turtlebot3_ws/build/turtlebot3_gazebo -- -j4 -l4
[1.300s] INFO:colcon.colcon_core.task.python.build:Building Python package in '/home/matthewbanks/turtlebot3_ws/src/gesture_cont'
[1.302s] INFO:colcon.colcon_core.shell:Skip shell extension 'powershell' for command environment: Not usable outside of PowerShell
[1.302s] DEBUG:colcon.colcon_core.shell:Skip shell extension 'dsv' for command environment
[1.312s] DEBUG:colcon.colcon_core.event_handler.log_command:Invoked command in '/home/matthewbanks/turtlebot3_ws/build/turtlebot3_gazebo' returned '0': CMAKE_PREFIX_PATH=${CMAKE_PREFIX_PATH}:/home/matthewbanks/turtlebot3_ws/install/gesture_cont:/opt/ros/humble /usr/bin/cmake --build /home/matthewbanks/turtlebot3_ws/build/turtlebot3_gazebo -- -j4 -l4
[1.324s] DEBUG:colcon.colcon_core.event_handler.log_command:Invoked command in '/home/matthewbanks/turtlebot3_ws/build/turtlebot3_fake_node' returned '0': CMAKE_PREFIX_PATH=${CMAKE_PREFIX_PATH}:/home/matthewbanks/turtlebot3_ws/install/gesture_cont:/opt/ros/humble /usr/bin/cmake --build /home/matthewbanks/turtlebot3_ws/build/turtlebot3_fake_node -- -j4 -l4
[1.416s] DEBUG:colcon.colcon_core.event_handler.log_command:Invoking command in '/home/matthewbanks/turtlebot3_ws/build/turtlebot3_fake_node': CMAKE_PREFIX_PATH=${CMAKE_PREFIX_PATH}:/home/matthewbanks/turtlebot3_ws/install/gesture_cont:/opt/ros/humble /usr/bin/cmake --install /home/matthewbanks/turtlebot3_ws/build/turtlebot3_fake_node
[1.432s] DEBUG:colcon.colcon_core.event_handler.log_command:Invoking command in '/home/matthewbanks/turtlebot3_ws/build/turtlebot3_gazebo': CMAKE_PREFIX_PATH=${CMAKE_PREFIX_PATH}:/home/matthewbanks/turtlebot3_ws/install/gesture_cont:/opt/ros/humble /usr/bin/cmake --install /home/matthewbanks/turtlebot3_ws/build/turtlebot3_gazebo
[1.436s] Level 1:colcon.colcon_core.environment:create_environment_scripts_only(turtlebot3_fake_node)
[1.449s] Level 1:colcon.colcon_core.environment:checking '/home/matthewbanks/turtlebot3_ws/install/turtlebot3_fake_node' for CMake module files
[1.450s] Level 1:colcon.colcon_core.environment:checking '/home/matthewbanks/turtlebot3_ws/install/turtlebot3_fake_node' for CMake config files
[1.450s] Level 1:colcon.colcon_core.shell:create_environment_hook('turtlebot3_fake_node', 'cmake_prefix_path')
[1.452s] INFO:colcon.colcon_core.shell:Creating environment hook '/home/matthewbanks/turtlebot3_ws/install/turtlebot3_fake_node/share/turtlebot3_fake_node/hook/cmake_prefix_path.ps1'
[1.452s] INFO:colcon.colcon_core.shell:Creating environment descriptor '/home/matthewbanks/turtlebot3_ws/install/turtlebot3_fake_node/share/turtlebot3_fake_node/hook/cmake_prefix_path.dsv'
[1.453s] INFO:colcon.colcon_core.shell:Creating environment hook '/home/matthewbanks/turtlebot3_ws/install/turtlebot3_fake_node/share/turtlebot3_fake_node/hook/cmake_prefix_path.sh'
[1.453s] Level 1:colcon.colcon_core.environment:checking '/home/matthewbanks/turtlebot3_ws/install/turtlebot3_fake_node/lib'
[1.454s] Level 1:colcon.colcon_core.environment:checking '/home/matthewbanks/turtlebot3_ws/install/turtlebot3_fake_node/bin'
[1.454s] Level 1:colcon.colcon_core.environment:checking '/home/matthewbanks/turtlebot3_ws/install/turtlebot3_fake_node/lib/pkgconfig/turtlebot3_fake_node.pc'
[1.454s] Level 1:colcon.colcon_core.environment:checking '/home/matthewbanks/turtlebot3_ws/install/turtlebot3_fake_node/lib/python3.10/site-packages'
[1.454s] Level 1:colcon.colcon_core.environment:checking '/home/matthewbanks/turtlebot3_ws/install/turtlebot3_fake_node/bin'
[1.456s] INFO:colcon.colcon_core.shell:Creating package script '/home/matthewbanks/turtlebot3_ws/install/turtlebot3_fake_node/share/turtlebot3_fake_node/package.ps1'
[1.457s] INFO:colcon.colcon_core.shell:Creating package descriptor '/home/matthewbanks/turtlebot3_ws/install/turtlebot3_fake_node/share/turtlebot3_fake_node/package.dsv'
[1.457s] INFO:colcon.colcon_core.shell:Creating package script '/home/matthewbanks/turtlebot3_ws/install/turtlebot3_fake_node/share/turtlebot3_fake_node/package.sh'
[1.458s] INFO:colcon.colcon_core.shell:Creating package script '/home/matthewbanks/turtlebot3_ws/install/turtlebot3_fake_node/share/turtlebot3_fake_node/package.bash'
[1.459s] INFO:colcon.colcon_core.shell:Creating package script '/home/matthewbanks/turtlebot3_ws/install/turtlebot3_fake_node/share/turtlebot3_fake_node/package.zsh'
[1.460s] Level 1:colcon.colcon_core.environment:create_file_with_runtime_dependencies(/home/matthewbanks/turtlebot3_ws/install/turtlebot3_fake_node/share/colcon-core/packages/turtlebot3_fake_node)
[1.464s] DEBUG:colcon.colcon_core.event_handler.log_command:Invoked command in '/home/matthewbanks/turtlebot3_ws/build/turtlebot3_fake_node' returned '0': CMAKE_PREFIX_PATH=${CMAKE_PREFIX_PATH}:/home/matthewbanks/turtlebot3_ws/install/gesture_cont:/opt/ros/humble /usr/bin/cmake --install /home/matthewbanks/turtlebot3_ws/build/turtlebot3_fake_node
[1.482s] Level 1:colcon.colcon_core.environment:create_environment_scripts_only(turtlebot3_gazebo)
[1.485s] Level 1:colcon.colcon_core.environment:checking '/home/matthewbanks/turtlebot3_ws/install/turtlebot3_gazebo' for CMake module files
[1.487s] Level 1:colcon.colcon_core.environment:checking '/home/matthewbanks/turtlebot3_ws/install/turtlebot3_gazebo' for CMake config files
[1.488s] Level 1:colcon.colcon_core.shell:create_environment_hook('turtlebot3_gazebo', 'cmake_prefix_path')
[1.492s] INFO:colcon.colcon_core.shell:Creating environment hook '/home/matthewbanks/turtlebot3_ws/install/turtlebot3_gazebo/share/turtlebot3_gazebo/hook/cmake_prefix_path.ps1'
[1.492s] INFO:colcon.colcon_core.shell:Creating environment descriptor '/home/matthewbanks/turtlebot3_ws/install/turtlebot3_gazebo/share/turtlebot3_gazebo/hook/cmake_prefix_path.dsv'
[1.493s] INFO:colcon.colcon_core.shell:Creating environment hook '/home/matthewbanks/turtlebot3_ws/install/turtlebot3_gazebo/share/turtlebot3_gazebo/hook/cmake_prefix_path.sh'
[1.494s] Level 1:colcon.colcon_core.environment:checking '/home/matthewbanks/turtlebot3_ws/install/turtlebot3_gazebo/lib'
[1.494s] Level 1:colcon.colcon_core.environment:checking '/home/matthewbanks/turtlebot3_ws/install/turtlebot3_gazebo/bin'
[1.494s] Level 1:colcon.colcon_core.environment:checking '/home/matthewbanks/turtlebot3_ws/install/turtlebot3_gazebo/lib/pkgconfig/turtlebot3_gazebo.pc'
[1.494s] Level 1:colcon.colcon_core.environment:checking '/home/matthewbanks/turtlebot3_ws/install/turtlebot3_gazebo/lib/python3.10/site-packages'
[1.494s] Level 1:colcon.colcon_core.environment:checking '/home/matthewbanks/turtlebot3_ws/install/turtlebot3_gazebo/bin'
[1.497s] INFO:colcon.colcon_core.shell:Creating package script '/home/matthewbanks/turtlebot3_ws/install/turtlebot3_gazebo/share/turtlebot3_gazebo/package.ps1'
[1.498s] DEBUG:colcon.colcon_core.event_handler.log_command:Invoked command in '/home/matthewbanks/turtlebot3_ws/build/turtlebot3_gazebo' returned '0': CMAKE_PREFIX_PATH=${CMAKE_PREFIX_PATH}:/home/matthewbanks/turtlebot3_ws/install/gesture_cont:/opt/ros/humble /usr/bin/cmake --install /home/matthewbanks/turtlebot3_ws/build/turtlebot3_gazebo
[1.499s] INFO:colcon.colcon_core.shell:Creating package descriptor '/home/matthewbanks/turtlebot3_ws/install/turtlebot3_gazebo/share/turtlebot3_gazebo/package.dsv'
[1.500s] INFO:colcon.colcon_core.shell:Creating package script '/home/matthewbanks/turtlebot3_ws/install/turtlebot3_gazebo/share/turtlebot3_gazebo/package.sh'
[1.501s] INFO:colcon.colcon_core.shell:Creating package script '/home/matthewbanks/turtlebot3_ws/install/turtlebot3_gazebo/share/turtlebot3_gazebo/package.bash'
[1.501s] INFO:colcon.colcon_core.shell:Creating package script '/home/matthewbanks/turtlebot3_ws/install/turtlebot3_gazebo/share/turtlebot3_gazebo/package.zsh'
[1.502s] Level 1:colcon.colcon_core.environment:create_file_with_runtime_dependencies(/home/matthewbanks/turtlebot3_ws/install/turtlebot3_gazebo/share/colcon-core/packages/turtlebot3_gazebo)
[1.544s] Level 1:colcon.colcon_core.environment:create_environment_scripts_only(turtlebot3_fake_node)
[1.547s] Level 1:colcon.colcon_core.environment:checking '/home/matthewbanks/turtlebot3_ws/install/turtlebot3_fake_node' for CMake module files
[1.548s] Level 1:colcon.colcon_core.environment:checking '/home/matthewbanks/turtlebot3_ws/install/turtlebot3_fake_node' for CMake config files
[1.548s] Level 1:colcon.colcon_core.shell:create_environment_hook('turtlebot3_fake_node', 'cmake_prefix_path')
[1.551s] INFO:colcon.colcon_core.shell:Creating environment hook '/home/matthewbanks/turtlebot3_ws/install/turtlebot3_fake_node/share/turtlebot3_fake_node/hook/cmake_prefix_path.ps1'
[1.552s] INFO:colcon.colcon_core.shell:Creating environment descriptor '/home/matthewbanks/turtlebot3_ws/install/turtlebot3_fake_node/share/turtlebot3_fake_node/hook/cmake_prefix_path.dsv'
[1.555s] INFO:colcon.colcon_core.shell:Creating environment hook '/home/matthewbanks/turtlebot3_ws/install/turtlebot3_fake_node/share/turtlebot3_fake_node/hook/cmake_prefix_path.sh'
[1.556s] Level 1:colcon.colcon_core.environment:checking '/home/matthewbanks/turtlebot3_ws/install/turtlebot3_fake_node/lib'
[1.556s] Level 1:colcon.colcon_core.environment:checking '/home/matthewbanks/turtlebot3_ws/install/turtlebot3_fake_node/bin'
[1.556s] Level 1:colcon.colcon_core.environment:checking '/home/matthewbanks/turtlebot3_ws/install/turtlebot3_fake_node/lib/pkgconfig/turtlebot3_fake_node.pc'
[1.556s] Level 1:colcon.colcon_core.environment:checking '/home/matthewbanks/turtlebot3_ws/install/turtlebot3_fake_node/lib/python3.10/site-packages'
[1.556s] Level 1:colcon.colcon_core.environment:checking '/home/matthewbanks/turtlebot3_ws/install/turtlebot3_fake_node/bin'
[1.558s] INFO:colcon.colcon_core.shell:Creating package script '/home/matthewbanks/turtlebot3_ws/install/turtlebot3_fake_node/share/turtlebot3_fake_node/package.ps1'
[1.559s] INFO:colcon.colcon_core.shell:Creating package descriptor '/home/matthewbanks/turtlebot3_ws/install/turtlebot3_fake_node/share/turtlebot3_fake_node/package.dsv'
[1.559s] INFO:colcon.colcon_core.shell:Creating package script '/home/matthewbanks/turtlebot3_ws/install/turtlebot3_fake_node/share/turtlebot3_fake_node/package.sh'
[1.560s] INFO:colcon.colcon_core.shell:Creating package script '/home/matthewbanks/turtlebot3_ws/install/turtlebot3_fake_node/share/turtlebot3_fake_node/package.bash'
[1.563s] INFO:colcon.colcon_core.shell:Creating package script '/home/matthewbanks/turtlebot3_ws/install/turtlebot3_fake_node/share/turtlebot3_fake_node/package.zsh'
[1.563s] Level 1:colcon.colcon_core.environment:create_file_with_runtime_dependencies(/home/matthewbanks/turtlebot3_ws/install/turtlebot3_fake_node/share/colcon-core/packages/turtlebot3_fake_node)
[1.633s] Level 1:colcon.colcon_core.environment:create_environment_scripts_only(turtlebot3_gazebo)
[1.636s] Level 1:colcon.colcon_core.environment:checking '/home/matthewbanks/turtlebot3_ws/install/turtlebot3_gazebo' for CMake module files
[1.636s] Level 1:colcon.colcon_core.environment:checking '/home/matthewbanks/turtlebot3_ws/install/turtlebot3_gazebo' for CMake config files
[1.638s] Level 1:colcon.colcon_core.shell:create_environment_hook('turtlebot3_gazebo', 'cmake_prefix_path')
[1.640s] INFO:colcon.colcon_core.shell:Creating environment hook '/home/matthewbanks/turtlebot3_ws/install/turtlebot3_gazebo/share/turtlebot3_gazebo/hook/cmake_prefix_path.ps1'
[1.641s] INFO:colcon.colcon_core.shell:Creating environment descriptor '/home/matthewbanks/turtlebot3_ws/install/turtlebot3_gazebo/share/turtlebot3_gazebo/hook/cmake_prefix_path.dsv'
[1.641s] INFO:colcon.colcon_core.shell:Creating environment hook '/home/matthewbanks/turtlebot3_ws/install/turtlebot3_gazebo/share/turtlebot3_gazebo/hook/cmake_prefix_path.sh'
[1.643s] Level 1:colcon.colcon_core.environment:checking '/home/matthewbanks/turtlebot3_ws/install/turtlebot3_gazebo/lib'
[1.643s] Level 1:colcon.colcon_core.environment:checking '/home/matthewbanks/turtlebot3_ws/install/turtlebot3_gazebo/bin'
[1.643s] Level 1:colcon.colcon_core.environment:checking '/home/matthewbanks/turtlebot3_ws/install/turtlebot3_gazebo/lib/pkgconfig/turtlebot3_gazebo.pc'
[1.644s] Level 1:colcon.colcon_core.environment:checking '/home/matthewbanks/turtlebot3_ws/install/turtlebot3_gazebo/lib/python3.10/site-packages'
[1.644s] Level 1:colcon.colcon_core.environment:checking '/home/matthewbanks/turtlebot3_ws/install/turtlebot3_gazebo/bin'
[1.646s] INFO:colcon.colcon_core.shell:Creating package script '/home/matthewbanks/turtlebot3_ws/install/turtlebot3_gazebo/share/turtlebot3_gazebo/package.ps1'
[1.646s] INFO:colcon.colcon_core.shell:Creating package descriptor '/home/matthewbanks/turtlebot3_ws/install/turtlebot3_gazebo/share/turtlebot3_gazebo/package.dsv'
[1.647s] INFO:colcon.colcon_core.shell:Creating package script '/home/matthewbanks/turtlebot3_ws/install/turtlebot3_gazebo/share/turtlebot3_gazebo/package.sh'
[1.647s] INFO:colcon.colcon_core.shell:Creating package script '/home/matthewbanks/turtlebot3_ws/install/turtlebot3_gazebo/share/turtlebot3_gazebo/package.bash'
[1.647s] INFO:colcon.colcon_core.shell:Creating package script '/home/matthewbanks/turtlebot3_ws/install/turtlebot3_gazebo/share/turtlebot3_gazebo/package.zsh'
[1.648s] Level 1:colcon.colcon_core.environment:create_file_with_runtime_dependencies(/home/matthewbanks/turtlebot3_ws/install/turtlebot3_gazebo/share/colcon-core/packages/turtlebot3_gazebo)
[1.649s] INFO:colcon.colcon_ros.task.ament_cmake.build:Building ROS package in '/home/matthewbanks/turtlebot3_ws/src/turtlebot3_simulations/turtlebot3_simulations' with build type 'ament_cmake'
[1.651s] INFO:colcon.colcon_cmake.task.cmake.build:Building CMake package in '/home/matthewbanks/turtlebot3_ws/src/turtlebot3_simulations/turtlebot3_simulations'
[1.653s] INFO:colcon.colcon_core.shell:Skip shell extension 'powershell' for command environment: Not usable outside of PowerShell
[1.653s] DEBUG:colcon.colcon_core.shell:Skip shell extension 'dsv' for command environment
[1.680s] DEBUG:colcon.colcon_core.event_handler.log_command:Invoking command in '/home/matthewbanks/turtlebot3_ws/build/turtlebot3_simulations': CMAKE_PREFIX_PATH=/home/matthewbanks/turtlebot3_ws/install/turtlebot3_gazebo:/home/matthewbanks/turtlebot3_ws/install/turtlebot3_fake_node:/home/matthewbanks/turtlebot3_ws/install/turtlebot3_simulations:/home/matthewbanks/turtlebot3_ws/install/gesture_cont:/opt/ros/humble /usr/bin/cmake --build /home/matthewbanks/turtlebot3_ws/build/turtlebot3_simulations -- -j4 -l4
[1.757s] DEBUG:colcon.colcon_core.event_handler.log_command:Invoked command in '/home/matthewbanks/turtlebot3_ws/build/turtlebot3_simulations' returned '0': CMAKE_PREFIX_PATH=/home/matthewbanks/turtlebot3_ws/install/turtlebot3_gazebo:/home/matthewbanks/turtlebot3_ws/install/turtlebot3_fake_node:/home/matthewbanks/turtlebot3_ws/install/turtlebot3_simulations:/home/matthewbanks/turtlebot3_ws/install/gesture_cont:/opt/ros/humble /usr/bin/cmake --build /home/matthewbanks/turtlebot3_ws/build/turtlebot3_simulations -- -j4 -l4
[1.808s] DEBUG:colcon.colcon_core.event_handler.log_command:Invoking command in '/home/matthewbanks/turtlebot3_ws/build/turtlebot3_simulations': CMAKE_PREFIX_PATH=/home/matthewbanks/turtlebot3_ws/install/turtlebot3_gazebo:/home/matthewbanks/turtlebot3_ws/install/turtlebot3_fake_node:/home/matthewbanks/turtlebot3_ws/install/turtlebot3_simulations:/home/matthewbanks/turtlebot3_ws/install/gesture_cont:/opt/ros/humble /usr/bin/cmake --install /home/matthewbanks/turtlebot3_ws/build/turtlebot3_simulations
[1.827s] Level 1:colcon.colcon_core.environment:create_environment_scripts_only(turtlebot3_simulations)
[1.831s] Level 1:colcon.colcon_core.environment:checking '/home/matthewbanks/turtlebot3_ws/install/turtlebot3_simulations' for CMake module files
[1.832s] DEBUG:colcon.colcon_core.event_handler.log_command:Invoked command in '/home/matthewbanks/turtlebot3_ws/build/turtlebot3_simulations' returned '0': CMAKE_PREFIX_PATH=/home/matthewbanks/turtlebot3_ws/install/turtlebot3_gazebo:/home/matthewbanks/turtlebot3_ws/install/turtlebot3_fake_node:/home/matthewbanks/turtlebot3_ws/install/turtlebot3_simulations:/home/matthewbanks/turtlebot3_ws/install/gesture_cont:/opt/ros/humble /usr/bin/cmake --install /home/matthewbanks/turtlebot3_ws/build/turtlebot3_simulations
[1.832s] Level 1:colcon.colcon_core.environment:checking '/home/matthewbanks/turtlebot3_ws/install/turtlebot3_simulations' for CMake config files
[1.833s] Level 1:colcon.colcon_core.shell:create_environment_hook('turtlebot3_simulations', 'cmake_prefix_path')
[1.835s] INFO:colcon.colcon_core.shell:Creating environment hook '/home/matthewbanks/turtlebot3_ws/install/turtlebot3_simulations/share/turtlebot3_simulations/hook/cmake_prefix_path.ps1'
[1.835s] INFO:colcon.colcon_core.shell:Creating environment descriptor '/home/matthewbanks/turtlebot3_ws/install/turtlebot3_simulations/share/turtlebot3_simulations/hook/cmake_prefix_path.dsv'
[1.836s] INFO:colcon.colcon_core.shell:Creating environment hook '/home/matthewbanks/turtlebot3_ws/install/turtlebot3_simulations/share/turtlebot3_simulations/hook/cmake_prefix_path.sh'
[1.837s] Level 1:colcon.colcon_core.environment:checking '/home/matthewbanks/turtlebot3_ws/install/turtlebot3_simulations/bin'
[1.837s] Level 1:colcon.colcon_core.environment:checking '/home/matthewbanks/turtlebot3_ws/install/turtlebot3_simulations/lib/pkgconfig/turtlebot3_simulations.pc'
[1.837s] Level 1:colcon.colcon_core.environment:checking '/home/matthewbanks/turtlebot3_ws/install/turtlebot3_simulations/lib/python3.10/site-packages'
[1.837s] Level 1:colcon.colcon_core.environment:checking '/home/matthewbanks/turtlebot3_ws/install/turtlebot3_simulations/bin'
[1.841s] INFO:colcon.colcon_core.shell:Creating package script '/home/matthewbanks/turtlebot3_ws/install/turtlebot3_simulations/share/turtlebot3_simulations/package.ps1'
[1.842s] INFO:colcon.colcon_core.shell:Creating package descriptor '/home/matthewbanks/turtlebot3_ws/install/turtlebot3_simulations/share/turtlebot3_simulations/package.dsv'
[1.842s] INFO:colcon.colcon_core.shell:Creating package script '/home/matthewbanks/turtlebot3_ws/install/turtlebot3_simulations/share/turtlebot3_simulations/package.sh'
[1.843s] INFO:colcon.colcon_core.shell:Creating package script '/home/matthewbanks/turtlebot3_ws/install/turtlebot3_simulations/share/turtlebot3_simulations/package.bash'
[1.843s] INFO:colcon.colcon_core.shell:Creating package script '/home/matthewbanks/turtlebot3_ws/install/turtlebot3_simulations/share/turtlebot3_simulations/package.zsh'
[1.844s] Level 1:colcon.colcon_core.environment:create_file_with_runtime_dependencies(/home/matthewbanks/turtlebot3_ws/install/turtlebot3_simulations/share/colcon-core/packages/turtlebot3_simulations)
[1.896s] Level 1:colcon.colcon_core.environment:create_environment_scripts_only(turtlebot3_simulations)
[1.899s] Level 1:colcon.colcon_core.environment:checking '/home/matthewbanks/turtlebot3_ws/install/turtlebot3_simulations' for CMake module files
[1.899s] Level 1:colcon.colcon_core.environment:checking '/home/matthewbanks/turtlebot3_ws/install/turtlebot3_simulations' for CMake config files
[1.905s] Level 1:colcon.colcon_core.shell:create_environment_hook('turtlebot3_simulations', 'cmake_prefix_path')
[1.912s] INFO:colcon.colcon_core.shell:Creating environment hook '/home/matthewbanks/turtlebot3_ws/install/turtlebot3_simulations/share/turtlebot3_simulations/hook/cmake_prefix_path.ps1'
[1.913s] INFO:colcon.colcon_core.shell:Creating environment descriptor '/home/matthewbanks/turtlebot3_ws/install/turtlebot3_simulations/share/turtlebot3_simulations/hook/cmake_prefix_path.dsv'
[1.913s] INFO:colcon.colcon_core.shell:Creating environment hook '/home/matthewbanks/turtlebot3_ws/install/turtlebot3_simulations/share/turtlebot3_simulations/hook/cmake_prefix_path.sh'
[1.914s] Level 1:colcon.colcon_core.environment:checking '/home/matthewbanks/turtlebot3_ws/install/turtlebot3_simulations/bin'
[1.914s] Level 1:colcon.colcon_core.environment:checking '/home/matthewbanks/turtlebot3_ws/install/turtlebot3_simulations/lib/pkgconfig/turtlebot3_simulations.pc'
[1.914s] Level 1:colcon.colcon_core.environment:checking '/home/matthewbanks/turtlebot3_ws/install/turtlebot3_simulations/lib/python3.10/site-packages'
[1.915s] Level 1:colcon.colcon_core.environment:checking '/home/matthewbanks/turtlebot3_ws/install/turtlebot3_simulations/bin'
[1.920s] INFO:colcon.colcon_core.shell:Creating package script '/home/matthewbanks/turtlebot3_ws/install/turtlebot3_simulations/share/turtlebot3_simulations/package.ps1'
[1.921s] INFO:colcon.colcon_core.shell:Creating package descriptor '/home/matthewbanks/turtlebot3_ws/install/turtlebot3_simulations/share/turtlebot3_simulations/package.dsv'
[1.922s] INFO:colcon.colcon_core.shell:Creating package script '/home/matthewbanks/turtlebot3_ws/install/turtlebot3_simulations/share/turtlebot3_simulations/package.sh'
[1.922s] INFO:colcon.colcon_core.shell:Creating package script '/home/matthewbanks/turtlebot3_ws/install/turtlebot3_simulations/share/turtlebot3_simulations/package.bash'
[1.923s] INFO:colcon.colcon_core.shell:Creating package script '/home/matthewbanks/turtlebot3_ws/install/turtlebot3_simulations/share/turtlebot3_simulations/package.zsh'
[1.924s] Level 1:colcon.colcon_core.environment:create_file_with_runtime_dependencies(/home/matthewbanks/turtlebot3_ws/install/turtlebot3_simulations/share/colcon-core/packages/turtlebot3_simulations)
[2.048s] DEBUG:colcon.colcon_core.event_handler.log_command:Invoking command in '/home/matthewbanks/turtlebot3_ws/src/gesture_cont': PYTHONPATH=/home/matthewbanks/turtlebot3_ws/build/gesture_cont/prefix_override:/home/matthewbanks/turtlebot3_ws/install/gesture_cont/lib/python3.10/site-packages:${PYTHONPATH} /usr/bin/python3 setup.py egg_info --egg-base ../../build/gesture_cont build --build-base /home/matthewbanks/turtlebot3_ws/build/gesture_cont/build install --record /home/matthewbanks/turtlebot3_ws/build/gesture_cont/install.log --single-version-externally-managed
[2.519s] Level 1:colcon.colcon_core.environment:checking '/home/matthewbanks/turtlebot3_ws/install/gesture_cont' for CMake module files
[2.520s] Level 1:colcon.colcon_core.environment:checking '/home/matthewbanks/turtlebot3_ws/install/gesture_cont' for CMake config files
[2.520s] Level 1:colcon.colcon_core.environment:checking '/home/matthewbanks/turtlebot3_ws/install/gesture_cont/lib'
[2.520s] Level 1:colcon.colcon_core.environment:checking '/home/matthewbanks/turtlebot3_ws/install/gesture_cont/bin'
[2.520s] Level 1:colcon.colcon_core.environment:checking '/home/matthewbanks/turtlebot3_ws/install/gesture_cont/lib/pkgconfig/gesture_cont.pc'
[2.521s] Level 1:colcon.colcon_core.environment:checking '/home/matthewbanks/turtlebot3_ws/install/gesture_cont/lib/python3.10/site-packages'
[2.521s] Level 1:colcon.colcon_core.shell:create_environment_hook('gesture_cont', 'pythonpath')
[2.525s] INFO:colcon.colcon_core.shell:Creating environment hook '/home/matthewbanks/turtlebot3_ws/install/gesture_cont/share/gesture_cont/hook/pythonpath.ps1'
[2.525s] INFO:colcon.colcon_core.shell:Creating environment descriptor '/home/matthewbanks/turtlebot3_ws/install/gesture_cont/share/gesture_cont/hook/pythonpath.dsv'
[2.526s] DEBUG:colcon.colcon_core.event_handler.log_command:Invoked command in '/home/matthewbanks/turtlebot3_ws/src/gesture_cont' returned '0': PYTHONPATH=/home/matthewbanks/turtlebot3_ws/build/gesture_cont/prefix_override:/home/matthewbanks/turtlebot3_ws/install/gesture_cont/lib/python3.10/site-packages:${PYTHONPATH} /usr/bin/python3 setup.py egg_info --egg-base ../../build/gesture_cont build --build-base /home/matthewbanks/turtlebot3_ws/build/gesture_cont/build install --record /home/matthewbanks/turtlebot3_ws/build/gesture_cont/install.log --single-version-externally-managed
[2.526s] INFO:colcon.colcon_core.shell:Creating environment hook '/home/matthewbanks/turtlebot3_ws/install/gesture_cont/share/gesture_cont/hook/pythonpath.sh'
[2.527s] Level 1:colcon.colcon_core.environment:checking '/home/matthewbanks/turtlebot3_ws/install/gesture_cont/bin'
[2.527s] Level 1:colcon.colcon_core.environment:create_environment_scripts_only(gesture_cont)
[2.530s] INFO:colcon.colcon_core.shell:Creating package script '/home/matthewbanks/turtlebot3_ws/install/gesture_cont/share/gesture_cont/package.ps1'
[2.531s] INFO:colcon.colcon_core.shell:Creating package descriptor '/home/matthewbanks/turtlebot3_ws/install/gesture_cont/share/gesture_cont/package.dsv'
[2.532s] INFO:colcon.colcon_core.shell:Creating package script '/home/matthewbanks/turtlebot3_ws/install/gesture_cont/share/gesture_cont/package.sh'
[2.532s] INFO:colcon.colcon_core.shell:Creating package script '/home/matthewbanks/turtlebot3_ws/install/gesture_cont/share/gesture_cont/package.bash'
[2.533s] INFO:colcon.colcon_core.shell:Creating package script '/home/matthewbanks/turtlebot3_ws/install/gesture_cont/share/gesture_cont/package.zsh'
[2.533s] Level 1:colcon.colcon_core.environment:create_file_with_runtime_dependencies(/home/matthewbanks/turtlebot3_ws/install/gesture_cont/share/colcon-core/packages/gesture_cont)
[2.534s] DEBUG:colcon.colcon_parallel_executor.executor.parallel:closing loop
[2.534s] DEBUG:colcon.colcon_parallel_executor.executor.parallel:loop closed
[2.534s] DEBUG:colcon.colcon_parallel_executor.executor.parallel:run_until_complete finished with '0'
[2.535s] DEBUG:colcon.colcon_core.event_reactor:joining thread
[2.544s] INFO:colcon.colcon_core.plugin_system:Skipping extension 'colcon_notification.desktop_notification.terminal_notifier': Not used on non-Darwin systems
[2.544s] INFO:colcon.colcon_core.plugin_system:Skipping extension 'colcon_notification.desktop_notification.win32': Not used on non-Windows systems
[2.545s] INFO:colcon.colcon_notification.desktop_notification:Sending desktop notification using 'notify2'
[2.573s] DEBUG:colcon.colcon_core.event_reactor:joined thread
[2.575s] INFO:colcon.colcon_core.shell:Creating prefix script '/home/matthewbanks/turtlebot3_ws/install/local_setup.ps1'
[2.576s] INFO:colcon.colcon_core.shell:Creating prefix util module '/home/matthewbanks/turtlebot3_ws/install/_local_setup_util_ps1.py'
[2.586s] INFO:colcon.colcon_core.shell:Creating prefix chain script '/home/matthewbanks/turtlebot3_ws/install/setup.ps1'
[2.588s] INFO:colcon.colcon_core.shell:Creating prefix script '/home/matthewbanks/turtlebot3_ws/install/local_setup.sh'
[2.589s] INFO:colcon.colcon_core.shell:Creating prefix util module '/home/matthewbanks/turtlebot3_ws/install/_local_setup_util_sh.py'
[2.590s] INFO:colcon.colcon_core.shell:Creating prefix chain script '/home/matthewbanks/turtlebot3_ws/install/setup.sh'
[2.592s] INFO:colcon.colcon_core.shell:Creating prefix script '/home/matthewbanks/turtlebot3_ws/install/local_setup.bash'
[2.593s] INFO:colcon.colcon_core.shell:Creating prefix chain script '/home/matthewbanks/turtlebot3_ws/install/setup.bash'
[2.596s] INFO:colcon.colcon_core.shell:Creating prefix script '/home/matthewbanks/turtlebot3_ws/install/local_setup.zsh'
[2.596s] INFO:colcon.colcon_core.shell:Creating prefix chain script '/home/matthewbanks/turtlebot3_ws/install/setup.zsh'
