[1.663s] Invoking command in '/home/matthewbanks/turtlebot3_ws/src/gesture_cont': PYTHONPATH=/home/matthewbanks/turtlebot3_ws/src/build/gesture_cont/prefix_override:/home/matthewbanks/turtlebot3_ws/src/install/gesture_cont/lib/python3.10/site-packages:${PYTHONPATH} /usr/bin/python3 setup.py egg_info --egg-base ../build/gesture_cont build --build-base /home/matthewbanks/turtlebot3_ws/src/build/gesture_cont/build install --record /home/matthewbanks/turtlebot3_ws/src/build/gesture_cont/install.log --single-version-externally-managed
[2.226s] running egg_info
[2.227s] writing ../build/gesture_cont/gesture_cont.egg-info/PKG-INFO
[2.228s] writing dependency_links to ../build/gesture_cont/gesture_cont.egg-info/dependency_links.txt
[2.228s] writing entry points to ../build/gesture_cont/gesture_cont.egg-info/entry_points.txt
[2.228s] writing requirements to ../build/gesture_cont/gesture_cont.egg-info/requires.txt
[2.228s] writing top-level names to ../build/gesture_cont/gesture_cont.egg-info/top_level.txt
[2.232s] reading manifest file '../build/gesture_cont/gesture_cont.egg-info/SOURCES.txt'
[2.233s] writing manifest file '../build/gesture_cont/gesture_cont.egg-info/SOURCES.txt'
[2.233s] running build
[2.233s] running build_py
[2.233s] copying gesture_cont/gesture_control.py -> /home/matthewbanks/turtlebot3_ws/src/build/gesture_cont/build/lib/gesture_cont
[2.234s] running install
[2.234s] running install_lib
[2.236s] copying /home/matthewbanks/turtlebot3_ws/src/build/gesture_cont/build/lib/gesture_cont/gesture_control.py -> /home/matthewbanks/turtlebot3_ws/src/install/gesture_cont/lib/python3.10/site-packages/gesture_cont
[2.236s] byte-compiling /home/matthewbanks/turtlebot3_ws/src/install/gesture_cont/lib/python3.10/site-packages/gesture_cont/gesture_control.py to gesture_control.cpython-310.pyc
[2.239s] running install_data
[2.239s] running install_egg_info
[2.244s] removing '/home/matthewbanks/turtlebot3_ws/src/install/gesture_cont/lib/python3.10/site-packages/gesture_cont-0.0.0-py3.10.egg-info' (and everything under it)
[2.245s] Copying ../build/gesture_cont/gesture_cont.egg-info to /home/matthewbanks/turtlebot3_ws/src/install/gesture_cont/lib/python3.10/site-packages/gesture_cont-0.0.0-py3.10.egg-info
[2.246s] running install_scripts
[2.285s] Installing gest_node script to /home/matthewbanks/turtlebot3_ws/src/install/gesture_cont/lib/gesture_cont
[2.286s] writing list of installed files to '/home/matthewbanks/turtlebot3_ws/src/build/gesture_cont/install.log'
[2.449s] Invoked command in '/home/matthewbanks/turtlebot3_ws/src/gesture_cont' returned '0': PYTHONPATH=/home/matthewbanks/turtlebot3_ws/src/build/gesture_cont/prefix_override:/home/matthewbanks/turtlebot3_ws/src/install/gesture_cont/lib/python3.10/site-packages:${PYTHONPATH} /usr/bin/python3 setup.py egg_info --egg-base ../build/gesture_cont build --build-base /home/matthewbanks/turtlebot3_ws/src/build/gesture_cont/build install --record /home/matthewbanks/turtlebot3_ws/src/build/gesture_cont/install.log --single-version-externally-managed
