[0.031s] Invoking command in '/home/matthewbanks/turtlebot3_ws/src/build/turtlebot3_simulations': AMENT_PREFIX_PATH=/home/matthewbanks/turtlebot3_ws/src/install/turtlebot3_gazebo:/home/matthewbanks/turtlebot3_ws/src/install/turtlebot3_fake_node:${AMENT_PREFIX_PATH} CMAKE_PREFIX_PATH=/home/matthewbanks/turtlebot3_ws/src/install/turtlebot3_gazebo:/home/matthewbanks/turtlebot3_ws/src/install/turtlebot3_fake_node:/home/matthewbanks/turtlebot3_ws/install/turtlebot3_simulations:/home/matthewbanks/turtlebot3_ws/install/turtlebot3_gazebo:/home/matthewbanks/turtlebot3_ws/install/turtlebot3_fake_node:/home/matthewbanks/turtlebot3_ws/install/gesture_cont:/opt/ros/humble /usr/bin/cmake /home/matthewbanks/turtlebot3_ws/src/turtlebot3_simulations/turtlebot3_simulations -DCMAKE_INSTALL_PREFIX=/home/matthewbanks/turtlebot3_ws/src/install/turtlebot3_simulations
[0.159s] -- The C compiler identification is GNU 11.4.0
[0.259s] -- The CXX compiler identification is GNU 11.4.0
[0.275s] -- Detecting C compiler ABI info
[0.418s] -- Detecting C compiler ABI info - done
[0.436s] -- Check for working C compiler: /usr/bin/cc - skipped
[0.436s] -- Detecting C compile features
[0.437s] -- Detecting C compile features - done
[0.441s] -- Detecting CXX compiler ABI info
[0.570s] -- Detecting CXX compiler ABI info - done
[0.581s] -- Check for working CXX compiler: /usr/bin/c++ - skipped
[0.582s] -- Detecting CXX compile features
[0.583s] -- Detecting CXX compile features - done
[0.587s] -- Found ament_cmake: 1.3.5 (/opt/ros/humble/share/ament_cmake/cmake)
[0.851s] -- Found Python3: /usr/bin/python3.10 (found version "3.10.12") found components: Interpreter 
[1.113s] -- Configuring done
[1.117s] -- Generating done
[1.118s] -- Build files have been written to: /home/matthewbanks/turtlebot3_ws/src/build/turtlebot3_simulations
[1.133s] Invoked command in '/home/matthewbanks/turtlebot3_ws/src/build/turtlebot3_simulations' returned '0': AMENT_PREFIX_PATH=/home/matthewbanks/turtlebot3_ws/src/install/turtlebot3_gazebo:/home/matthewbanks/turtlebot3_ws/src/install/turtlebot3_fake_node:${AMENT_PREFIX_PATH} CMAKE_PREFIX_PATH=/home/matthewbanks/turtlebot3_ws/src/install/turtlebot3_gazebo:/home/matthewbanks/turtlebot3_ws/src/install/turtlebot3_fake_node:/home/matthewbanks/turtlebot3_ws/install/turtlebot3_simulations:/home/matthewbanks/turtlebot3_ws/install/turtlebot3_gazebo:/home/matthewbanks/turtlebot3_ws/install/turtlebot3_fake_node:/home/matthewbanks/turtlebot3_ws/install/gesture_cont:/opt/ros/humble /usr/bin/cmake /home/matthewbanks/turtlebot3_ws/src/turtlebot3_simulations/turtlebot3_simulations -DCMAKE_INSTALL_PREFIX=/home/matthewbanks/turtlebot3_ws/src/install/turtlebot3_simulations
[1.134s] Invoking command in '/home/matthewbanks/turtlebot3_ws/src/build/turtlebot3_simulations': AMENT_PREFIX_PATH=/home/matthewbanks/turtlebot3_ws/src/install/turtlebot3_gazebo:/home/matthewbanks/turtlebot3_ws/src/install/turtlebot3_fake_node:${AMENT_PREFIX_PATH} CMAKE_PREFIX_PATH=/home/matthewbanks/turtlebot3_ws/src/install/turtlebot3_gazebo:/home/matthewbanks/turtlebot3_ws/src/install/turtlebot3_fake_node:/home/matthewbanks/turtlebot3_ws/install/turtlebot3_simulations:/home/matthewbanks/turtlebot3_ws/install/turtlebot3_gazebo:/home/matthewbanks/turtlebot3_ws/install/turtlebot3_fake_node:/home/matthewbanks/turtlebot3_ws/install/gesture_cont:/opt/ros/humble /usr/bin/cmake --build /home/matthewbanks/turtlebot3_ws/src/build/turtlebot3_simulations -- -j4 -l4
[1.201s] Invoked command in '/home/matthewbanks/turtlebot3_ws/src/build/turtlebot3_simulations' returned '0': AMENT_PREFIX_PATH=/home/matthewbanks/turtlebot3_ws/src/install/turtlebot3_gazebo:/home/matthewbanks/turtlebot3_ws/src/install/turtlebot3_fake_node:${AMENT_PREFIX_PATH} CMAKE_PREFIX_PATH=/home/matthewbanks/turtlebot3_ws/src/install/turtlebot3_gazebo:/home/matthewbanks/turtlebot3_ws/src/install/turtlebot3_fake_node:/home/matthewbanks/turtlebot3_ws/install/turtlebot3_simulations:/home/matthewbanks/turtlebot3_ws/install/turtlebot3_gazebo:/home/matthewbanks/turtlebot3_ws/install/turtlebot3_fake_node:/home/matthewbanks/turtlebot3_ws/install/gesture_cont:/opt/ros/humble /usr/bin/cmake --build /home/matthewbanks/turtlebot3_ws/src/build/turtlebot3_simulations -- -j4 -l4
[1.239s] Invoking command in '/home/matthewbanks/turtlebot3_ws/src/build/turtlebot3_simulations': AMENT_PREFIX_PATH=/home/matthewbanks/turtlebot3_ws/src/install/turtlebot3_gazebo:/home/matthewbanks/turtlebot3_ws/src/install/turtlebot3_fake_node:${AMENT_PREFIX_PATH} CMAKE_PREFIX_PATH=/home/matthewbanks/turtlebot3_ws/src/install/turtlebot3_gazebo:/home/matthewbanks/turtlebot3_ws/src/install/turtlebot3_fake_node:/home/matthewbanks/turtlebot3_ws/install/turtlebot3_simulations:/home/matthewbanks/turtlebot3_ws/install/turtlebot3_gazebo:/home/matthewbanks/turtlebot3_ws/install/turtlebot3_fake_node:/home/matthewbanks/turtlebot3_ws/install/gesture_cont:/opt/ros/humble /usr/bin/cmake --install /home/matthewbanks/turtlebot3_ws/src/build/turtlebot3_simulations
[1.255s] -- Install configuration: ""
[1.256s] -- Installing: /home/matthewbanks/turtlebot3_ws/src/install/turtlebot3_simulations/share/ament_index/resource_index/package_run_dependencies/turtlebot3_simulations
[1.257s] -- Installing: /home/matthewbanks/turtlebot3_ws/src/install/turtlebot3_simulations/share/ament_index/resource_index/parent_prefix_path/turtlebot3_simulations
[1.257s] -- Installing: /home/matthewbanks/turtlebot3_ws/src/install/turtlebot3_simulations/share/turtlebot3_simulations/environment/ament_prefix_path.sh
[1.258s] -- Installing: /home/matthewbanks/turtlebot3_ws/src/install/turtlebot3_simulations/share/turtlebot3_simulations/environment/ament_prefix_path.dsv
[1.258s] -- Installing: /home/matthewbanks/turtlebot3_ws/src/install/turtlebot3_simulations/share/turtlebot3_simulations/environment/path.sh
[1.258s] -- Installing: /home/matthewbanks/turtlebot3_ws/src/install/turtlebot3_simulations/share/turtlebot3_simulations/environment/path.dsv
[1.259s] -- Installing: /home/matthewbanks/turtlebot3_ws/src/install/turtlebot3_simulations/share/turtlebot3_simulations/local_setup.bash
[1.259s] -- Installing: /home/matthewbanks/turtlebot3_ws/src/install/turtlebot3_simulations/share/turtlebot3_simulations/local_setup.sh
[1.260s] -- Installing: /home/matthewbanks/turtlebot3_ws/src/install/turtlebot3_simulations/share/turtlebot3_simulations/local_setup.zsh
[1.260s] -- Installing: /home/matthewbanks/turtlebot3_ws/src/install/turtlebot3_simulations/share/turtlebot3_simulations/local_setup.dsv
[1.261s] -- Installing: /home/matthewbanks/turtlebot3_ws/src/install/turtlebot3_simulations/share/turtlebot3_simulations/package.dsv
[1.262s] -- Installing: /home/matthewbanks/turtlebot3_ws/src/install/turtlebot3_simulations/share/ament_index/resource_index/packages/turtlebot3_simulations
[1.266s] -- Installing: /home/matthewbanks/turtlebot3_ws/src/install/turtlebot3_simulations/share/turtlebot3_simulations/cmake/turtlebot3_simulationsConfig.cmake
[1.267s] -- Installing: /home/matthewbanks/turtlebot3_ws/src/install/turtlebot3_simulations/share/turtlebot3_simulations/cmake/turtlebot3_simulationsConfig-version.cmake
[1.267s] -- Installing: /home/matthewbanks/turtlebot3_ws/src/install/turtlebot3_simulations/share/turtlebot3_simulations/package.xml
[1.278s] Invoked command in '/home/matthewbanks/turtlebot3_ws/src/build/turtlebot3_simulations' returned '0': AMENT_PREFIX_PATH=/home/matthewbanks/turtlebot3_ws/src/install/turtlebot3_gazebo:/home/matthewbanks/turtlebot3_ws/src/install/turtlebot3_fake_node:${AMENT_PREFIX_PATH} CMAKE_PREFIX_PATH=/home/matthewbanks/turtlebot3_ws/src/install/turtlebot3_gazebo:/home/matthewbanks/turtlebot3_ws/src/install/turtlebot3_fake_node:/home/matthewbanks/turtlebot3_ws/install/turtlebot3_simulations:/home/matthewbanks/turtlebot3_ws/install/turtlebot3_gazebo:/home/matthewbanks/turtlebot3_ws/install/turtlebot3_fake_node:/home/matthewbanks/turtlebot3_ws/install/gesture_cont:/opt/ros/humble /usr/bin/cmake --install /home/matthewbanks/turtlebot3_ws/src/build/turtlebot3_simulations
