[0.611s] DEBUG:colcon:Command line arguments: ['/usr/bin/colcon', 'build']
[0.612s] DEBUG:colcon:Parsed command line arguments: Namespace(log_base=None, log_level=None, verb_name='build', build_base='build', install_base='install', merge_install=False, symlink_install=False, test_result_base=None, continue_on_error=False, executor='parallel', parallel_workers=4, event_handlers=None, ignore_user_meta=False, metas=['./colcon.meta'], base_paths=['.'], packages_ignore=None, packages_ignore_regex=None, paths=None, packages_up_to=None, packages_up_to_regex=None, packages_above=None, packages_above_and_dependencies=None, packages_above_depth=None, packages_select_by_dep=None, packages_skip_by_dep=None, packages_skip_up_to=None, packages_select_build_failed=False, packages_skip_build_finished=False, packages_select_test_failures=False, packages_skip_test_passed=False, packages_select=None, packages_skip=None, packages_select_regex=None, packages_skip_regex=None, packages_start=None, packages_end=None, allow_overriding=[], cmake_args=None, cmake_target=None, cmake_target_skip_unavailable=False, cmake_clean_cache=False, cmake_clean_first=False, cmake_force_configure=False, ament_cmake_args=None, catkin_cmake_args=None, catkin_skip_building_tests=False, verb_parser=<colcon_defaults.argument_parser.defaults.DefaultArgumentsDecorator object at 0x7f42ce1e2830>, verb_extension=<colcon_core.verb.build.BuildVerb object at 0x7f42ce1e22c0>, main=<bound method BuildVerb.main of <colcon_core.verb.build.BuildVerb object at 0x7f42ce1e22c0>>)
[0.664s] Level 1:colcon.colcon_core.package_discovery:discover_packages(colcon_meta) check parameters
[0.664s] Level 1:colcon.colcon_core.package_discovery:discover_packages(recursive) check parameters
[0.665s] Level 1:colcon.colcon_core.package_discovery:discover_packages(ignore) check parameters
[0.665s] Level 1:colcon.colcon_core.package_discovery:discover_packages(path) check parameters
[0.665s] Level 1:colcon.colcon_core.package_discovery:discover_packages(colcon_meta) discover
[0.665s] Level 1:colcon.colcon_core.package_discovery:discover_packages(recursive) discover
[0.665s] INFO:colcon.colcon_core.package_discovery:Crawling recursively for packages in '/home/matthewbanks/turtlebot3_ws'
[0.665s] Level 1:colcon.colcon_core.package_identification:_identify(.) by extensions ['ignore', 'ignore_ament_install']
[0.665s] Level 1:colcon.colcon_core.package_identification:_identify(.) by extension 'ignore'
[0.665s] Level 1:colcon.colcon_core.package_identification:_identify(.) by extension 'ignore_ament_install'
[0.665s] Level 1:colcon.colcon_core.package_identification:_identify(.) by extensions ['colcon_pkg']
[0.665s] Level 1:colcon.colcon_core.package_identification:_identify(.) by extension 'colcon_pkg'
[0.666s] Level 1:colcon.colcon_core.package_identification:_identify(.) by extensions ['colcon_meta']
[0.666s] Level 1:colcon.colcon_core.package_identification:_identify(.) by extension 'colcon_meta'
[0.666s] Level 1:colcon.colcon_core.package_identification:_identify(.) by extensions ['ros']
[0.666s] Level 1:colcon.colcon_core.package_identification:_identify(.) by extension 'ros'
[0.695s] Level 1:colcon.colcon_core.package_identification:_identify(.) by extensions ['cmake', 'python']
[0.695s] Level 1:colcon.colcon_core.package_identification:_identify(.) by extension 'cmake'
[0.695s] Level 1:colcon.colcon_core.package_identification:_identify(.) by extension 'python'
[0.695s] Level 1:colcon.colcon_core.package_identification:_identify(.) by extensions ['python_setup_py']
[0.695s] Level 1:colcon.colcon_core.package_identification:_identify(.) by extension 'python_setup_py'
[0.695s] Level 1:colcon.colcon_core.package_identification:_identify(build) by extensions ['ignore', 'ignore_ament_install']
[0.695s] Level 1:colcon.colcon_core.package_identification:_identify(build) by extension 'ignore'
[0.695s] Level 1:colcon.colcon_core.package_identification:_identify(build) ignored
[0.696s] Level 1:colcon.colcon_core.package_identification:_identify(install) by extensions ['ignore', 'ignore_ament_install']
[0.696s] Level 1:colcon.colcon_core.package_identification:_identify(install) by extension 'ignore'
[0.696s] Level 1:colcon.colcon_core.package_identification:_identify(install) ignored
[0.696s] Level 1:colcon.colcon_core.package_identification:_identify(log) by extensions ['ignore', 'ignore_ament_install']
[0.696s] Level 1:colcon.colcon_core.package_identification:_identify(log) by extension 'ignore'
[0.696s] Level 1:colcon.colcon_core.package_identification:_identify(log) ignored
[0.697s] Level 1:colcon.colcon_core.package_identification:_identify(src) by extensions ['ignore', 'ignore_ament_install']
[0.697s] Level 1:colcon.colcon_core.package_identification:_identify(src) by extension 'ignore'
[0.697s] Level 1:colcon.colcon_core.package_identification:_identify(src) by extension 'ignore_ament_install'
[0.697s] Level 1:colcon.colcon_core.package_identification:_identify(src) by extensions ['colcon_pkg']
[0.697s] Level 1:colcon.colcon_core.package_identification:_identify(src) by extension 'colcon_pkg'
[0.697s] Level 1:colcon.colcon_core.package_identification:_identify(src) by extensions ['colcon_meta']
[0.697s] Level 1:colcon.colcon_core.package_identification:_identify(src) by extension 'colcon_meta'
[0.697s] Level 1:colcon.colcon_core.package_identification:_identify(src) by extensions ['ros']
[0.697s] Level 1:colcon.colcon_core.package_identification:_identify(src) by extension 'ros'
[0.697s] Level 1:colcon.colcon_core.package_identification:_identify(src) by extensions ['cmake', 'python']
[0.697s] Level 1:colcon.colcon_core.package_identification:_identify(src) by extension 'cmake'
[0.697s] Level 1:colcon.colcon_core.package_identification:_identify(src) by extension 'python'
[0.698s] Level 1:colcon.colcon_core.package_identification:_identify(src) by extensions ['python_setup_py']
[0.698s] Level 1:colcon.colcon_core.package_identification:_identify(src) by extension 'python_setup_py'
[0.698s] Level 1:colcon.colcon_core.package_identification:_identify(src/build) by extensions ['ignore', 'ignore_ament_install']
[0.698s] Level 1:colcon.colcon_core.package_identification:_identify(src/build) by extension 'ignore'
[0.698s] Level 1:colcon.colcon_core.package_identification:_identify(src/build) ignored
[0.698s] Level 1:colcon.colcon_core.package_identification:_identify(src/gesture_cont) by extensions ['ignore', 'ignore_ament_install']
[0.698s] Level 1:colcon.colcon_core.package_identification:_identify(src/gesture_cont) by extension 'ignore'
[0.699s] Level 1:colcon.colcon_core.package_identification:_identify(src/gesture_cont) by extension 'ignore_ament_install'
[0.699s] Level 1:colcon.colcon_core.package_identification:_identify(src/gesture_cont) by extensions ['colcon_pkg']
[0.699s] Level 1:colcon.colcon_core.package_identification:_identify(src/gesture_cont) by extension 'colcon_pkg'
[0.699s] Level 1:colcon.colcon_core.package_identification:_identify(src/gesture_cont) by extensions ['colcon_meta']
[0.699s] Level 1:colcon.colcon_core.package_identification:_identify(src/gesture_cont) by extension 'colcon_meta'
[0.699s] Level 1:colcon.colcon_core.package_identification:_identify(src/gesture_cont) by extensions ['ros']
[0.699s] Level 1:colcon.colcon_core.package_identification:_identify(src/gesture_cont) by extension 'ros'
[0.704s] DEBUG:colcon.colcon_core.package_identification:Package 'src/gesture_cont' with type 'ros.ament_python' and name 'gesture_cont'
[0.704s] Level 1:colcon.colcon_core.package_identification:_identify(src/install) by extensions ['ignore', 'ignore_ament_install']
[0.704s] Level 1:colcon.colcon_core.package_identification:_identify(src/install) by extension 'ignore'
[0.704s] Level 1:colcon.colcon_core.package_identification:_identify(src/install) ignored
[0.704s] Level 1:colcon.colcon_core.package_identification:_identify(src/log) by extensions ['ignore', 'ignore_ament_install']
[0.705s] Level 1:colcon.colcon_core.package_identification:_identify(src/log) by extension 'ignore'
[0.705s] Level 1:colcon.colcon_core.package_identification:_identify(src/log) ignored
[0.705s] Level 1:colcon.colcon_core.package_identification:_identify(src/turtlebot3_simulations) by extensions ['ignore', 'ignore_ament_install']
[0.705s] Level 1:colcon.colcon_core.package_identification:_identify(src/turtlebot3_simulations) by extension 'ignore'
[0.705s] Level 1:colcon.colcon_core.package_identification:_identify(src/turtlebot3_simulations) by extension 'ignore_ament_install'
[0.705s] Level 1:colcon.colcon_core.package_identification:_identify(src/turtlebot3_simulations) by extensions ['colcon_pkg']
[0.705s] Level 1:colcon.colcon_core.package_identification:_identify(src/turtlebot3_simulations) by extension 'colcon_pkg'
[0.705s] Level 1:colcon.colcon_core.package_identification:_identify(src/turtlebot3_simulations) by extensions ['colcon_meta']
[0.705s] Level 1:colcon.colcon_core.package_identification:_identify(src/turtlebot3_simulations) by extension 'colcon_meta'
[0.705s] Level 1:colcon.colcon_core.package_identification:_identify(src/turtlebot3_simulations) by extensions ['ros']
[0.705s] Level 1:colcon.colcon_core.package_identification:_identify(src/turtlebot3_simulations) by extension 'ros'
[0.706s] Level 1:colcon.colcon_core.package_identification:_identify(src/turtlebot3_simulations) by extensions ['cmake', 'python']
[0.706s] Level 1:colcon.colcon_core.package_identification:_identify(src/turtlebot3_simulations) by extension 'cmake'
[0.706s] Level 1:colcon.colcon_core.package_identification:_identify(src/turtlebot3_simulations) by extension 'python'
[0.706s] Level 1:colcon.colcon_core.package_identification:_identify(src/turtlebot3_simulations) by extensions ['python_setup_py']
[0.706s] Level 1:colcon.colcon_core.package_identification:_identify(src/turtlebot3_simulations) by extension 'python_setup_py'
[0.706s] Level 1:colcon.colcon_core.package_identification:_identify(src/turtlebot3_simulations/turtlebot3_fake_node) by extensions ['ignore', 'ignore_ament_install']
[0.706s] Level 1:colcon.colcon_core.package_identification:_identify(src/turtlebot3_simulations/turtlebot3_fake_node) by extension 'ignore'
[0.706s] Level 1:colcon.colcon_core.package_identification:_identify(src/turtlebot3_simulations/turtlebot3_fake_node) by extension 'ignore_ament_install'
[0.706s] Level 1:colcon.colcon_core.package_identification:_identify(src/turtlebot3_simulations/turtlebot3_fake_node) by extensions ['colcon_pkg']
[0.706s] Level 1:colcon.colcon_core.package_identification:_identify(src/turtlebot3_simulations/turtlebot3_fake_node) by extension 'colcon_pkg'
[0.706s] Level 1:colcon.colcon_core.package_identification:_identify(src/turtlebot3_simulations/turtlebot3_fake_node) by extensions ['colcon_meta']
[0.706s] Level 1:colcon.colcon_core.package_identification:_identify(src/turtlebot3_simulations/turtlebot3_fake_node) by extension 'colcon_meta'
[0.707s] Level 1:colcon.colcon_core.package_identification:_identify(src/turtlebot3_simulations/turtlebot3_fake_node) by extensions ['ros']
[0.707s] Level 1:colcon.colcon_core.package_identification:_identify(src/turtlebot3_simulations/turtlebot3_fake_node) by extension 'ros'
[0.709s] DEBUG:colcon.colcon_core.package_identification:Package 'src/turtlebot3_simulations/turtlebot3_fake_node' with type 'ros.ament_cmake' and name 'turtlebot3_fake_node'
[0.709s] Level 1:colcon.colcon_core.package_identification:_identify(src/turtlebot3_simulations/turtlebot3_gazebo) by extensions ['ignore', 'ignore_ament_install']
[0.709s] Level 1:colcon.colcon_core.package_identification:_identify(src/turtlebot3_simulations/turtlebot3_gazebo) by extension 'ignore'
[0.710s] Level 1:colcon.colcon_core.package_identification:_identify(src/turtlebot3_simulations/turtlebot3_gazebo) by extension 'ignore_ament_install'
[0.710s] Level 1:colcon.colcon_core.package_identification:_identify(src/turtlebot3_simulations/turtlebot3_gazebo) by extensions ['colcon_pkg']
[0.710s] Level 1:colcon.colcon_core.package_identification:_identify(src/turtlebot3_simulations/turtlebot3_gazebo) by extension 'colcon_pkg'
[0.710s] Level 1:colcon.colcon_core.package_identification:_identify(src/turtlebot3_simulations/turtlebot3_gazebo) by extensions ['colcon_meta']
[0.710s] Level 1:colcon.colcon_core.package_identification:_identify(src/turtlebot3_simulations/turtlebot3_gazebo) by extension 'colcon_meta'
[0.710s] Level 1:colcon.colcon_core.package_identification:_identify(src/turtlebot3_simulations/turtlebot3_gazebo) by extensions ['ros']
[0.710s] Level 1:colcon.colcon_core.package_identification:_identify(src/turtlebot3_simulations/turtlebot3_gazebo) by extension 'ros'
[0.712s] DEBUG:colcon.colcon_core.package_identification:Package 'src/turtlebot3_simulations/turtlebot3_gazebo' with type 'ros.ament_cmake' and name 'turtlebot3_gazebo'
[0.712s] Level 1:colcon.colcon_core.package_identification:_identify(src/turtlebot3_simulations/turtlebot3_simulations) by extensions ['ignore', 'ignore_ament_install']
[0.712s] Level 1:colcon.colcon_core.package_identification:_identify(src/turtlebot3_simulations/turtlebot3_simulations) by extension 'ignore'
[0.713s] Level 1:colcon.colcon_core.package_identification:_identify(src/turtlebot3_simulations/turtlebot3_simulations) by extension 'ignore_ament_install'
[0.713s] Level 1:colcon.colcon_core.package_identification:_identify(src/turtlebot3_simulations/turtlebot3_simulations) by extensions ['colcon_pkg']
[0.713s] Level 1:colcon.colcon_core.package_identification:_identify(src/turtlebot3_simulations/turtlebot3_simulations) by extension 'colcon_pkg'
[0.713s] Level 1:colcon.colcon_core.package_identification:_identify(src/turtlebot3_simulations/turtlebot3_simulations) by extensions ['colcon_meta']
[0.713s] Level 1:colcon.colcon_core.package_identification:_identify(src/turtlebot3_simulations/turtlebot3_simulations) by extension 'colcon_meta'
[0.713s] Level 1:colcon.colcon_core.package_identification:_identify(src/turtlebot3_simulations/turtlebot3_simulations) by extensions ['ros']
[0.713s] Level 1:colcon.colcon_core.package_identification:_identify(src/turtlebot3_simulations/turtlebot3_simulations) by extension 'ros'
[0.714s] DEBUG:colcon.colcon_core.package_identification:Package 'src/turtlebot3_simulations/turtlebot3_simulations' with type 'ros.ament_cmake' and name 'turtlebot3_simulations'
[0.714s] Level 1:colcon.colcon_core.package_discovery:discover_packages(recursive) using defaults
[0.714s] Level 1:colcon.colcon_core.package_discovery:discover_packages(ignore) discover
[0.714s] Level 1:colcon.colcon_core.package_discovery:discover_packages(ignore) using defaults
[0.714s] Level 1:colcon.colcon_core.package_discovery:discover_packages(path) discover
[0.714s] Level 1:colcon.colcon_core.package_discovery:discover_packages(path) using defaults
[0.755s] Level 1:colcon.colcon_core.package_discovery:discover_packages(prefix_path) check parameters
[0.755s] Level 1:colcon.colcon_core.package_discovery:discover_packages(prefix_path) discover
[0.761s] DEBUG:colcon.colcon_installed_package_information.package_discovery:Found 4 installed packages in /home/matthewbanks/turtlebot3_ws/install
[0.764s] DEBUG:colcon.colcon_installed_package_information.package_discovery:Found 376 installed packages in /opt/ros/humble
[0.772s] Level 1:colcon.colcon_core.package_discovery:discover_packages(prefix_path) using defaults
[0.901s] Level 5:colcon.colcon_core.verb:set package 'gesture_cont' build argument 'cmake_args' from command line to 'None'
[0.902s] Level 5:colcon.colcon_core.verb:set package 'gesture_cont' build argument 'cmake_target' from command line to 'None'
[0.902s] Level 5:colcon.colcon_core.verb:set package 'gesture_cont' build argument 'cmake_target_skip_unavailable' from command line to 'False'
[0.902s] Level 5:colcon.colcon_core.verb:set package 'gesture_cont' build argument 'cmake_clean_cache' from command line to 'False'
[0.902s] Level 5:colcon.colcon_core.verb:set package 'gesture_cont' build argument 'cmake_clean_first' from command line to 'False'
[0.902s] Level 5:colcon.colcon_core.verb:set package 'gesture_cont' build argument 'cmake_force_configure' from command line to 'False'
[0.902s] Level 5:colcon.colcon_core.verb:set package 'gesture_cont' build argument 'ament_cmake_args' from command line to 'None'
[0.902s] Level 5:colcon.colcon_core.verb:set package 'gesture_cont' build argument 'catkin_cmake_args' from command line to 'None'
[0.902s] Level 5:colcon.colcon_core.verb:set package 'gesture_cont' build argument 'catkin_skip_building_tests' from command line to 'False'
[0.902s] DEBUG:colcon.colcon_core.verb:Building package 'gesture_cont' with the following arguments: {'ament_cmake_args': None, 'build_base': '/home/matthewbanks/turtlebot3_ws/build/gesture_cont', 'catkin_cmake_args': None, 'catkin_skip_building_tests': False, 'cmake_args': None, 'cmake_clean_cache': False, 'cmake_clean_first': False, 'cmake_force_configure': False, 'cmake_target': None, 'cmake_target_skip_unavailable': False, 'install_base': '/home/matthewbanks/turtlebot3_ws/install/gesture_cont', 'merge_install': False, 'path': '/home/matthewbanks/turtlebot3_ws/src/gesture_cont', 'symlink_install': False, 'test_result_base': None}
[0.905s] Level 5:colcon.colcon_core.verb:set package 'turtlebot3_fake_node' build argument 'cmake_args' from command line to 'None'
[0.906s] Level 5:colcon.colcon_core.verb:set package 'turtlebot3_fake_node' build argument 'cmake_target' from command line to 'None'
[0.906s] Level 5:colcon.colcon_core.verb:set package 'turtlebot3_fake_node' build argument 'cmake_target_skip_unavailable' from command line to 'False'
[0.906s] Level 5:colcon.colcon_core.verb:set package 'turtlebot3_fake_node' build argument 'cmake_clean_cache' from command line to 'False'
[0.906s] Level 5:colcon.colcon_core.verb:set package 'turtlebot3_fake_node' build argument 'cmake_clean_first' from command line to 'False'
[0.906s] Level 5:colcon.colcon_core.verb:set package 'turtlebot3_fake_node' build argument 'cmake_force_configure' from command line to 'False'
[0.906s] Level 5:colcon.colcon_core.verb:set package 'turtlebot3_fake_node' build argument 'ament_cmake_args' from command line to 'None'
[0.906s] Level 5:colcon.colcon_core.verb:set package 'turtlebot3_fake_node' build argument 'catkin_cmake_args' from command line to 'None'
[0.906s] Level 5:colcon.colcon_core.verb:set package 'turtlebot3_fake_node' build argument 'catkin_skip_building_tests' from command line to 'False'
[0.906s] DEBUG:colcon.colcon_core.verb:Building package 'turtlebot3_fake_node' with the following arguments: {'ament_cmake_args': None, 'build_base': '/home/matthewbanks/turtlebot3_ws/build/turtlebot3_fake_node', 'catkin_cmake_args': None, 'catkin_skip_building_tests': False, 'cmake_args': None, 'cmake_clean_cache': False, 'cmake_clean_first': False, 'cmake_force_configure': False, 'cmake_target': None, 'cmake_target_skip_unavailable': False, 'install_base': '/home/matthewbanks/turtlebot3_ws/install/turtlebot3_fake_node', 'merge_install': False, 'path': '/home/matthewbanks/turtlebot3_ws/src/turtlebot3_simulations/turtlebot3_fake_node', 'symlink_install': False, 'test_result_base': None}
[0.908s] Level 5:colcon.colcon_core.verb:set package 'turtlebot3_gazebo' build argument 'cmake_args' from command line to 'None'
[0.908s] Level 5:colcon.colcon_core.verb:set package 'turtlebot3_gazebo' build argument 'cmake_target' from command line to 'None'
[0.908s] Level 5:colcon.colcon_core.verb:set package 'turtlebot3_gazebo' build argument 'cmake_target_skip_unavailable' from command line to 'False'
[0.908s] Level 5:colcon.colcon_core.verb:set package 'turtlebot3_gazebo' build argument 'cmake_clean_cache' from command line to 'False'
[0.908s] Level 5:colcon.colcon_core.verb:set package 'turtlebot3_gazebo' build argument 'cmake_clean_first' from command line to 'False'
[0.908s] Level 5:colcon.colcon_core.verb:set package 'turtlebot3_gazebo' build argument 'cmake_force_configure' from command line to 'False'
[0.908s] Level 5:colcon.colcon_core.verb:set package 'turtlebot3_gazebo' build argument 'ament_cmake_args' from command line to 'None'
[0.908s] Level 5:colcon.colcon_core.verb:set package 'turtlebot3_gazebo' build argument 'catkin_cmake_args' from command line to 'None'
[0.908s] Level 5:colcon.colcon_core.verb:set package 'turtlebot3_gazebo' build argument 'catkin_skip_building_tests' from command line to 'False'
[0.908s] DEBUG:colcon.colcon_core.verb:Building package 'turtlebot3_gazebo' with the following arguments: {'ament_cmake_args': None, 'build_base': '/home/matthewbanks/turtlebot3_ws/build/turtlebot3_gazebo', 'catkin_cmake_args': None, 'catkin_skip_building_tests': False, 'cmake_args': None, 'cmake_clean_cache': False, 'cmake_clean_first': False, 'cmake_force_configure': False, 'cmake_target': None, 'cmake_target_skip_unavailable': False, 'install_base': '/home/matthewbanks/turtlebot3_ws/install/turtlebot3_gazebo', 'merge_install': False, 'path': '/home/matthewbanks/turtlebot3_ws/src/turtlebot3_simulations/turtlebot3_gazebo', 'symlink_install': False, 'test_result_base': None}
[0.911s] Level 5:colcon.colcon_core.verb:set package 'turtlebot3_simulations' build argument 'cmake_args' from command line to 'None'
[0.911s] Level 5:colcon.colcon_core.verb:set package 'turtlebot3_simulations' build argument 'cmake_target' from command line to 'None'
[0.911s] Level 5:colcon.colcon_core.verb:set package 'turtlebot3_simulations' build argument 'cmake_target_skip_unavailable' from command line to 'False'
[0.911s] Level 5:colcon.colcon_core.verb:set package 'turtlebot3_simulations' build argument 'cmake_clean_cache' from command line to 'False'
[0.912s] Level 5:colcon.colcon_core.verb:set package 'turtlebot3_simulations' build argument 'cmake_clean_first' from command line to 'False'
[0.912s] Level 5:colcon.colcon_core.verb:set package 'turtlebot3_simulations' build argument 'cmake_force_configure' from command line to 'False'
[0.912s] Level 5:colcon.colcon_core.verb:set package 'turtlebot3_simulations' build argument 'ament_cmake_args' from command line to 'None'
[0.912s] Level 5:colcon.colcon_core.verb:set package 'turtlebot3_simulations' build argument 'catkin_cmake_args' from command line to 'None'
[0.912s] Level 5:colcon.colcon_core.verb:set package 'turtlebot3_simulations' build argument 'catkin_skip_building_tests' from command line to 'False'
[0.912s] DEBUG:colcon.colcon_core.verb:Building package 'turtlebot3_simulations' with the following arguments: {'ament_cmake_args': None, 'build_base': '/home/matthewbanks/turtlebot3_ws/build/turtlebot3_simulations', 'catkin_cmake_args': None, 'catkin_skip_building_tests': False, 'cmake_args': None, 'cmake_clean_cache': False, 'cmake_clean_first': False, 'cmake_force_configure': False, 'cmake_target': None, 'cmake_target_skip_unavailable': False, 'install_base': '/home/matthewbanks/turtlebot3_ws/install/turtlebot3_simulations', 'merge_install': False, 'path': '/home/matthewbanks/turtlebot3_ws/src/turtlebot3_simulations/turtlebot3_simulations', 'symlink_install': False, 'test_result_base': None}
[0.913s] INFO:colcon.colcon_core.executor:Executing jobs using 'parallel' executor
[0.919s] DEBUG:colcon.colcon_parallel_executor.executor.parallel:run_until_complete
[0.920s] INFO:colcon.colcon_ros.task.ament_cmake.build:Building ROS package in '/home/matthewbanks/turtlebot3_ws/src/turtlebot3_simulations/turtlebot3_fake_node' with build type 'ament_cmake'
[0.920s] INFO:colcon.colcon_cmake.task.cmake.build:Building CMake package in '/home/matthewbanks/turtlebot3_ws/src/turtlebot3_simulations/turtlebot3_fake_node'
[0.930s] INFO:colcon.colcon_core.plugin_system:Skipping extension 'colcon_core.shell.bat': Not used on non-Windows systems
[0.930s] INFO:colcon.colcon_core.shell:Skip shell extension 'powershell' for command environment: Not usable outside of PowerShell
[0.930s] DEBUG:colcon.colcon_core.shell:Skip shell extension 'dsv' for command environment
[0.954s] INFO:colcon.colcon_ros.task.ament_cmake.build:Building ROS package in '/home/matthewbanks/turtlebot3_ws/src/turtlebot3_simulations/turtlebot3_gazebo' with build type 'ament_cmake'
[0.954s] INFO:colcon.colcon_cmake.task.cmake.build:Building CMake package in '/home/matthewbanks/turtlebot3_ws/src/turtlebot3_simulations/turtlebot3_gazebo'
[0.956s] INFO:colcon.colcon_core.shell:Skip shell extension 'powershell' for command environment: Not usable outside of PowerShell
[0.957s] DEBUG:colcon.colcon_core.shell:Skip shell extension 'dsv' for command environment
[0.986s] INFO:colcon.colcon_ros.task.ament_python.build:Building ROS package in '/home/matthewbanks/turtlebot3_ws/src/gesture_cont' with build type 'ament_python'
[0.986s] Level 1:colcon.colcon_core.shell:create_environment_hook('gesture_cont', 'ament_prefix_path')
[0.994s] INFO:colcon.colcon_core.shell:Creating environment hook '/home/matthewbanks/turtlebot3_ws/install/gesture_cont/share/gesture_cont/hook/ament_prefix_path.ps1'
[0.995s] INFO:colcon.colcon_core.shell:Creating environment descriptor '/home/matthewbanks/turtlebot3_ws/install/gesture_cont/share/gesture_cont/hook/ament_prefix_path.dsv'
[0.996s] INFO:colcon.colcon_core.shell:Creating environment hook '/home/matthewbanks/turtlebot3_ws/install/gesture_cont/share/gesture_cont/hook/ament_prefix_path.sh'
[0.999s] INFO:colcon.colcon_core.shell:Skip shell extension 'powershell' for command environment: Not usable outside of PowerShell
[0.999s] DEBUG:colcon.colcon_core.shell:Skip shell extension 'dsv' for command environment
[1.025s] DEBUG:colcon.colcon_core.event_handler.log_command:Invoking command in '/home/matthewbanks/turtlebot3_ws/build/turtlebot3_fake_node': CMAKE_PREFIX_PATH=${CMAKE_PREFIX_PATH}:/home/matthewbanks/turtlebot3_ws/install/gesture_cont:/opt/ros/humble /usr/bin/cmake --build /home/matthewbanks/turtlebot3_ws/build/turtlebot3_fake_node -- -j4 -l4
[1.052s] DEBUG:colcon.colcon_core.event_handler.log_command:Invoking command in '/home/matthewbanks/turtlebot3_ws/build/turtlebot3_gazebo': CMAKE_PREFIX_PATH=${CMAKE_PREFIX_PATH}:/home/matthewbanks/turtlebot3_ws/install/gesture_cont:/opt/ros/humble /usr/bin/cmake --build /home/matthewbanks/turtlebot3_ws/build/turtlebot3_gazebo -- -j4 -l4
[1.781s] INFO:colcon.colcon_core.task.python.build:Building Python package in '/home/matthewbanks/turtlebot3_ws/src/gesture_cont'
[1.784s] INFO:colcon.colcon_core.shell:Skip shell extension 'powershell' for command environment: Not usable outside of PowerShell
[1.784s] DEBUG:colcon.colcon_core.shell:Skip shell extension 'dsv' for command environment
[1.793s] DEBUG:colcon.colcon_core.event_handler.log_command:Invoked command in '/home/matthewbanks/turtlebot3_ws/build/turtlebot3_fake_node' returned '0': CMAKE_PREFIX_PATH=${CMAKE_PREFIX_PATH}:/home/matthewbanks/turtlebot3_ws/install/gesture_cont:/opt/ros/humble /usr/bin/cmake --build /home/matthewbanks/turtlebot3_ws/build/turtlebot3_fake_node -- -j4 -l4
[1.803s] DEBUG:colcon.colcon_core.event_handler.log_command:Invoked command in '/home/matthewbanks/turtlebot3_ws/build/turtlebot3_gazebo' returned '0': CMAKE_PREFIX_PATH=${CMAKE_PREFIX_PATH}:/home/matthewbanks/turtlebot3_ws/install/gesture_cont:/opt/ros/humble /usr/bin/cmake --build /home/matthewbanks/turtlebot3_ws/build/turtlebot3_gazebo -- -j4 -l4
[1.935s] DEBUG:colcon.colcon_core.event_handler.log_command:Invoking command in '/home/matthewbanks/turtlebot3_ws/build/turtlebot3_fake_node': CMAKE_PREFIX_PATH=${CMAKE_PREFIX_PATH}:/home/matthewbanks/turtlebot3_ws/install/gesture_cont:/opt/ros/humble /usr/bin/cmake --install /home/matthewbanks/turtlebot3_ws/build/turtlebot3_fake_node
[1.970s] DEBUG:colcon.colcon_core.event_handler.log_command:Invoking command in '/home/matthewbanks/turtlebot3_ws/build/turtlebot3_gazebo': CMAKE_PREFIX_PATH=${CMAKE_PREFIX_PATH}:/home/matthewbanks/turtlebot3_ws/install/gesture_cont:/opt/ros/humble /usr/bin/cmake --install /home/matthewbanks/turtlebot3_ws/build/turtlebot3_gazebo
[1.974s] Level 1:colcon.colcon_core.environment:create_environment_scripts_only(turtlebot3_fake_node)
[1.979s] DEBUG:colcon.colcon_core.event_handler.log_command:Invoked command in '/home/matthewbanks/turtlebot3_ws/build/turtlebot3_fake_node' returned '0': CMAKE_PREFIX_PATH=${CMAKE_PREFIX_PATH}:/home/matthewbanks/turtlebot3_ws/install/gesture_cont:/opt/ros/humble /usr/bin/cmake --install /home/matthewbanks/turtlebot3_ws/build/turtlebot3_fake_node
[1.986s] Level 1:colcon.colcon_core.environment:checking '/home/matthewbanks/turtlebot3_ws/install/turtlebot3_fake_node' for CMake module files
[1.986s] Level 1:colcon.colcon_core.environment:checking '/home/matthewbanks/turtlebot3_ws/install/turtlebot3_fake_node' for CMake config files
[1.987s] Level 1:colcon.colcon_core.shell:create_environment_hook('turtlebot3_fake_node', 'cmake_prefix_path')
[1.989s] INFO:colcon.colcon_core.shell:Creating environment hook '/home/matthewbanks/turtlebot3_ws/install/turtlebot3_fake_node/share/turtlebot3_fake_node/hook/cmake_prefix_path.ps1'
[1.990s] INFO:colcon.colcon_core.shell:Creating environment descriptor '/home/matthewbanks/turtlebot3_ws/install/turtlebot3_fake_node/share/turtlebot3_fake_node/hook/cmake_prefix_path.dsv'
[1.990s] INFO:colcon.colcon_core.shell:Creating environment hook '/home/matthewbanks/turtlebot3_ws/install/turtlebot3_fake_node/share/turtlebot3_fake_node/hook/cmake_prefix_path.sh'
[2.010s] Level 1:colcon.colcon_core.environment:checking '/home/matthewbanks/turtlebot3_ws/install/turtlebot3_fake_node/lib'
[2.010s] Level 1:colcon.colcon_core.environment:checking '/home/matthewbanks/turtlebot3_ws/install/turtlebot3_fake_node/bin'
[2.010s] Level 1:colcon.colcon_core.environment:checking '/home/matthewbanks/turtlebot3_ws/install/turtlebot3_fake_node/lib/pkgconfig/turtlebot3_fake_node.pc'
[2.011s] Level 1:colcon.colcon_core.environment:checking '/home/matthewbanks/turtlebot3_ws/install/turtlebot3_fake_node/lib/python3.10/site-packages'
[2.011s] Level 1:colcon.colcon_core.environment:checking '/home/matthewbanks/turtlebot3_ws/install/turtlebot3_fake_node/bin'
[2.013s] INFO:colcon.colcon_core.shell:Creating package script '/home/matthewbanks/turtlebot3_ws/install/turtlebot3_fake_node/share/turtlebot3_fake_node/package.ps1'
[2.015s] INFO:colcon.colcon_core.shell:Creating package descriptor '/home/matthewbanks/turtlebot3_ws/install/turtlebot3_fake_node/share/turtlebot3_fake_node/package.dsv'
[2.016s] INFO:colcon.colcon_core.shell:Creating package script '/home/matthewbanks/turtlebot3_ws/install/turtlebot3_fake_node/share/turtlebot3_fake_node/package.sh'
[2.017s] INFO:colcon.colcon_core.shell:Creating package script '/home/matthewbanks/turtlebot3_ws/install/turtlebot3_fake_node/share/turtlebot3_fake_node/package.bash'
[2.020s] INFO:colcon.colcon_core.shell:Creating package script '/home/matthewbanks/turtlebot3_ws/install/turtlebot3_fake_node/share/turtlebot3_fake_node/package.zsh'
[2.022s] Level 1:colcon.colcon_core.environment:create_file_with_runtime_dependencies(/home/matthewbanks/turtlebot3_ws/install/turtlebot3_fake_node/share/colcon-core/packages/turtlebot3_fake_node)
[2.079s] Level 1:colcon.colcon_core.environment:create_environment_scripts_only(turtlebot3_gazebo)
[2.085s] Level 1:colcon.colcon_core.environment:checking '/home/matthewbanks/turtlebot3_ws/install/turtlebot3_gazebo' for CMake module files
[2.087s] Level 1:colcon.colcon_core.environment:checking '/home/matthewbanks/turtlebot3_ws/install/turtlebot3_gazebo' for CMake config files
[2.088s] Level 1:colcon.colcon_core.shell:create_environment_hook('turtlebot3_gazebo', 'cmake_prefix_path')
[2.089s] INFO:colcon.colcon_core.shell:Creating environment hook '/home/matthewbanks/turtlebot3_ws/install/turtlebot3_gazebo/share/turtlebot3_gazebo/hook/cmake_prefix_path.ps1'
[2.090s] INFO:colcon.colcon_core.shell:Creating environment descriptor '/home/matthewbanks/turtlebot3_ws/install/turtlebot3_gazebo/share/turtlebot3_gazebo/hook/cmake_prefix_path.dsv'
[2.090s] INFO:colcon.colcon_core.shell:Creating environment hook '/home/matthewbanks/turtlebot3_ws/install/turtlebot3_gazebo/share/turtlebot3_gazebo/hook/cmake_prefix_path.sh'
[2.091s] DEBUG:colcon.colcon_core.event_handler.log_command:Invoked command in '/home/matthewbanks/turtlebot3_ws/build/turtlebot3_gazebo' returned '0': CMAKE_PREFIX_PATH=${CMAKE_PREFIX_PATH}:/home/matthewbanks/turtlebot3_ws/install/gesture_cont:/opt/ros/humble /usr/bin/cmake --install /home/matthewbanks/turtlebot3_ws/build/turtlebot3_gazebo
[2.092s] Level 1:colcon.colcon_core.environment:checking '/home/matthewbanks/turtlebot3_ws/install/turtlebot3_gazebo/lib'
[2.093s] Level 1:colcon.colcon_core.environment:checking '/home/matthewbanks/turtlebot3_ws/install/turtlebot3_gazebo/bin'
[2.093s] Level 1:colcon.colcon_core.environment:checking '/home/matthewbanks/turtlebot3_ws/install/turtlebot3_gazebo/lib/pkgconfig/turtlebot3_gazebo.pc'
[2.093s] Level 1:colcon.colcon_core.environment:checking '/home/matthewbanks/turtlebot3_ws/install/turtlebot3_gazebo/lib/python3.10/site-packages'
[2.093s] Level 1:colcon.colcon_core.environment:checking '/home/matthewbanks/turtlebot3_ws/install/turtlebot3_gazebo/bin'
[2.095s] INFO:colcon.colcon_core.shell:Creating package script '/home/matthewbanks/turtlebot3_ws/install/turtlebot3_gazebo/share/turtlebot3_gazebo/package.ps1'
[2.096s] INFO:colcon.colcon_core.shell:Creating package descriptor '/home/matthewbanks/turtlebot3_ws/install/turtlebot3_gazebo/share/turtlebot3_gazebo/package.dsv'
[2.097s] INFO:colcon.colcon_core.shell:Creating package script '/home/matthewbanks/turtlebot3_ws/install/turtlebot3_gazebo/share/turtlebot3_gazebo/package.sh'
[2.098s] INFO:colcon.colcon_core.shell:Creating package script '/home/matthewbanks/turtlebot3_ws/install/turtlebot3_gazebo/share/turtlebot3_gazebo/package.bash'
[2.098s] INFO:colcon.colcon_core.shell:Creating package script '/home/matthewbanks/turtlebot3_ws/install/turtlebot3_gazebo/share/turtlebot3_gazebo/package.zsh'
[2.107s] Level 1:colcon.colcon_core.environment:create_file_with_runtime_dependencies(/home/matthewbanks/turtlebot3_ws/install/turtlebot3_gazebo/share/colcon-core/packages/turtlebot3_gazebo)
[2.148s] Level 1:colcon.colcon_core.environment:create_environment_scripts_only(turtlebot3_fake_node)
[2.151s] Level 1:colcon.colcon_core.environment:checking '/home/matthewbanks/turtlebot3_ws/install/turtlebot3_fake_node' for CMake module files
[2.152s] Level 1:colcon.colcon_core.environment:checking '/home/matthewbanks/turtlebot3_ws/install/turtlebot3_fake_node' for CMake config files
[2.152s] Level 1:colcon.colcon_core.shell:create_environment_hook('turtlebot3_fake_node', 'cmake_prefix_path')
[2.154s] INFO:colcon.colcon_core.shell:Creating environment hook '/home/matthewbanks/turtlebot3_ws/install/turtlebot3_fake_node/share/turtlebot3_fake_node/hook/cmake_prefix_path.ps1'
[2.155s] INFO:colcon.colcon_core.shell:Creating environment descriptor '/home/matthewbanks/turtlebot3_ws/install/turtlebot3_fake_node/share/turtlebot3_fake_node/hook/cmake_prefix_path.dsv'
[2.155s] INFO:colcon.colcon_core.shell:Creating environment hook '/home/matthewbanks/turtlebot3_ws/install/turtlebot3_fake_node/share/turtlebot3_fake_node/hook/cmake_prefix_path.sh'
[2.162s] Level 1:colcon.colcon_core.environment:checking '/home/matthewbanks/turtlebot3_ws/install/turtlebot3_fake_node/lib'
[2.162s] Level 1:colcon.colcon_core.environment:checking '/home/matthewbanks/turtlebot3_ws/install/turtlebot3_fake_node/bin'
[2.162s] Level 1:colcon.colcon_core.environment:checking '/home/matthewbanks/turtlebot3_ws/install/turtlebot3_fake_node/lib/pkgconfig/turtlebot3_fake_node.pc'
[2.163s] Level 1:colcon.colcon_core.environment:checking '/home/matthewbanks/turtlebot3_ws/install/turtlebot3_fake_node/lib/python3.10/site-packages'
[2.163s] Level 1:colcon.colcon_core.environment:checking '/home/matthewbanks/turtlebot3_ws/install/turtlebot3_fake_node/bin'
[2.165s] INFO:colcon.colcon_core.shell:Creating package script '/home/matthewbanks/turtlebot3_ws/install/turtlebot3_fake_node/share/turtlebot3_fake_node/package.ps1'
[2.167s] INFO:colcon.colcon_core.shell:Creating package descriptor '/home/matthewbanks/turtlebot3_ws/install/turtlebot3_fake_node/share/turtlebot3_fake_node/package.dsv'
[2.169s] INFO:colcon.colcon_core.shell:Creating package script '/home/matthewbanks/turtlebot3_ws/install/turtlebot3_fake_node/share/turtlebot3_fake_node/package.sh'
[2.170s] INFO:colcon.colcon_core.shell:Creating package script '/home/matthewbanks/turtlebot3_ws/install/turtlebot3_fake_node/share/turtlebot3_fake_node/package.bash'
[2.171s] INFO:colcon.colcon_core.shell:Creating package script '/home/matthewbanks/turtlebot3_ws/install/turtlebot3_fake_node/share/turtlebot3_fake_node/package.zsh'
[2.171s] Level 1:colcon.colcon_core.environment:create_file_with_runtime_dependencies(/home/matthewbanks/turtlebot3_ws/install/turtlebot3_fake_node/share/colcon-core/packages/turtlebot3_fake_node)
[2.345s] Level 1:colcon.colcon_core.environment:create_environment_scripts_only(turtlebot3_gazebo)
[2.348s] Level 1:colcon.colcon_core.environment:checking '/home/matthewbanks/turtlebot3_ws/install/turtlebot3_gazebo' for CMake module files
[2.349s] Level 1:colcon.colcon_core.environment:checking '/home/matthewbanks/turtlebot3_ws/install/turtlebot3_gazebo' for CMake config files
[2.349s] Level 1:colcon.colcon_core.shell:create_environment_hook('turtlebot3_gazebo', 'cmake_prefix_path')
[2.352s] INFO:colcon.colcon_core.shell:Creating environment hook '/home/matthewbanks/turtlebot3_ws/install/turtlebot3_gazebo/share/turtlebot3_gazebo/hook/cmake_prefix_path.ps1'
[2.353s] INFO:colcon.colcon_core.shell:Creating environment descriptor '/home/matthewbanks/turtlebot3_ws/install/turtlebot3_gazebo/share/turtlebot3_gazebo/hook/cmake_prefix_path.dsv'
[2.361s] INFO:colcon.colcon_core.shell:Creating environment hook '/home/matthewbanks/turtlebot3_ws/install/turtlebot3_gazebo/share/turtlebot3_gazebo/hook/cmake_prefix_path.sh'
[2.362s] Level 1:colcon.colcon_core.environment:checking '/home/matthewbanks/turtlebot3_ws/install/turtlebot3_gazebo/lib'
[2.362s] Level 1:colcon.colcon_core.environment:checking '/home/matthewbanks/turtlebot3_ws/install/turtlebot3_gazebo/bin'
[2.362s] Level 1:colcon.colcon_core.environment:checking '/home/matthewbanks/turtlebot3_ws/install/turtlebot3_gazebo/lib/pkgconfig/turtlebot3_gazebo.pc'
[2.363s] Level 1:colcon.colcon_core.environment:checking '/home/matthewbanks/turtlebot3_ws/install/turtlebot3_gazebo/lib/python3.10/site-packages'
[2.363s] Level 1:colcon.colcon_core.environment:checking '/home/matthewbanks/turtlebot3_ws/install/turtlebot3_gazebo/bin'
[2.366s] INFO:colcon.colcon_core.shell:Creating package script '/home/matthewbanks/turtlebot3_ws/install/turtlebot3_gazebo/share/turtlebot3_gazebo/package.ps1'
[2.367s] INFO:colcon.colcon_core.shell:Creating package descriptor '/home/matthewbanks/turtlebot3_ws/install/turtlebot3_gazebo/share/turtlebot3_gazebo/package.dsv'
[2.367s] INFO:colcon.colcon_core.shell:Creating package script '/home/matthewbanks/turtlebot3_ws/install/turtlebot3_gazebo/share/turtlebot3_gazebo/package.sh'
[2.368s] INFO:colcon.colcon_core.shell:Creating package script '/home/matthewbanks/turtlebot3_ws/install/turtlebot3_gazebo/share/turtlebot3_gazebo/package.bash'
[2.368s] INFO:colcon.colcon_core.shell:Creating package script '/home/matthewbanks/turtlebot3_ws/install/turtlebot3_gazebo/share/turtlebot3_gazebo/package.zsh'
[2.369s] Level 1:colcon.colcon_core.environment:create_file_with_runtime_dependencies(/home/matthewbanks/turtlebot3_ws/install/turtlebot3_gazebo/share/colcon-core/packages/turtlebot3_gazebo)
[2.374s] INFO:colcon.colcon_ros.task.ament_cmake.build:Building ROS package in '/home/matthewbanks/turtlebot3_ws/src/turtlebot3_simulations/turtlebot3_simulations' with build type 'ament_cmake'
[2.380s] INFO:colcon.colcon_cmake.task.cmake.build:Building CMake package in '/home/matthewbanks/turtlebot3_ws/src/turtlebot3_simulations/turtlebot3_simulations'
[2.382s] INFO:colcon.colcon_core.shell:Skip shell extension 'powershell' for command environment: Not usable outside of PowerShell
[2.382s] DEBUG:colcon.colcon_core.shell:Skip shell extension 'dsv' for command environment
[2.442s] DEBUG:colcon.colcon_core.event_handler.log_command:Invoking command in '/home/matthewbanks/turtlebot3_ws/build/turtlebot3_simulations': CMAKE_PREFIX_PATH=/home/matthewbanks/turtlebot3_ws/install/turtlebot3_gazebo:/home/matthewbanks/turtlebot3_ws/install/turtlebot3_fake_node:/home/matthewbanks/turtlebot3_ws/install/turtlebot3_simulations:/home/matthewbanks/turtlebot3_ws/install/gesture_cont:/opt/ros/humble /usr/bin/cmake --build /home/matthewbanks/turtlebot3_ws/build/turtlebot3_simulations -- -j4 -l4
[2.568s] DEBUG:colcon.colcon_core.event_handler.log_command:Invoked command in '/home/matthewbanks/turtlebot3_ws/build/turtlebot3_simulations' returned '0': CMAKE_PREFIX_PATH=/home/matthewbanks/turtlebot3_ws/install/turtlebot3_gazebo:/home/matthewbanks/turtlebot3_ws/install/turtlebot3_fake_node:/home/matthewbanks/turtlebot3_ws/install/turtlebot3_simulations:/home/matthewbanks/turtlebot3_ws/install/gesture_cont:/opt/ros/humble /usr/bin/cmake --build /home/matthewbanks/turtlebot3_ws/build/turtlebot3_simulations -- -j4 -l4
[2.605s] DEBUG:colcon.colcon_core.event_handler.log_command:Invoking command in '/home/matthewbanks/turtlebot3_ws/build/turtlebot3_simulations': CMAKE_PREFIX_PATH=/home/matthewbanks/turtlebot3_ws/install/turtlebot3_gazebo:/home/matthewbanks/turtlebot3_ws/install/turtlebot3_fake_node:/home/matthewbanks/turtlebot3_ws/install/turtlebot3_simulations:/home/matthewbanks/turtlebot3_ws/install/gesture_cont:/opt/ros/humble /usr/bin/cmake --install /home/matthewbanks/turtlebot3_ws/build/turtlebot3_simulations
[2.627s] Level 1:colcon.colcon_core.environment:create_environment_scripts_only(turtlebot3_simulations)
[2.630s] Level 1:colcon.colcon_core.environment:checking '/home/matthewbanks/turtlebot3_ws/install/turtlebot3_simulations' for CMake module files
[2.631s] DEBUG:colcon.colcon_core.event_handler.log_command:Invoked command in '/home/matthewbanks/turtlebot3_ws/build/turtlebot3_simulations' returned '0': CMAKE_PREFIX_PATH=/home/matthewbanks/turtlebot3_ws/install/turtlebot3_gazebo:/home/matthewbanks/turtlebot3_ws/install/turtlebot3_fake_node:/home/matthewbanks/turtlebot3_ws/install/turtlebot3_simulations:/home/matthewbanks/turtlebot3_ws/install/gesture_cont:/opt/ros/humble /usr/bin/cmake --install /home/matthewbanks/turtlebot3_ws/build/turtlebot3_simulations
[2.632s] Level 1:colcon.colcon_core.environment:checking '/home/matthewbanks/turtlebot3_ws/install/turtlebot3_simulations' for CMake config files
[2.632s] Level 1:colcon.colcon_core.shell:create_environment_hook('turtlebot3_simulations', 'cmake_prefix_path')
[2.634s] INFO:colcon.colcon_core.shell:Creating environment hook '/home/matthewbanks/turtlebot3_ws/install/turtlebot3_simulations/share/turtlebot3_simulations/hook/cmake_prefix_path.ps1'
[2.635s] INFO:colcon.colcon_core.shell:Creating environment descriptor '/home/matthewbanks/turtlebot3_ws/install/turtlebot3_simulations/share/turtlebot3_simulations/hook/cmake_prefix_path.dsv'
[2.636s] INFO:colcon.colcon_core.shell:Creating environment hook '/home/matthewbanks/turtlebot3_ws/install/turtlebot3_simulations/share/turtlebot3_simulations/hook/cmake_prefix_path.sh'
[2.637s] Level 1:colcon.colcon_core.environment:checking '/home/matthewbanks/turtlebot3_ws/install/turtlebot3_simulations/bin'
[2.637s] Level 1:colcon.colcon_core.environment:checking '/home/matthewbanks/turtlebot3_ws/install/turtlebot3_simulations/lib/pkgconfig/turtlebot3_simulations.pc'
[2.638s] Level 1:colcon.colcon_core.environment:checking '/home/matthewbanks/turtlebot3_ws/install/turtlebot3_simulations/lib/python3.10/site-packages'
[2.638s] Level 1:colcon.colcon_core.environment:checking '/home/matthewbanks/turtlebot3_ws/install/turtlebot3_simulations/bin'
[2.640s] INFO:colcon.colcon_core.shell:Creating package script '/home/matthewbanks/turtlebot3_ws/install/turtlebot3_simulations/share/turtlebot3_simulations/package.ps1'
[2.641s] INFO:colcon.colcon_core.shell:Creating package descriptor '/home/matthewbanks/turtlebot3_ws/install/turtlebot3_simulations/share/turtlebot3_simulations/package.dsv'
[2.652s] INFO:colcon.colcon_core.shell:Creating package script '/home/matthewbanks/turtlebot3_ws/install/turtlebot3_simulations/share/turtlebot3_simulations/package.sh'
[2.652s] INFO:colcon.colcon_core.shell:Creating package script '/home/matthewbanks/turtlebot3_ws/install/turtlebot3_simulations/share/turtlebot3_simulations/package.bash'
[2.653s] INFO:colcon.colcon_core.shell:Creating package script '/home/matthewbanks/turtlebot3_ws/install/turtlebot3_simulations/share/turtlebot3_simulations/package.zsh'
[2.654s] Level 1:colcon.colcon_core.environment:create_file_with_runtime_dependencies(/home/matthewbanks/turtlebot3_ws/install/turtlebot3_simulations/share/colcon-core/packages/turtlebot3_simulations)
[2.793s] Level 1:colcon.colcon_core.environment:create_environment_scripts_only(turtlebot3_simulations)
[2.796s] Level 1:colcon.colcon_core.environment:checking '/home/matthewbanks/turtlebot3_ws/install/turtlebot3_simulations' for CMake module files
[2.797s] Level 1:colcon.colcon_core.environment:checking '/home/matthewbanks/turtlebot3_ws/install/turtlebot3_simulations' for CMake config files
[2.797s] Level 1:colcon.colcon_core.shell:create_environment_hook('turtlebot3_simulations', 'cmake_prefix_path')
[2.800s] INFO:colcon.colcon_core.shell:Creating environment hook '/home/matthewbanks/turtlebot3_ws/install/turtlebot3_simulations/share/turtlebot3_simulations/hook/cmake_prefix_path.ps1'
[2.800s] INFO:colcon.colcon_core.shell:Creating environment descriptor '/home/matthewbanks/turtlebot3_ws/install/turtlebot3_simulations/share/turtlebot3_simulations/hook/cmake_prefix_path.dsv'
[2.806s] INFO:colcon.colcon_core.shell:Creating environment hook '/home/matthewbanks/turtlebot3_ws/install/turtlebot3_simulations/share/turtlebot3_simulations/hook/cmake_prefix_path.sh'
[2.807s] Level 1:colcon.colcon_core.environment:checking '/home/matthewbanks/turtlebot3_ws/install/turtlebot3_simulations/bin'
[2.807s] Level 1:colcon.colcon_core.environment:checking '/home/matthewbanks/turtlebot3_ws/install/turtlebot3_simulations/lib/pkgconfig/turtlebot3_simulations.pc'
[2.807s] Level 1:colcon.colcon_core.environment:checking '/home/matthewbanks/turtlebot3_ws/install/turtlebot3_simulations/lib/python3.10/site-packages'
[2.807s] Level 1:colcon.colcon_core.environment:checking '/home/matthewbanks/turtlebot3_ws/install/turtlebot3_simulations/bin'
[2.809s] INFO:colcon.colcon_core.shell:Creating package script '/home/matthewbanks/turtlebot3_ws/install/turtlebot3_simulations/share/turtlebot3_simulations/package.ps1'
[2.812s] INFO:colcon.colcon_core.shell:Creating package descriptor '/home/matthewbanks/turtlebot3_ws/install/turtlebot3_simulations/share/turtlebot3_simulations/package.dsv'
[2.814s] INFO:colcon.colcon_core.shell:Creating package script '/home/matthewbanks/turtlebot3_ws/install/turtlebot3_simulations/share/turtlebot3_simulations/package.sh'
[2.814s] INFO:colcon.colcon_core.shell:Creating package script '/home/matthewbanks/turtlebot3_ws/install/turtlebot3_simulations/share/turtlebot3_simulations/package.bash'
[2.815s] INFO:colcon.colcon_core.shell:Creating package script '/home/matthewbanks/turtlebot3_ws/install/turtlebot3_simulations/share/turtlebot3_simulations/package.zsh'
[2.816s] Level 1:colcon.colcon_core.environment:create_file_with_runtime_dependencies(/home/matthewbanks/turtlebot3_ws/install/turtlebot3_simulations/share/colcon-core/packages/turtlebot3_simulations)
[2.967s] DEBUG:colcon.colcon_core.event_handler.log_command:Invoking command in '/home/matthewbanks/turtlebot3_ws/src/gesture_cont': PYTHONPATH=/home/matthewbanks/turtlebot3_ws/build/gesture_cont/prefix_override:/home/matthewbanks/turtlebot3_ws/install/gesture_cont/lib/python3.10/site-packages:${PYTHONPATH} /usr/bin/python3 setup.py egg_info --egg-base ../../build/gesture_cont build --build-base /home/matthewbanks/turtlebot3_ws/build/gesture_cont/build install --record /home/matthewbanks/turtlebot3_ws/build/gesture_cont/install.log --single-version-externally-managed
[3.553s] Level 1:colcon.colcon_core.environment:checking '/home/matthewbanks/turtlebot3_ws/install/gesture_cont' for CMake module files
[3.553s] Level 1:colcon.colcon_core.environment:checking '/home/matthewbanks/turtlebot3_ws/install/gesture_cont' for CMake config files
[3.554s] Level 1:colcon.colcon_core.environment:checking '/home/matthewbanks/turtlebot3_ws/install/gesture_cont/lib'
[3.554s] Level 1:colcon.colcon_core.environment:checking '/home/matthewbanks/turtlebot3_ws/install/gesture_cont/bin'
[3.556s] Level 1:colcon.colcon_core.environment:checking '/home/matthewbanks/turtlebot3_ws/install/gesture_cont/lib/pkgconfig/gesture_cont.pc'
[3.556s] DEBUG:colcon.colcon_core.event_handler.log_command:Invoked command in '/home/matthewbanks/turtlebot3_ws/src/gesture_cont' returned '0': PYTHONPATH=/home/matthewbanks/turtlebot3_ws/build/gesture_cont/prefix_override:/home/matthewbanks/turtlebot3_ws/install/gesture_cont/lib/python3.10/site-packages:${PYTHONPATH} /usr/bin/python3 setup.py egg_info --egg-base ../../build/gesture_cont build --build-base /home/matthewbanks/turtlebot3_ws/build/gesture_cont/build install --record /home/matthewbanks/turtlebot3_ws/build/gesture_cont/install.log --single-version-externally-managed
[3.557s] Level 1:colcon.colcon_core.environment:checking '/home/matthewbanks/turtlebot3_ws/install/gesture_cont/lib/python3.10/site-packages'
[3.557s] Level 1:colcon.colcon_core.shell:create_environment_hook('gesture_cont', 'pythonpath')
[3.564s] INFO:colcon.colcon_core.shell:Creating environment hook '/home/matthewbanks/turtlebot3_ws/install/gesture_cont/share/gesture_cont/hook/pythonpath.ps1'
[3.565s] INFO:colcon.colcon_core.shell:Creating environment descriptor '/home/matthewbanks/turtlebot3_ws/install/gesture_cont/share/gesture_cont/hook/pythonpath.dsv'
[3.566s] INFO:colcon.colcon_core.shell:Creating environment hook '/home/matthewbanks/turtlebot3_ws/install/gesture_cont/share/gesture_cont/hook/pythonpath.sh'
[3.567s] Level 1:colcon.colcon_core.environment:checking '/home/matthewbanks/turtlebot3_ws/install/gesture_cont/bin'
[3.567s] Level 1:colcon.colcon_core.environment:create_environment_scripts_only(gesture_cont)
[3.571s] INFO:colcon.colcon_core.shell:Creating package script '/home/matthewbanks/turtlebot3_ws/install/gesture_cont/share/gesture_cont/package.ps1'
[3.572s] INFO:colcon.colcon_core.shell:Creating package descriptor '/home/matthewbanks/turtlebot3_ws/install/gesture_cont/share/gesture_cont/package.dsv'
[3.573s] INFO:colcon.colcon_core.shell:Creating package script '/home/matthewbanks/turtlebot3_ws/install/gesture_cont/share/gesture_cont/package.sh'
[3.574s] INFO:colcon.colcon_core.shell:Creating package script '/home/matthewbanks/turtlebot3_ws/install/gesture_cont/share/gesture_cont/package.bash'
[3.574s] INFO:colcon.colcon_core.shell:Creating package script '/home/matthewbanks/turtlebot3_ws/install/gesture_cont/share/gesture_cont/package.zsh'
[3.574s] Level 1:colcon.colcon_core.environment:create_file_with_runtime_dependencies(/home/matthewbanks/turtlebot3_ws/install/gesture_cont/share/colcon-core/packages/gesture_cont)
[3.576s] DEBUG:colcon.colcon_parallel_executor.executor.parallel:closing loop
[3.577s] DEBUG:colcon.colcon_parallel_executor.executor.parallel:loop closed
[3.577s] DEBUG:colcon.colcon_parallel_executor.executor.parallel:run_until_complete finished with '0'
[3.577s] DEBUG:colcon.colcon_core.event_reactor:joining thread
[3.597s] INFO:colcon.colcon_core.plugin_system:Skipping extension 'colcon_notification.desktop_notification.terminal_notifier': Not used on non-Darwin systems
[3.597s] INFO:colcon.colcon_core.plugin_system:Skipping extension 'colcon_notification.desktop_notification.win32': Not used on non-Windows systems
[3.597s] INFO:colcon.colcon_notification.desktop_notification:Sending desktop notification using 'notify2'
[3.620s] DEBUG:colcon.colcon_core.event_reactor:joined thread
[3.623s] INFO:colcon.colcon_core.shell:Creating prefix script '/home/matthewbanks/turtlebot3_ws/install/local_setup.ps1'
[3.624s] INFO:colcon.colcon_core.shell:Creating prefix util module '/home/matthewbanks/turtlebot3_ws/install/_local_setup_util_ps1.py'
[3.629s] INFO:colcon.colcon_core.shell:Creating prefix chain script '/home/matthewbanks/turtlebot3_ws/install/setup.ps1'
[3.632s] INFO:colcon.colcon_core.shell:Creating prefix script '/home/matthewbanks/turtlebot3_ws/install/local_setup.sh'
[3.633s] INFO:colcon.colcon_core.shell:Creating prefix util module '/home/matthewbanks/turtlebot3_ws/install/_local_setup_util_sh.py'
[3.634s] INFO:colcon.colcon_core.shell:Creating prefix chain script '/home/matthewbanks/turtlebot3_ws/install/setup.sh'
[3.637s] INFO:colcon.colcon_core.shell:Creating prefix script '/home/matthewbanks/turtlebot3_ws/install/local_setup.bash'
[3.638s] INFO:colcon.colcon_core.shell:Creating prefix chain script '/home/matthewbanks/turtlebot3_ws/install/setup.bash'
[3.641s] INFO:colcon.colcon_core.shell:Creating prefix script '/home/matthewbanks/turtlebot3_ws/install/local_setup.zsh'
[3.641s] INFO:colcon.colcon_core.shell:Creating prefix chain script '/home/matthewbanks/turtlebot3_ws/install/setup.zsh'
