running egg_info
creating ../../build/gesture_cont/gesture_cont.egg-info
writing ../../build/gesture_cont/gesture_cont.egg-info/PKG-INFO
writing dependency_links to ../../build/gesture_cont/gesture_cont.egg-info/dependency_links.txt
writing requirements to ../../build/gesture_cont/gesture_cont.egg-info/requires.txt
writing top-level names to ../../build/gesture_cont/gesture_cont.egg-info/top_level.txt
writing manifest file '../../build/gesture_cont/gesture_cont.egg-info/SOURCES.txt'
reading manifest file '../../build/gesture_cont/gesture_cont.egg-info/SOURCES.txt'
writing manifest file '../../build/gesture_cont/gesture_cont.egg-info/SOURCES.txt'
running build
running build_py
creating /home/matthewbanks/turtlebot3_ws/build/gesture_cont/build
creating /home/matthewbanks/turtlebot3_ws/build/gesture_cont/build/lib
creating /home/matthewbanks/turtlebot3_ws/build/gesture_cont/build/lib/gesture_cont
copying gesture_cont/__init__.py -> /home/matthewbanks/turtlebot3_ws/build/gesture_cont/build/lib/gesture_cont
copying gesture_cont/gesture_control.py -> /home/matthewbanks/turtlebot3_ws/build/gesture_cont/build/lib/gesture_cont
running install
running install_lib
creating /home/matthewbanks/turtlebot3_ws/install/gesture_cont/lib/python3.10/site-packages/gesture_cont
copying /home/matthewbanks/turtlebot3_ws/build/gesture_cont/build/lib/gesture_cont/__init__.py -> /home/matthewbanks/turtlebot3_ws/install/gesture_cont/lib/python3.10/site-packages/gesture_cont
copying /home/matthewbanks/turtlebot3_ws/build/gesture_cont/build/lib/gesture_cont/gesture_control.py -> /home/matthewbanks/turtlebot3_ws/install/gesture_cont/lib/python3.10/site-packages/gesture_cont
byte-compiling /home/matthewbanks/turtlebot3_ws/install/gesture_cont/lib/python3.10/site-packages/gesture_cont/__init__.py to __init__.cpython-310.pyc
byte-compiling /home/matthewbanks/turtlebot3_ws/install/gesture_cont/lib/python3.10/site-packages/gesture_cont/gesture_control.py to gesture_control.cpython-310.pyc
running install_data
creating /home/matthewbanks/turtlebot3_ws/install/gesture_cont/share/ament_index
creating /home/matthewbanks/turtlebot3_ws/install/gesture_cont/share/ament_index/resource_index
creating /home/matthewbanks/turtlebot3_ws/install/gesture_cont/share/ament_index/resource_index/packages
copying resource/gesture_cont -> /home/matthewbanks/turtlebot3_ws/install/gesture_cont/share/ament_index/resource_index/packages
copying package.xml -> /home/matthewbanks/turtlebot3_ws/install/gesture_cont/share/gesture_cont
running install_egg_info
Copying ../../build/gesture_cont/gesture_cont.egg-info to /home/matthewbanks/turtlebot3_ws/install/gesture_cont/lib/python3.10/site-packages/gesture_cont-0.0.0-py3.10.egg-info
running install_scripts
writing list of installed files to '/home/matthewbanks/turtlebot3_ws/build/gesture_cont/install.log'
