[1.016s] Invoking command in '/home/matthewbanks/turtlebot3_ws/src/gesture_cont': PYTHONPATH=/home/matthewbanks/turtlebot3_ws/build/gesture_cont/prefix_override:/home/matthewbanks/turtlebot3_ws/install/gesture_cont/lib/python3.10/site-packages:${PYTHONPATH} /usr/bin/python3 setup.py egg_info --egg-base ../../build/gesture_cont build --build-base /home/matthewbanks/turtlebot3_ws/build/gesture_cont/build install --record /home/matthewbanks/turtlebot3_ws/build/gesture_cont/install.log --single-version-externally-managed
[1.249s] running egg_info
[1.250s] creating ../../build/gesture_cont/gesture_cont.egg-info
[1.265s] writing ../../build/gesture_cont/gesture_cont.egg-info/PKG-INFO
[1.266s] writing dependency_links to ../../build/gesture_cont/gesture_cont.egg-info/dependency_links.txt
[1.266s] writing requirements to ../../build/gesture_cont/gesture_cont.egg-info/requires.txt
[1.266s] writing top-level names to ../../build/gesture_cont/gesture_cont.egg-info/top_level.txt
[1.266s] writing manifest file '../../build/gesture_cont/gesture_cont.egg-info/SOURCES.txt'
[1.297s] reading manifest file '../../build/gesture_cont/gesture_cont.egg-info/SOURCES.txt'
[1.298s] writing manifest file '../../build/gesture_cont/gesture_cont.egg-info/SOURCES.txt'
[1.298s] running build
[1.299s] running build_py
[1.299s] creating /home/matthewbanks/turtlebot3_ws/build/gesture_cont/build
[1.299s] creating /home/matthewbanks/turtlebot3_ws/build/gesture_cont/build/lib
[1.299s] creating /home/matthewbanks/turtlebot3_ws/build/gesture_cont/build/lib/gesture_cont
[1.299s] copying gesture_cont/__init__.py -> /home/matthewbanks/turtlebot3_ws/build/gesture_cont/build/lib/gesture_cont
[1.299s] copying gesture_cont/gesture_control.py -> /home/matthewbanks/turtlebot3_ws/build/gesture_cont/build/lib/gesture_cont
[1.299s] running install
[1.300s] /home/matthewbanks/.local/lib/python3.10/site-packages/setuptools/_distutils/cmd.py:66: SetuptoolsDeprecationWarning: setup.py install is deprecated.
[1.300s] !!
[1.300s] 
[1.300s]         ********************************************************************************
[1.300s]         Please avoid running ``setup.py`` directly.
[1.300s]         Instead, use pypa/build, pypa/installer or other
[1.300s]         standards-based tools.
[1.300s] 
[1.300s]         See https://blog.ganssle.io/articles/2021/10/setup-py-deprecated.html for details.
[1.300s]         ********************************************************************************
[1.300s] 
[1.300s] !!
[1.300s]   self.initialize_options()
[1.307s] running install_lib
[1.323s] creating /home/matthewbanks/turtlebot3_ws/install/gesture_cont/lib/python3.10/site-packages/gesture_cont
[1.323s] copying /home/matthewbanks/turtlebot3_ws/build/gesture_cont/build/lib/gesture_cont/__init__.py -> /home/matthewbanks/turtlebot3_ws/install/gesture_cont/lib/python3.10/site-packages/gesture_cont
[1.323s] copying /home/matthewbanks/turtlebot3_ws/build/gesture_cont/build/lib/gesture_cont/gesture_control.py -> /home/matthewbanks/turtlebot3_ws/install/gesture_cont/lib/python3.10/site-packages/gesture_cont
[1.324s] byte-compiling /home/matthewbanks/turtlebot3_ws/install/gesture_cont/lib/python3.10/site-packages/gesture_cont/__init__.py to __init__.cpython-310.pyc
[1.324s] byte-compiling /home/matthewbanks/turtlebot3_ws/install/gesture_cont/lib/python3.10/site-packages/gesture_cont/gesture_control.py to gesture_control.cpython-310.pyc
[1.326s] running install_data
[1.342s] creating /home/matthewbanks/turtlebot3_ws/install/gesture_cont/share/ament_index
[1.342s] creating /home/matthewbanks/turtlebot3_ws/install/gesture_cont/share/ament_index/resource_index
[1.342s] creating /home/matthewbanks/turtlebot3_ws/install/gesture_cont/share/ament_index/resource_index/packages
[1.343s] copying resource/gesture_cont -> /home/matthewbanks/turtlebot3_ws/install/gesture_cont/share/ament_index/resource_index/packages
[1.343s] copying package.xml -> /home/matthewbanks/turtlebot3_ws/install/gesture_cont/share/gesture_cont
[1.343s] running install_egg_info
[1.359s] Copying ../../build/gesture_cont/gesture_cont.egg-info to /home/matthewbanks/turtlebot3_ws/install/gesture_cont/lib/python3.10/site-packages/gesture_cont-0.0.0-py3.10.egg-info
[1.359s] running install_scripts
[1.504s] writing list of installed files to '/home/matthewbanks/turtlebot3_ws/build/gesture_cont/install.log'
[1.539s] Invoked command in '/home/matthewbanks/turtlebot3_ws/src/gesture_cont' returned '0': PYTHONPATH=/home/matthewbanks/turtlebot3_ws/build/gesture_cont/prefix_override:/home/matthewbanks/turtlebot3_ws/install/gesture_cont/lib/python3.10/site-packages:${PYTHONPATH} /usr/bin/python3 setup.py egg_info --egg-base ../../build/gesture_cont build --build-base /home/matthewbanks/turtlebot3_ws/build/gesture_cont/build install --record /home/matthewbanks/turtlebot3_ws/build/gesture_cont/install.log --single-version-externally-managed
