[1.652s] Invoking command in '/home/matthewbanks/turtlebot3_ws/src/gesture_cont': PYTHONPATH=/home/matthewbanks/turtlebot3_ws/build/gesture_cont/prefix_override:/home/matthewbanks/turtlebot3_ws/install/gesture_cont/lib/python3.10/site-packages:${PYTHONPATH} /usr/bin/python3 setup.py egg_info --egg-base ../../build/gesture_cont build --build-base /home/matthewbanks/turtlebot3_ws/build/gesture_cont/build install --record /home/matthewbanks/turtlebot3_ws/build/gesture_cont/install.log --single-version-externally-managed
[2.026s] running egg_info
[2.027s] writing ../../build/gesture_cont/gesture_cont.egg-info/PKG-INFO
[2.027s] writing dependency_links to ../../build/gesture_cont/gesture_cont.egg-info/dependency_links.txt
[2.028s] writing entry points to ../../build/gesture_cont/gesture_cont.egg-info/entry_points.txt
[2.028s] writing requirements to ../../build/gesture_cont/gesture_cont.egg-info/requires.txt
[2.028s] writing top-level names to ../../build/gesture_cont/gesture_cont.egg-info/top_level.txt
[2.031s] reading manifest file '../../build/gesture_cont/gesture_cont.egg-info/SOURCES.txt'
[2.032s] writing manifest file '../../build/gesture_cont/gesture_cont.egg-info/SOURCES.txt'
[2.032s] running build
[2.032s] running build_py
[2.032s] copying gesture_cont/gesture_control.py -> /home/matthewbanks/turtlebot3_ws/build/gesture_cont/build/lib/gesture_cont
[2.033s] running install
[2.033s] running install_lib
[2.034s] copying /home/matthewbanks/turtlebot3_ws/build/gesture_cont/build/lib/gesture_cont/gesture_control.py -> /home/matthewbanks/turtlebot3_ws/install/gesture_cont/lib/python3.10/site-packages/gesture_cont
[2.035s] byte-compiling /home/matthewbanks/turtlebot3_ws/install/gesture_cont/lib/python3.10/site-packages/gesture_cont/gesture_control.py to gesture_control.cpython-310.pyc
[2.037s] running install_data
[2.038s] running install_egg_info
[2.040s] removing '/home/matthewbanks/turtlebot3_ws/install/gesture_cont/lib/python3.10/site-packages/gesture_cont-0.0.0-py3.10.egg-info' (and everything under it)
[2.041s] Copying ../../build/gesture_cont/gesture_cont.egg-info to /home/matthewbanks/turtlebot3_ws/install/gesture_cont/lib/python3.10/site-packages/gesture_cont-0.0.0-py3.10.egg-info
[2.042s] running install_scripts
[2.067s] Installing gest_node script to /home/matthewbanks/turtlebot3_ws/install/gesture_cont/lib/gesture_cont
[2.068s] writing list of installed files to '/home/matthewbanks/turtlebot3_ws/build/gesture_cont/install.log'
[2.165s] Invoked command in '/home/matthewbanks/turtlebot3_ws/src/gesture_cont' returned '0': PYTHONPATH=/home/matthewbanks/turtlebot3_ws/build/gesture_cont/prefix_override:/home/matthewbanks/turtlebot3_ws/install/gesture_cont/lib/python3.10/site-packages:${PYTHONPATH} /usr/bin/python3 setup.py egg_info --egg-base ../../build/gesture_cont build --build-base /home/matthewbanks/turtlebot3_ws/build/gesture_cont/build install --record /home/matthewbanks/turtlebot3_ws/build/gesture_cont/install.log --single-version-externally-managed
