[1.860s] Invoking command in '/home/matthewbanks/turtlebot3_ws/src/gesture_cont': PYTHONPATH=/home/matthewbanks/turtlebot3_ws/build/gesture_cont/prefix_override:/home/matthewbanks/turtlebot3_ws/install/gesture_cont/lib/python3.10/site-packages:${PYTHONPATH} /usr/bin/python3 setup.py egg_info --egg-base ../../build/gesture_cont build --build-base /home/matthewbanks/turtlebot3_ws/build/gesture_cont/build install --record /home/matthewbanks/turtlebot3_ws/build/gesture_cont/install.log --single-version-externally-managed
[2.243s] running egg_info
[2.244s] writing ../../build/gesture_cont/gesture_cont.egg-info/PKG-INFO
[2.247s] writing dependency_links to ../../build/gesture_cont/gesture_cont.egg-info/dependency_links.txt
[2.247s] writing entry points to ../../build/gesture_cont/gesture_cont.egg-info/entry_points.txt
[2.247s] writing requirements to ../../build/gesture_cont/gesture_cont.egg-info/requires.txt
[2.247s] writing top-level names to ../../build/gesture_cont/gesture_cont.egg-info/top_level.txt
[2.251s] reading manifest file '../../build/gesture_cont/gesture_cont.egg-info/SOURCES.txt'
[2.252s] writing manifest file '../../build/gesture_cont/gesture_cont.egg-info/SOURCES.txt'
[2.253s] running build
[2.253s] running build_py
[2.253s] copying gesture_cont/gesture_control.py -> /home/matthewbanks/turtlebot3_ws/build/gesture_cont/build/lib/gesture_cont
[2.254s] running install
[2.254s] running install_lib
[2.256s] copying /home/matthewbanks/turtlebot3_ws/build/gesture_cont/build/lib/gesture_cont/gesture_control.py -> /home/matthewbanks/turtlebot3_ws/install/gesture_cont/lib/python3.10/site-packages/gesture_cont
[2.258s] byte-compiling /home/matthewbanks/turtlebot3_ws/install/gesture_cont/lib/python3.10/site-packages/gesture_cont/gesture_control.py to gesture_control.cpython-310.pyc
[2.259s] running install_data
[2.259s] running install_egg_info
[2.261s] removing '/home/matthewbanks/turtlebot3_ws/install/gesture_cont/lib/python3.10/site-packages/gesture_cont-0.0.0-py3.10.egg-info' (and everything under it)
[2.265s] Copying ../../build/gesture_cont/gesture_cont.egg-info to /home/matthewbanks/turtlebot3_ws/install/gesture_cont/lib/python3.10/site-packages/gesture_cont-0.0.0-py3.10.egg-info
[2.265s] running install_scripts
[2.295s] Installing gest_node script to /home/matthewbanks/turtlebot3_ws/install/gesture_cont/lib/gesture_cont
[2.300s] writing list of installed files to '/home/matthewbanks/turtlebot3_ws/build/gesture_cont/install.log'
[2.402s] Invoked command in '/home/matthewbanks/turtlebot3_ws/src/gesture_cont' returned '0': PYTHONPATH=/home/matthewbanks/turtlebot3_ws/build/gesture_cont/prefix_override:/home/matthewbanks/turtlebot3_ws/install/gesture_cont/lib/python3.10/site-packages:${PYTHONPATH} /usr/bin/python3 setup.py egg_info --egg-base ../../build/gesture_cont build --build-base /home/matthewbanks/turtlebot3_ws/build/gesture_cont/build install --record /home/matthewbanks/turtlebot3_ws/build/gesture_cont/install.log --single-version-externally-managed
