[1.311s] Invoking command in '/home/matthewbanks/turtlebot3_ws/src/gesture_cont': PYTHONPATH=/home/matthewbanks/turtlebot3_ws/build/gesture_cont/prefix_override:/home/matthewbanks/turtlebot3_ws/install/gesture_cont/lib/python3.10/site-packages:${PYTHONPATH} /usr/bin/python3 setup.py egg_info --egg-base ../../build/gesture_cont build --build-base /home/matthewbanks/turtlebot3_ws/build/gesture_cont/build install --record /home/matthewbanks/turtlebot3_ws/build/gesture_cont/install.log --single-version-externally-managed
[1.644s] running egg_info
[1.645s] writing ../../build/gesture_cont/gesture_cont.egg-info/PKG-INFO
[1.645s] writing dependency_links to ../../build/gesture_cont/gesture_cont.egg-info/dependency_links.txt
[1.645s] writing entry points to ../../build/gesture_cont/gesture_cont.egg-info/entry_points.txt
[1.645s] writing requirements to ../../build/gesture_cont/gesture_cont.egg-info/requires.txt
[1.645s] writing top-level names to ../../build/gesture_cont/gesture_cont.egg-info/top_level.txt
[1.648s] reading manifest file '../../build/gesture_cont/gesture_cont.egg-info/SOURCES.txt'
[1.650s] writing manifest file '../../build/gesture_cont/gesture_cont.egg-info/SOURCES.txt'
[1.650s] running build
[1.650s] running build_py
[1.650s] copying gesture_cont/gesture_control.py -> /home/matthewbanks/turtlebot3_ws/build/gesture_cont/build/lib/gesture_cont
[1.650s] running install
[1.651s] running install_lib
[1.652s] copying /home/matthewbanks/turtlebot3_ws/build/gesture_cont/build/lib/gesture_cont/gesture_control.py -> /home/matthewbanks/turtlebot3_ws/install/gesture_cont/lib/python3.10/site-packages/gesture_cont
[1.653s] byte-compiling /home/matthewbanks/turtlebot3_ws/install/gesture_cont/lib/python3.10/site-packages/gesture_cont/gesture_control.py to gesture_control.cpython-310.pyc
[1.655s] Sorry: IndentationError: unexpected indent (gesture_control.py, line 220)
[1.655s] running install_data
[1.656s] running install_egg_info
[1.658s] removing '/home/matthewbanks/turtlebot3_ws/install/gesture_cont/lib/python3.10/site-packages/gesture_cont-0.0.0-py3.10.egg-info' (and everything under it)
[1.658s] Copying ../../build/gesture_cont/gesture_cont.egg-info to /home/matthewbanks/turtlebot3_ws/install/gesture_cont/lib/python3.10/site-packages/gesture_cont-0.0.0-py3.10.egg-info
[1.659s] running install_scripts
[1.687s] Installing gest_node script to /home/matthewbanks/turtlebot3_ws/install/gesture_cont/lib/gesture_cont
[1.687s] writing list of installed files to '/home/matthewbanks/turtlebot3_ws/build/gesture_cont/install.log'
[1.764s] Invoked command in '/home/matthewbanks/turtlebot3_ws/src/gesture_cont' returned '0': PYTHONPATH=/home/matthewbanks/turtlebot3_ws/build/gesture_cont/prefix_override:/home/matthewbanks/turtlebot3_ws/install/gesture_cont/lib/python3.10/site-packages:${PYTHONPATH} /usr/bin/python3 setup.py egg_info --egg-base ../../build/gesture_cont build --build-base /home/matthewbanks/turtlebot3_ws/build/gesture_cont/build install --record /home/matthewbanks/turtlebot3_ws/build/gesture_cont/install.log --single-version-externally-managed
