[1.139s] Invoking command in '/home/matthewbanks/turtlebot3_ws/src/gesture_cont': PYTHONPATH=/home/matthewbanks/turtlebot3_ws/src/build/gesture_cont/prefix_override:/home/matthewbanks/turtlebot3_ws/src/install/gesture_cont/lib/python3.10/site-packages:${PYTHONPATH} /usr/bin/python3 setup.py egg_info --egg-base ../build/gesture_cont build --build-base /home/matthewbanks/turtlebot3_ws/src/build/gesture_cont/build install --record /home/matthewbanks/turtlebot3_ws/src/build/gesture_cont/install.log --single-version-externally-managed
[1.486s] running egg_info
[1.487s] writing ../build/gesture_cont/gesture_cont.egg-info/PKG-INFO
[1.487s] writing dependency_links to ../build/gesture_cont/gesture_cont.egg-info/dependency_links.txt
[1.487s] writing entry points to ../build/gesture_cont/gesture_cont.egg-info/entry_points.txt
[1.487s] writing requirements to ../build/gesture_cont/gesture_cont.egg-info/requires.txt
[1.488s] writing top-level names to ../build/gesture_cont/gesture_cont.egg-info/top_level.txt
[1.490s] reading manifest file '../build/gesture_cont/gesture_cont.egg-info/SOURCES.txt'
[1.491s] writing manifest file '../build/gesture_cont/gesture_cont.egg-info/SOURCES.txt'
[1.492s] running build
[1.492s] running build_py
[1.492s] copying gesture_cont/gesture_control.py -> /home/matthewbanks/turtlebot3_ws/src/build/gesture_cont/build/lib/gesture_cont
[1.492s] running install
[1.492s] running install_lib
[1.493s] copying /home/matthewbanks/turtlebot3_ws/src/build/gesture_cont/build/lib/gesture_cont/gesture_control.py -> /home/matthewbanks/turtlebot3_ws/src/install/gesture_cont/lib/python3.10/site-packages/gesture_cont
[1.494s] byte-compiling /home/matthewbanks/turtlebot3_ws/src/install/gesture_cont/lib/python3.10/site-packages/gesture_cont/gesture_control.py to gesture_control.cpython-310.pyc
[1.496s] running install_data
[1.497s] running install_egg_info
[1.498s] removing '/home/matthewbanks/turtlebot3_ws/src/install/gesture_cont/lib/python3.10/site-packages/gesture_cont-0.0.0-py3.10.egg-info' (and everything under it)
[1.499s] Copying ../build/gesture_cont/gesture_cont.egg-info to /home/matthewbanks/turtlebot3_ws/src/install/gesture_cont/lib/python3.10/site-packages/gesture_cont-0.0.0-py3.10.egg-info
[1.499s] running install_scripts
[1.525s] Installing gest_node script to /home/matthewbanks/turtlebot3_ws/src/install/gesture_cont/lib/gesture_cont
[1.526s] writing list of installed files to '/home/matthewbanks/turtlebot3_ws/src/build/gesture_cont/install.log'
[1.586s] Invoked command in '/home/matthewbanks/turtlebot3_ws/src/gesture_cont' returned '0': PYTHONPATH=/home/matthewbanks/turtlebot3_ws/src/build/gesture_cont/prefix_override:/home/matthewbanks/turtlebot3_ws/src/install/gesture_cont/lib/python3.10/site-packages:${PYTHONPATH} /usr/bin/python3 setup.py egg_info --egg-base ../build/gesture_cont build --build-base /home/matthewbanks/turtlebot3_ws/src/build/gesture_cont/build install --record /home/matthewbanks/turtlebot3_ws/src/build/gesture_cont/install.log --single-version-externally-managed
